Jun 01 00:02:00 <admin-website.php> [error] Session ended!
Jun 01 00:02:00 <admin-website.php> [info] Loading Page...
Jun 01 00:02:00 <admin-website.php> [info] Page Loaded!
Jun 01 00:02:00 <admin-login.php> [info] Loading Page...
Jun 01 00:02:00 <admin-login.php> [info] Page Loaded!
Jun 01 00:02:02 <admin-login.php> [info] Loading Page...
Jun 01 00:02:02 <admin-login.php> [info] Process Submit - admin-login
Jun 01 00:02:02 <admin-login.php> [info] Page Loaded!
Jun 01 00:02:02 <admin-website.php> [info] Loading Page...
Jun 01 00:02:02 <admin-website.php> [info] Page Loaded!
Jun 01 00:02:32 <admin-website.php> [info] Loading Page...
Jun 01 00:02:32 <admin-website.php> [info] Page Loaded!
Jun 01 00:02:37 <admin-website.php> [info] Loading Page...
Jun 01 00:02:37 <admin-website.php> [info] Page Loaded!
Jun 01 00:02:38 <admin-website.php> [info] Loading Page...
Jun 01 00:02:38 <admin-website.php> [info] Page Loaded!
Jun 01 00:02:39 <admin-website.php> [info] Loading Page...
Jun 01 00:02:39 <admin-users.php> [info] Process Submit - delete
Jun 01 00:02:39 <admin-users.php> [error] Error deleting user.
Jun 01 00:02:39 <admin-website.php> [info] Page Loaded!
Jun 01 00:02:41 <admin-website.php> [info] Loading Page...
Jun 01 00:02:41 <admin-users.php> [info] Process Submit - delete
Jun 01 00:02:41 <admin-users.php> [error] Error deleting user.
Jun 01 00:02:41 <admin-website.php> [info] Page Loaded!
Jun 01 00:02:43 <admin-website.php> [info] Loading Page...
Jun 01 00:02:43 <admin-website.php> [info] Page Loaded!
Jun 01 00:02:46 <admin-website.php> [info] Loading Page...
Jun 01 00:02:46 <admin-website.php> [info] Page Loaded!
Jun 01 00:02:46 <admin-website.php> [info] Loading Page...
Jun 01 00:02:46 <admin-website.php> [info] Page Loaded!
Jun 01 00:02:48 <admin-website.php> [info] Loading Page...
Jun 01 00:02:48 <admin-patients.php> [info] Process Submit - delete
Jun 01 00:02:48 <admin-patients.php> [info] Patient successfully deleted.
Jun 01 00:02:48 <admin-website.php> [info] Page Loaded!
Jun 01 00:02:49 <admin-website.php> [info] Loading Page...
Jun 01 00:02:49 <admin-patients.php> [info] Process Submit - delete
Jun 01 00:02:49 <admin-patients.php> [info] Patient successfully deleted.
Jun 01 00:02:49 <admin-website.php> [info] Page Loaded!
Jun 01 00:02:50 <admin-website.php> [info] Loading Page...
Jun 01 00:02:50 <admin-patients.php> [info] Process Submit - delete
Jun 01 00:02:50 <admin-patients.php> [info] Patient successfully deleted.
Jun 01 00:02:50 <admin-website.php> [info] Page Loaded!
Jun 01 00:02:52 <admin-website.php> [info] Loading Page...
Jun 01 00:02:52 <admin-patients.php> [info] Process Submit - delete
Jun 01 00:02:52 <admin-patients.php> [info] Patient successfully deleted.
Jun 01 00:02:52 <admin-website.php> [info] Page Loaded!
Jun 01 00:02:53 <admin-website.php> [info] Loading Page...
Jun 01 00:02:53 <admin-patients.php> [info] Process Submit - delete
Jun 01 00:02:53 <admin-patients.php> [info] Patient successfully deleted.
Jun 01 00:02:53 <admin-website.php> [info] Page Loaded!
Jun 01 00:02:54 <admin-website.php> [info] Loading Page...
Jun 01 00:02:54 <admin-website.php> [info] Page Loaded!
Jun 01 00:02:57 <admin-website.php> [info] Loading Page...
Jun 01 00:02:57 <admin-website.php> [info] Page Loaded!
Jun 01 00:02:59 <admin-website.php> [info] Loading Page...
Jun 01 00:02:59 <admin-website.php> [info] Page Loaded!
Jun 01 00:03:00 <admin-website.php> [info] Loading Page...
Jun 01 00:03:00 <admin-users.php> [info] Process Submit - delete
Jun 01 00:03:00 <admin-users.php> [error] Error deleting user.
Jun 01 00:03:00 <admin-website.php> [info] Page Loaded!
Jun 01 00:03:02 <admin-website.php> [info] Loading Page...
Jun 01 00:03:02 <admin-users.php> [info] Process Submit - delete
Jun 01 00:03:02 <admin-users.php> [error] Error deleting user.
Jun 01 00:03:02 <admin-website.php> [info] Page Loaded!
Jun 01 00:03:03 <admin-website.php> [info] Loading Page...
Jun 01 00:03:03 <admin-users.php> [info] Process Submit - delete
Jun 01 00:03:03 <admin-users.php> [error] Error deleting user.
Jun 01 00:03:03 <admin-website.php> [info] Page Loaded!
Jun 01 00:03:05 <admin-website.php> [info] Loading Page...
Jun 01 00:03:05 <admin-users.php> [info] Process Submit - delete
Jun 01 00:03:05 <admin-users.php> [error] Error deleting user.
Jun 01 00:03:05 <admin-website.php> [info] Page Loaded!
Jun 01 00:03:09 <admin-website.php> [info] Loading Page...
Jun 01 00:03:09 <admin-website.php> [info] Page Loaded!
Jun 01 00:03:11 <admin-website.php> [info] Loading Page...
Jun 01 00:03:11 <admin-website.php> [info] Page Loaded!
Jun 01 00:03:13 <admin-website.php> [info] Loading Page...
Jun 01 00:03:13 <admin-website.php> [info] Page Loaded!
Jun 01 00:03:15 <admin-website.php> [info] Loading Page...
Jun 01 00:03:15 <admin-users.php> [info] Process Submit - delete
Jun 01 00:03:15 <admin-users.php> [error] Error deleting user.
Jun 01 00:03:15 <admin-website.php> [info] Page Loaded!
Jun 01 00:09:47 <admin-website.php> [info] Loading Page...
Jun 01 00:09:47 <admin-website.php> [info] Page Loaded!
Jun 01 00:09:49 <admin-website.php> [info] Loading Page...
Jun 01 00:09:49 <admin-website.php> [info] Page Loaded!
Jun 01 00:10:39 <admin-website.php> [info] Loading Page...
Jun 01 00:10:39 <admin-website.php> [info] Page Loaded!
Jun 01 00:10:52 <admin-website.php> [info] Loading Page...
Jun 01 00:10:52 <admin-website.php> [info] Page Loaded!
Jun 01 00:10:53 <admin-website.php> [info] Loading Page...
Jun 01 00:10:53 <admin-website.php> [info] Page Loaded!
Jun 01 00:11:01 <admin-website.php> [info] Loading Page...
Jun 01 00:11:01 <admin-website.php> [info] Page Loaded!
Jun 01 00:11:08 <admin-website.php> [info] Loading Page...
Jun 01 00:11:08 <admin-website.php> [info] Page Loaded!
Jun 01 00:11:10 <admin-website.php> [info] Loading Page...
Jun 01 00:11:10 <admin-boards.php> [info] Process Submit - delete
Jun 01 00:11:10 <admin-boards.php> [error] Error deleting board.
Jun 01 00:11:10 <admin-website.php> [info] Page Loaded!
Jun 01 00:11:12 <admin-website.php> [info] Loading Page...
Jun 01 00:11:12 <admin-website.php> [info] Page Loaded!
Jun 01 00:11:14 <admin-website.php> [info] Loading Page...
Jun 01 00:11:14 <admin-users.php> [info] Process Submit - delete
Jun 01 00:11:14 <admin-users.php> [error] Error deleting user.
Jun 01 00:11:14 <admin-website.php> [info] Page Loaded!
Jun 01 00:11:16 <admin-website.php> [info] Loading Page...
Jun 01 00:11:16 <admin-website.php> [info] Page Loaded!
Jun 01 00:11:38 <admin-website.php> [info] Loading Page...
Jun 01 00:11:38 <admin-website.php> [info] Page Loaded!
Jun 01 00:17:30 <admin-website.php> [info] Loading Page...
Jun 01 00:17:30 <admin-website.php> [info] Page Loaded!
Jun 01 00:43:05 <admin-website.php> [error] Session ended!
Jun 01 00:43:05 <admin-website.php> [info] Loading Page...
Jun 01 00:43:05 <admin-website.php> [info] Page Loaded!
Jun 01 00:43:05 <admin-login.php> [info] Loading Page...
Jun 01 00:43:05 <admin-login.php> [info] Page Loaded!
Jun 01 00:43:06 <admin-login.php> [info] Loading Page...
Jun 01 00:43:06 <admin-login.php> [info] Process Submit - admin-login
Jun 01 00:43:06 <admin-login.php> [error] Error invalid username or password.
Jun 01 00:43:06 <admin-login.php> [info] Page Loaded!
Jun 01 00:52:02 <admin-login.php> [info] Loading Page...
Jun 01 00:52:02 <admin-login.php> [info] Process Submit - admin-login
Jun 01 00:52:02 <admin-login.php> [info] Page Loaded!
Jun 01 00:52:02 <admin-website.php> [info] Loading Page...
Jun 01 00:52:02 <admin-website.php> [info] Page Loaded!
Jun 01 00:52:03 <admin-website.php> [info] Loading Page...
Jun 01 00:52:03 <admin-website.php> [info] Page Loaded!
Jun 01 00:52:05 <admin-website.php> [info] Loading Page...
Jun 01 00:52:05 <admin-website.php> [info] Page Loaded!
Jun 01 00:52:14 <admin-website.php> [info] Loading Page...
Jun 01 00:52:14 <admin-website.php> [info] Page Loaded!
Jun 01 00:52:15 <admin-website.php> [info] Loading Page...
Jun 01 00:52:15 <admin-website.php> [info] Page Loaded!
Jun 01 00:52:22 <admin-website.php> [info] Loading Page...
Jun 01 00:52:22 <admin-website.php> [info] Page Loaded!
Jun 01 00:52:34 <admin-website.php> [info] Loading Page...
Jun 01 00:52:34 <admin-boards.php> [info] Process Submit - register-board
Jun 01 00:52:34 <admin-boards.php> [info] Board successfully registered.
Jun 01 00:52:34 <admin-website.php> [info] Page Loaded!
Jun 01 00:52:39 <admin-website.php> [info] Loading Page...
Jun 01 00:52:39 <admin-boards.php> [info] Process Submit - register-board
Jun 01 00:52:39 <admin-boards.php> [info] Board successfully registered.
Jun 01 00:52:39 <admin-website.php> [info] Page Loaded!
Jun 01 00:52:43 <admin-website.php> [info] Loading Page...
Jun 01 00:52:43 <admin-boards.php> [info] Process Submit - register-board
Jun 01 00:52:43 <admin-boards.php> [info] Board successfully registered.
Jun 01 00:52:43 <admin-website.php> [info] Page Loaded!
Jun 01 00:52:49 <admin-website.php> [info] Loading Page...
Jun 01 00:52:49 <admin-boards.php> [info] Process Submit - register-board
Jun 01 00:52:49 <admin-boards.php> [info] Board successfully registered.
Jun 01 00:52:49 <admin-website.php> [info] Page Loaded!
Jun 01 00:52:53 <admin-website.php> [info] Loading Page...
Jun 01 00:52:53 <admin-boards.php> [info] Process Submit - register-board
Jun 01 00:52:53 <admin-boards.php> [info] Board successfully registered.
Jun 01 00:52:53 <admin-website.php> [info] Page Loaded!
Jun 01 00:52:59 <admin-website.php> [info] Loading Page...
Jun 01 00:52:59 <admin-boards.php> [info] Process Submit - register-board
Jun 01 00:52:59 <admin-boards.php> [info] Board successfully registered.
Jun 01 00:52:59 <admin-website.php> [info] Page Loaded!
Jun 01 00:53:04 <admin-website.php> [info] Loading Page...
Jun 01 00:53:04 <admin-boards.php> [info] Process Submit - register-board
Jun 01 00:53:04 <admin-boards.php> [info] Board successfully registered.
Jun 01 00:53:04 <admin-website.php> [info] Page Loaded!
Jun 01 00:53:07 <admin-website.php> [info] Loading Page...
Jun 01 00:53:07 <admin-boards.php> [info] Process Submit - register-board
Jun 01 00:53:07 <admin-boards.php> [info] Board successfully registered.
Jun 01 00:53:07 <admin-website.php> [info] Page Loaded!
Jun 01 00:53:13 <admin-website.php> [info] Loading Page...
Jun 01 00:53:13 <admin-boards.php> [info] Process Submit - register-board
Jun 01 00:53:13 <admin-boards.php> [info] Board successfully registered.
Jun 01 00:53:13 <admin-website.php> [info] Page Loaded!
Jun 01 00:54:51 <admin-website.php> [info] Loading Page...
Jun 01 00:54:51 <admin-boards.php> [info] Process Submit - register-board
Jun 01 00:54:51 <admin-boards.php> [info] Board successfully registered.
Jun 01 00:54:51 <admin-website.php> [info] Page Loaded!
Jun 01 00:55:00 <admin-website.php> [info] Loading Page...
Jun 01 00:55:00 <admin-website.php> [info] Page Loaded!
Jun 01 00:55:59 <admin-website.php> [info] Loading Page...
Jun 01 00:55:59 <admin-website.php> [info] Page Loaded!
Jun 01 00:58:42 <admin-website.php> [info] Loading Page...
Jun 01 00:58:42 <admin-users.php> [info] Process Submit - register-user
Jun 01 00:58:42 <admin-users.php> [error] Missing board.
Jun 01 00:58:42 <admin-website.php> [info] Page Loaded!
Jun 01 00:59:31 <admin-website.php> [info] Loading Page...
Jun 01 00:59:31 <admin-users.php> [info] Process Submit - register-user
Jun 01 00:59:31 <admin-users.php> [error] Missing board.
Jun 01 00:59:31 <admin-website.php> [info] Page Loaded!
Jun 01 01:01:35 <admin-website.php> [info] Loading Page...
Jun 01 01:01:35 <admin-users.php> [info] Process Submit - register-user
Jun 01 01:01:35 <admin-users.php> [error] Missing board.
Jun 01 01:01:35 <admin-website.php> [info] Page Loaded!
Jun 01 01:01:59 <admin-website.php> [info] Loading Page...
Jun 01 01:01:59 <admin-users.php> [info] Process Submit - register-user
Jun 01 01:01:59 <admin-users.php> [error] Missing board.
Jun 01 01:01:59 <admin-website.php> [info] Page Loaded!
Jun 01 01:02:10 <admin-website.php> [info] Loading Page...
Jun 01 01:02:10 <admin-website.php> [info] Page Loaded!
Jun 01 01:02:14 <admin-website.php> [info] Loading Page...
Jun 01 01:02:14 <admin-users.php> [info] Process Submit - register-user
Jun 01 01:02:14 <admin-users.php> [error] Missing board.
Jun 01 01:02:14 <admin-website.php> [info] Page Loaded!
Jun 01 01:03:25 <admin-website.php> [info] Loading Page...
Jun 01 01:03:25 <admin-website.php> [info] Page Loaded!
Jun 01 01:03:33 <admin-website.php> [info] Loading Page...
Jun 01 01:03:33 <admin-users.php> [info] Process Submit - register-user
Jun 01 01:03:33 <admin-users.php> [info] User successfully registered.
Jun 01 01:03:33 <admin-website.php> [info] Page Loaded!
Jun 01 01:05:51 <admin-website.php> [info] Loading Page...
Jun 01 01:05:51 <admin-website.php> [info] Page Loaded!
Jun 01 01:05:54 <admin-website.php> [info] Loading Page...
Jun 01 01:05:54 <admin-website.php> [info] Page Loaded!
Jun 01 01:09:16 <admin-website.php> [info] Loading Page...
Jun 01 01:09:16 <admin-website.php> [info] Page Loaded!
Jun 01 01:09:17 <admin-website.php> [info] Loading Page...
Jun 01 01:09:17 <admin-website.php> [info] Page Loaded!
Jun 01 01:17:39 <admin-website.php> [info] Loading Page...
Jun 01 01:17:40 <admin-website.php> [info] Page Loaded!
Jun 01 01:17:47 <admin-website.php> [info] Loading Page...
Jun 01 01:17:48 <admin-website.php> [info] Page Loaded!
Jun 01 01:18:24 <admin-website.php> [info] Loading Page...
Jun 01 01:18:25 <admin-website.php> [info] Page Loaded!
Jun 01 01:19:07 <admin-website.php> [info] Loading Page...
Jun 01 01:19:07 <admin-website.php> [info] Page Loaded!
Jun 01 01:19:13 <admin-website.php> [info] Loading Page...
Jun 01 01:19:13 <admin-website.php> [info] Page Loaded!
Jun 01 01:20:19 <admin-website.php> [info] Loading Page...
Jun 01 01:20:19 <admin-website.php> [info] Page Loaded!
Jun 01 01:20:48 <admin-website.php> [info] Loading Page...
Jun 01 01:21:07 <admin-website.php> [info] Loading Page...
Jun 01 01:21:07 <admin-website.php> [info] Page Loaded!
Jun 01 01:27:15 <admin-website.php> [error] Session ended!
Jun 01 01:27:15 <admin-website.php> [info] Loading Page...
Jun 01 01:27:15 <admin-website.php> [info] Page Loaded!
Jun 01 01:27:15 <admin-login.php> [info] Loading Page...
Jun 01 01:27:15 <admin-login.php> [info] Page Loaded!
Jun 01 01:27:17 <admin-login.php> [info] Loading Page...
Jun 01 01:27:17 <admin-login.php> [info] Process Submit - admin-login
Jun 01 01:27:17 <admin-login.php> [error] Error invalid username or password.
Jun 01 01:27:17 <admin-login.php> [info] Page Loaded!
Jun 01 01:28:15 <admin-login.php> [info] Loading Page...
Jun 01 01:28:15 <admin-login.php> [info] Process Submit - admin-login
Jun 01 01:28:15 <admin-login.php> [info] Page Loaded!
Jun 01 01:28:15 <admin-website.php> [info] Loading Page...
Jun 01 01:28:15 <admin-website.php> [info] Page Loaded!
Jun 01 01:28:17 <admin-website.php> [info] Loading Page...
Jun 01 01:28:17 <admin-website.php> [info] Page Loaded!
Jun 01 01:28:18 <admin-website.php> [info] Loading Page...
Jun 01 01:28:18 <admin-website.php> [info] Page Loaded!
Jun 01 01:28:19 <admin-website.php> [info] Loading Page...
Jun 01 01:28:19 <admin-website.php> [info] Page Loaded!
Jun 01 01:29:13 <admin-website.php> [info] Loading Page...
Jun 01 01:29:13 <admin-website.php> [info] Page Loaded!
Jun 01 01:29:14 <admin-website.php> [info] Loading Page...
Jun 01 01:29:14 <admin-website.php> [info] Page Loaded!
Jun 01 01:29:15 <admin-website.php> [info] Loading Page...
Jun 01 01:29:15 <admin-website.php> [info] Page Loaded!
Jun 01 01:29:16 <admin-website.php> [info] Loading Page...
Jun 01 01:29:16 <admin-website.php> [info] Page Loaded!
Jun 01 01:29:18 <admin-website.php> [info] Loading Page...
Jun 01 01:29:18 <admin-website.php> [info] Page Loaded!
Jun 01 01:29:19 <admin-website.php> [info] Loading Page...
Jun 01 01:29:19 <admin-website.php> [info] Page Loaded!
Jun 01 01:29:21 <admin-website.php> [info] Loading Page...
Jun 01 01:29:22 <admin-website.php> [info] Page Loaded!
Jun 01 01:30:36 <admin-website.php> [info] Loading Page...
Jun 01 01:30:36 <admin-website.php> [info] Page Loaded!
Jun 01 01:48:38 <admin-website.php> [info] Loading Page...
Jun 01 01:48:38 <admin-website.php> [info] Page Loaded!
Jun 01 01:48:39 <admin-website.php> [info] Loading Page...
Jun 01 01:48:39 <admin-website.php> [info] Page Loaded!
Jun 01 01:48:45 <admin-website.php> [info] Loading Page...
Jun 01 01:48:45 <admin-website.php> [info] Page Loaded!
Jun 01 01:49:09 <admin-website.php> [info] Loading Page...
Jun 01 01:49:35 <admin-website.php> [info] Loading Page...
Jun 01 01:49:36 <admin-website.php> [info] Page Loaded!
Jun 01 02:11:13 <admin-website.php> [info] Loading Page...
Jun 01 02:11:13 <admin-website.php> [info] Page Loaded!
Jun 01 02:11:17 <admin-website.php> [info] Loading Page...
Jun 01 02:11:17 <admin-boards.php> [info] Process Submit - register-board
Jun 01 02:11:17 <admin-boards.php> [info] Board successfully registered.
Jun 01 02:11:17 <admin-website.php> [info] Page Loaded!
Jun 01 02:11:19 <admin-website.php> [info] Loading Page...
Jun 01 02:11:19 <admin-website.php> [info] Page Loaded!
Jun 01 02:11:24 <admin-website.php> [info] Loading Page...
Jun 01 02:11:25 <admin-website.php> [info] Page Loaded!
Jun 01 02:12:51 <admin-website.php> [info] Loading Page...
Jun 01 02:12:52 <admin-website.php> [info] Page Loaded!
Jun 01 02:15:37 <admin-website.php> [info] Loading Page...
Jun 01 02:15:38 <admin-website.php> [info] Page Loaded!
Jun 01 02:16:13 <admin-website.php> [info] Loading Page...
Jun 01 02:16:14 <admin-website.php> [info] Page Loaded!
Jun 01 02:17:48 <admin-website.php> [info] Loading Page...
Jun 01 02:17:56 <admin-website.php> [info] Loading Page...
Jun 01 02:17:57 <admin-website.php> [info] Page Loaded!
Jun 01 02:18:10 <admin-website.php> [info] Loading Page...
Jun 01 02:18:11 <admin-website.php> [info] Page Loaded!
Jun 01 02:18:45 <admin-website.php> [info] Loading Page...
Jun 01 02:18:45 <admin-website.php> [info] Page Loaded!
Jun 01 02:18:47 <admin-website.php> [info] Loading Page...
Jun 01 02:18:48 <admin-website.php> [info] Page Loaded!
Jun 01 02:26:32 <admin-website.php> [info] Loading Page...
Jun 01 02:26:32 <admin-patients.php> [info] Process Submit - register-patient
Jun 01 02:26:32 <admin-patients.php> [error] Missing patient register date.
Jun 01 02:26:33 <admin-website.php> [info] Page Loaded!
Jun 01 02:27:58 <admin-website.php> [info] Loading Page...
Jun 01 02:27:58 <admin-patients.php> [info] Process Submit - register-patient
Jun 01 02:27:58 <admin-patients.php> [error] Missing patient diagnosis.
Jun 01 02:27:59 <admin-website.php> [info] Page Loaded!
Jun 01 02:28:50 <admin-website.php> [error] Session ended!
Jun 01 02:28:50 <admin-website.php> [info] Loading Page...
Jun 01 02:28:50 <admin-patients.php> [info] Process Submit - register-patient
Jun 01 02:28:50 <admin-patients.php> [error] Invalid file format.
Jun 01 02:28:50 <admin-patients.php> [error] Error registering patient.
Jun 01 02:28:51 <admin-website.php> [info] Page Loaded!
Jun 01 02:28:51 <admin-login.php> [info] Loading Page...
Jun 01 02:28:51 <admin-login.php> [info] Page Loaded!
Jun 01 02:28:56 <admin-login.php> [info] Loading Page...
Jun 01 02:28:56 <admin-login.php> [info] Process Submit - admin-login
Jun 01 02:28:56 <admin-login.php> [info] Page Loaded!
Jun 01 02:28:56 <admin-website.php> [info] Loading Page...
Jun 01 02:28:56 <admin-website.php> [info] Page Loaded!
Jun 01 02:28:58 <admin-website.php> [info] Loading Page...
Jun 01 02:28:58 <admin-website.php> [info] Page Loaded!
Jun 01 02:28:59 <admin-website.php> [info] Loading Page...
Jun 01 02:29:00 <admin-website.php> [info] Page Loaded!
Jun 01 02:29:48 <admin-website.php> [info] Loading Page...
Jun 01 02:29:48 <admin-patients.php> [info] Process Submit - register-patient
Jun 01 02:29:48 <admin-patients.php> [error] Invalid file format.
Jun 01 02:29:48 <admin-patients.php> [error] Error registering patient.
Jun 01 02:29:49 <admin-website.php> [info] Page Loaded!
Jun 01 02:32:25 <admin-website.php> [info] Loading Page...
Jun 01 02:32:25 <admin-patients.php> [info] Process Submit - register-patient
Jun 01 02:32:25 <admin-patients.php> [error] Invalid file format.
Jun 01 02:32:25 <admin-patients.php> [error] Error registering patient.
Jun 01 02:32:26 <admin-website.php> [info] Page Loaded!
Jun 01 02:33:32 <admin-website.php> [info] Loading Page...
Jun 01 02:33:34 <admin-website.php> [info] Page Loaded!
Jun 01 02:34:00 <admin-website.php> [info] Loading Page...
Jun 01 02:34:00 <admin-patients.php> [info] Process Submit - register-patient
Jun 01 02:34:00 <admin-patients.php> [error] Invalid file format.
Jun 01 02:34:00 <admin-patients.php> [error] Error registering patient.
Jun 01 02:34:01 <admin-website.php> [info] Page Loaded!
Jun 01 02:35:25 <admin-website.php> [info] Loading Page...
Jun 01 02:35:25 <admin-patients.php> [info] Process Submit - register-patient
Jun 01 02:35:25 <admin-patients.php> [error] Invalid file format.
Jun 01 02:35:25 <admin-patients.php> [error] Error registering patient.
Jun 01 02:35:27 <admin-website.php> [info] Page Loaded!
Jun 01 02:36:39 <admin-website.php> [info] Loading Page...
Jun 01 02:36:39 <admin-patients.php> [info] Process Submit - register-patient
Jun 01 02:36:39 <admin-patients.php> [error] Invalid file format.
Jun 01 02:36:39 <admin-patients.php> [error] Error registering patient.
Jun 01 02:36:40 <admin-website.php> [info] Page Loaded!
Jun 01 02:37:13 <admin-website.php> [info] Loading Page...
Jun 01 02:37:13 <admin-patients.php> [info] Process Submit - register-patient
Jun 01 02:37:13 <admin-patients.php> [error] Invalid file format.
Jun 01 02:37:13 <admin-patients.php> [error] Error registering patient.
Jun 01 02:37:14 <admin-website.php> [info] Page Loaded!
Jun 01 02:37:24 <admin-website.php> [info] Loading Page...
Jun 01 02:37:24 <admin-patients.php> [info] Process Submit - register-patient
Jun 01 02:37:24 <admin-patients.php> [error] Error registering patient.
Jun 01 02:37:25 <admin-website.php> [info] Page Loaded!
Jun 01 02:37:56 <admin-website.php> [info] Loading Page...
Jun 01 02:37:56 <admin-patients.php> [info] Process Submit - register-patient
Jun 01 02:37:56 <admin-patients.php> [error] File already exists.
Jun 01 02:37:56 <admin-patients.php> [info] Patient successfully registered.
Jun 01 02:37:58 <admin-website.php> [info] Page Loaded!
Jun 01 02:38:13 <admin-website.php> [info] Loading Page...
Jun 01 02:38:13 <admin-patients.php> [info] Process Submit - delete
Jun 01 02:38:13 <admin-patients.php> [info] Patient successfully deleted.
Jun 01 02:38:14 <admin-website.php> [info] Page Loaded!
Jun 01 02:38:26 <admin-website.php> [info] Loading Page...
Jun 01 02:38:27 <admin-website.php> [info] Page Loaded!
Jun 01 02:43:27 <admin-website.php> [info] Loading Page...
Jun 01 02:43:27 <admin-patients.php> [info] Process Submit - register-patient
Jun 01 02:43:27 <admin-patients.php> [info] Patient successfully registered.
Jun 01 02:43:28 <admin-website.php> [info] Page Loaded!
Jun 01 02:44:19 <admin-website.php> [info] Loading Page...
Jun 01 02:44:19 <admin-patients.php> [info] Process Submit - delete
Jun 01 02:44:19 <admin-patients.php> [info] Patient successfully deleted.
Jun 01 02:44:20 <admin-website.php> [info] Page Loaded!
Jun 01 02:44:23 <admin-website.php> [info] Loading Page...
Jun 01 02:44:23 <admin-patients.php> [info] Process Submit - delete
Jun 01 02:44:23 <admin-patients.php> [info] Patient successfully deleted.
Jun 01 02:44:24 <admin-website.php> [info] Page Loaded!
Jun 01 02:44:26 <admin-website.php> [info] Loading Page...
Jun 01 02:44:27 <admin-website.php> [info] Page Loaded!
Jun 01 02:44:29 <admin-website.php> [info] Loading Page...
Jun 01 02:44:29 <admin-patients.php> [info] Process Submit - delete
Jun 01 02:44:29 <admin-patients.php> [info] Patient successfully deleted.
Jun 01 02:44:30 <admin-website.php> [info] Page Loaded!
Jun 01 02:47:04 <admin-website.php> [info] Loading Page...
Jun 01 02:47:05 <admin-website.php> [info] Page Loaded!
Jun 01 02:47:37 <admin-website.php> [info] Loading Page...
Jun 01 02:47:37 <admin-patients.php> [info] Process Submit - register-patient
Jun 01 02:47:37 <admin-patients.php> [error] File already exists.
Jun 01 02:47:37 <admin-patients.php> [info] Patient successfully registered.
Jun 01 02:47:38 <admin-website.php> [info] Page Loaded!
Jun 01 02:48:20 <admin-website.php> [info] Loading Page...
Jun 01 02:48:21 <admin-website.php> [info] Page Loaded!
Jun 01 02:49:14 <admin-website.php> [info] Loading Page...
Jun 01 02:49:15 <admin-website.php> [info] Page Loaded!
Jun 01 02:49:52 <admin-website.php> [info] Loading Page...
Jun 01 02:49:52 <admin-patients.php> [info] Process Submit - register-patient
Jun 01 02:49:52 <admin-patients.php> [info] Patient successfully registered.
Jun 01 02:49:53 <admin-website.php> [info] Page Loaded!
Jun 01 02:50:17 <admin-website.php> [info] Loading Page...
Jun 01 02:50:17 <admin-patients.php> [info] Process Submit - delete
Jun 01 02:50:17 <admin-patients.php> [info] Patient successfully deleted.
Jun 01 02:50:18 <admin-website.php> [info] Page Loaded!
Jun 01 02:53:11 <admin-website.php> [info] Loading Page...
Jun 01 02:53:13 <admin-website.php> [info] Page Loaded!
Jun 01 02:53:41 <admin-website.php> [info] Loading Page...
Jun 01 02:53:41 <admin-patients.php> [info] Process Submit - register-patient
Jun 01 02:53:41 <admin-patients.php> [error] File already exists.
Jun 01 02:53:41 <admin-patients.php> [info] Patient successfully registered.
Jun 01 02:53:42 <admin-website.php> [info] Page Loaded!
Jun 01 02:56:14 <admin-website.php> [info] Loading Page...
Jun 01 02:56:15 <admin-website.php> [info] Page Loaded!
Jun 01 02:56:22 <admin-website.php> [info] Loading Page...
Jun 01 02:56:22 <admin-patients.php> [info] Process Submit - delete
Jun 01 02:56:22 <admin-patients.php> [info] Patient successfully deleted.
Jun 01 02:56:23 <admin-website.php> [info] Page Loaded!
Jun 01 02:56:49 <admin-website.php> [info] Loading Page...
Jun 01 02:56:49 <admin-patients.php> [info] Process Submit - register-patient
Jun 01 02:56:49 <admin-patients.php> [info] Patient successfully registered.
Jun 01 02:56:50 <admin-website.php> [info] Page Loaded!
Jun 01 02:58:18 <admin-website.php> [info] Loading Page...
Jun 01 02:58:19 <admin-website.php> [info] Page Loaded!
Jun 01 02:58:24 <admin-website.php> [info] Loading Page...
Jun 01 02:58:25 <admin-website.php> [info] Page Loaded!
Jun 01 03:00:17 <admin-website.php> [info] Loading Page...
Jun 01 03:00:18 <admin-website.php> [info] Page Loaded!
Jun 01 03:02:00 <admin-website.php> [info] Loading Page...
Jun 01 03:02:01 <admin-website.php> [info] Page Loaded!
Jun 01 03:02:44 <admin-website.php> [info] Loading Page...
Jun 01 03:02:45 <admin-website.php> [info] Page Loaded!
Jun 01 03:03:06 <admin-website.php> [info] Loading Page...
Jun 01 03:03:07 <admin-website.php> [info] Page Loaded!
Jun 01 03:04:03 <admin-website.php> [info] Loading Page...
Jun 01 03:04:04 <admin-website.php> [info] Page Loaded!
Jun 01 03:06:34 <admin-website.php> [info] Loading Page...
Jun 01 03:06:35 <admin-website.php> [info] Page Loaded!
Jun 01 03:06:56 <admin-website.php> [info] Loading Page...
Jun 01 03:06:56 <admin-patients.php> [info] Process Submit - delete
Jun 01 03:06:56 <admin-patients.php> [info] Patient successfully deleted.
Jun 01 03:06:57 <admin-website.php> [info] Page Loaded!
Jun 01 03:13:33 <admin-website.php> [error] Session ended!
Jun 01 03:13:33 <admin-website.php> [info] Loading Page...
Jun 01 03:13:35 <admin-website.php> [info] Page Loaded!
Jun 01 03:13:35 <admin-login.php> [info] Loading Page...
Jun 01 03:13:35 <admin-login.php> [info] Page Loaded!
Jun 01 03:13:36 <admin-login.php> [info] Loading Page...
Jun 01 03:13:36 <admin-login.php> [info] Process Submit - admin-login
Jun 01 03:13:36 <admin-login.php> [error] Error invalid username or password.
Jun 01 03:13:36 <admin-login.php> [info] Page Loaded!
Jun 01 03:14:29 <admin-login.php> [info] Loading Page...
Jun 01 03:14:29 <admin-login.php> [info] Process Submit - admin-login
Jun 01 03:14:29 <admin-login.php> [info] Page Loaded!
Jun 01 03:14:29 <admin-website.php> [info] Loading Page...
Jun 01 03:14:29 <admin-website.php> [info] Page Loaded!
Jun 01 03:14:34 <admin-website.php> [info] Loading Page...
Jun 01 03:14:34 <admin-boards.php> [info] Process Submit - register-board
Jun 01 03:14:34 <admin-boards.php> [info] Board successfully registered.
Jun 01 03:14:34 <admin-website.php> [info] Page Loaded!
Jun 01 03:14:38 <admin-website.php> [info] Loading Page...
Jun 01 03:14:38 <admin-boards.php> [info] Process Submit - register-board
Jun 01 03:14:38 <admin-boards.php> [info] Board successfully registered.
Jun 01 03:14:38 <admin-website.php> [info] Page Loaded!
Jun 01 03:14:39 <admin-website.php> [info] Loading Page...
Jun 01 03:14:39 <admin-website.php> [info] Page Loaded!
Jun 01 03:14:40 <admin-website.php> [info] Loading Page...
Jun 01 03:14:42 <admin-website.php> [info] Page Loaded!
Jun 01 03:14:42 <admin-website.php> [info] Loading Page...
Jun 01 03:14:43 <admin-website.php> [info] Page Loaded!
Jun 01 03:15:19 <admin-website.php> [info] Loading Page...
Jun 01 03:15:19 <admin-patients.php> [info] Process Submit - register-patient
Jun 01 03:15:19 <admin-patients.php> [info] Patient successfully registered.
Jun 01 03:15:20 <admin-website.php> [info] Page Loaded!
Jun 01 03:15:48 <admin-website.php> [info] Loading Page...
Jun 01 03:15:50 <admin-website.php> [info] Page Loaded!
Jun 01 03:21:56 <admin-website.php> [info] Loading Page...
Jun 01 03:21:57 <admin-website.php> [info] Page Loaded!
Jun 01 03:22:00 <admin-website.php> [info] Loading Page...
Jun 01 03:50:13 <admin-website.php> [error] Session ended!
Jun 01 03:50:13 <admin-website.php> [info] Loading Page...
Jun 01 03:50:13 <admin-login.php> [info] Loading Page...
Jun 01 03:50:13 <admin-login.php> [info] Page Loaded!
Jun 01 03:50:45 <admin-login.php> [info] Loading Page...
Jun 01 03:50:45 <admin-login.php> [info] Process Submit - admin-login
Jun 01 03:50:45 <admin-login.php> [info] Page Loaded!
Jun 01 03:50:45 <admin-website.php> [info] Loading Page...
Jun 01 03:50:45 <admin-website.php> [info] Page Loaded!
Jun 01 03:50:46 <admin-website.php> [info] Loading Page...
Jun 01 03:51:22 <admin-website.php> [info] Loading Page...
Jun 01 03:51:22 <admin-website.php> [info] Page Loaded!
Jun 01 03:51:27 <admin-website.php> [info] Loading Page...
Jun 01 03:51:27 <admin-website.php> [info] Page Loaded!
Jun 01 03:51:28 <admin-website.php> [info] Loading Page...
Jun 01 03:51:28 <admin-website.php> [info] Page Loaded!
Jun 01 03:51:41 <admin-website.php> [info] Loading Page...
Jun 01 03:51:42 <admin-website.php> [info] Loading Page...
Jun 01 03:51:43 <admin-website.php> [info] Page Loaded!
Jun 01 03:51:45 <admin-website.php> [info] Loading Page...
Jun 01 03:51:45 <admin-website.php> [info] Page Loaded!
Jun 01 03:51:45 <admin-website.php> [info] Loading Page...
Jun 01 03:51:45 <admin-website.php> [info] Page Loaded!
Jun 01 03:51:47 <admin-website.php> [info] Loading Page...
Jun 01 03:51:49 <admin-website.php> [info] Page Loaded!
Jun 01 03:51:49 <admin-website.php> [info] Loading Page...
Jun 01 03:51:50 <admin-website.php> [info] Page Loaded!
Jun 01 03:51:56 <admin-website.php> [info] Loading Page...
Jun 01 03:51:56 <admin-website.php> [info] Page Loaded!
Jun 01 03:51:59 <admin-website.php> [info] Loading Page...
Jun 01 03:51:59 <admin-website.php> [info] Page Loaded!
Jun 01 03:52:00 <admin-website.php> [info] Loading Page...
Jun 01 03:52:00 <admin-website.php> [info] Page Loaded!
Jun 01 03:52:00 <admin-website.php> [info] Loading Page...
Jun 01 03:52:00 <admin-website.php> [info] Page Loaded!
Jun 01 03:52:12 <admin-website.php> [info] Loading Page...
Jun 01 03:52:12 <admin-website.php> [info] Page Loaded!
Jun 01 03:53:07 <admin-website.php> [info] Loading Page...
Jun 01 03:53:07 <admin-pharmacy.php> [info] Process Submit - register-medication
Jun 01 03:53:07 <admin-pharmacy.php> [info] Medication successfully registered.
Jun 01 03:53:07 <admin-website.php> [info] Page Loaded!
Jun 01 03:56:51 <admin-website.php> [info] Loading Page...
Jun 01 03:56:51 <admin-website.php> [info] Page Loaded!
Jun 01 03:57:06 <admin-website.php> [info] Loading Page...
Jun 01 03:57:06 <admin-pharmacy.php> [info] Process Submit - register-medication
Jun 01 03:57:06 <admin-pharmacy.php> [info] Medication successfully registered.
Jun 01 03:57:06 <admin-website.php> [info] Page Loaded!
Jun 01 03:57:37 <admin-website.php> [info] Loading Page...
Jun 01 03:57:37 <admin-pharmacy.php> [info] Process Submit - register-medication
Jun 01 03:57:37 <admin-pharmacy.php> [info] Medication successfully registered.
Jun 01 03:57:37 <admin-website.php> [info] Page Loaded!
Jun 01 03:57:39 <admin-website.php> [info] Loading Page...
Jun 01 03:57:39 <admin-website.php> [info] Page Loaded!
Jun 01 03:57:40 <admin-website.php> [info] Loading Page...
Jun 01 03:57:40 <admin-website.php> [info] Page Loaded!
Jun 01 03:57:45 <admin-website.php> [info] Loading Page...
Jun 01 03:57:45 <admin-website.php> [info] Page Loaded!
Jun 01 03:58:43 <admin-website.php> [info] Loading Page...
Jun 01 03:58:43 <admin-website.php> [info] Page Loaded!
Jun 01 03:58:44 <admin-website.php> [info] Loading Page...
Jun 01 03:58:44 <admin-website.php> [info] Page Loaded!
Jun 01 03:58:59 <admin-website.php> [info] Loading Page...
Jun 01 03:59:00 <admin-website.php> [info] Page Loaded!
Jun 01 03:59:01 <admin-website.php> [info] Loading Page...
Jun 01 03:59:01 <admin-website.php> [info] Page Loaded!
Jun 01 03:59:10 <admin-website.php> [info] Loading Page...
Jun 01 03:59:10 <admin-website.php> [info] Page Loaded!
Jun 01 03:59:11 <admin-website.php> [info] Loading Page...
Jun 01 03:59:11 <admin-website.php> [info] Page Loaded!
Jun 01 03:59:53 <admin-website.php> [info] Loading Page...
Jun 01 03:59:53 <admin-website.php> [info] Page Loaded!
Jun 01 04:00:15 <admin-website.php> [info] Loading Page...
Jun 01 04:00:15 <admin-website.php> [info] Page Loaded!
Jun 01 04:00:17 <admin-website.php> [info] Loading Page...
Jun 01 04:00:17 <admin-pharmacy.php> [info] Process Submit - delete
Jun 01 04:00:17 <admin-pharmacy.php> [info] Medication successfully deleted.
Jun 01 04:00:17 <admin-website.php> [info] Page Loaded!
Jun 01 04:00:19 <admin-website.php> [info] Loading Page...
Jun 01 04:00:19 <admin-pharmacy.php> [info] Process Submit - delete
Jun 01 04:00:19 <admin-pharmacy.php> [info] Medication successfully deleted.
Jun 01 04:00:19 <admin-website.php> [info] Page Loaded!
Jun 01 04:01:25 <admin-website.php> [info] Loading Page...
Jun 01 04:01:25 <admin-website.php> [info] Page Loaded!
Jun 01 04:08:58 <admin-website.php> [info] Loading Page...
Jun 01 04:08:58 <admin-website.php> [info] Page Loaded!
Jun 01 04:09:00 <admin-website.php> [info] Loading Page...
Jun 01 04:09:00 <admin-website.php> [info] Page Loaded!
Jun 01 04:09:01 <admin-website.php> [info] Loading Page...
Jun 01 04:09:01 <admin-website.php> [info] Page Loaded!
Jun 01 04:09:18 <admin-website.php> [info] Loading Page...
Jun 01 04:09:18 <admin-pharmacy.php> [info] Process Submit - register-medication
Jun 01 04:09:18 <admin-pharmacy.php> [error] Error registering medication.
Jun 01 04:09:18 <admin-website.php> [info] Page Loaded!
Jun 01 04:11:11 <admin-website.php> [info] Loading Page...
Jun 01 04:11:11 <admin-pharmacy.php> [info] Process Submit - register-medication
Jun 01 04:11:11 <admin-pharmacy.php> [info] Medication successfully registered.
Jun 01 04:11:11 <admin-website.php> [info] Page Loaded!
Jun 01 04:12:40 <admin-website.php> [info] Loading Page...
Jun 01 04:12:40 <admin-website.php> [info] Page Loaded!
Jun 01 04:13:11 <admin-website.php> [info] Loading Page...
Jun 01 04:13:11 <admin-website.php> [info] Page Loaded!
Jun 01 04:13:32 <admin-website.php> [info] Loading Page...
Jun 01 04:13:32 <admin-website.php> [info] Page Loaded!
Jun 01 04:16:35 <admin-website.php> [info] Loading Page...
Jun 01 04:16:35 <admin-pharmacy.php> [info] Process Submit - register-medication
Jun 01 04:16:35 <admin-pharmacy.php> [info] Medication successfully registered.
Jun 01 04:16:35 <admin-website.php> [info] Page Loaded!
Jun 01 04:16:37 <admin-website.php> [info] Loading Page...
Jun 01 04:16:37 <admin-pharmacy.php> [info] Process Submit - delete
Jun 01 04:16:37 <admin-pharmacy.php> [info] Medication successfully deleted.
Jun 01 04:16:37 <admin-website.php> [info] Page Loaded!
Jun 01 04:16:39 <admin-website.php> [info] Loading Page...
Jun 01 04:16:39 <admin-website.php> [info] Page Loaded!
Jun 01 04:16:45 <admin-website.php> [info] Loading Page...
Jun 01 04:16:45 <admin-boards.php> [info] Process Submit - register-board
Jun 01 04:16:45 <admin-boards.php> [info] Board successfully registered.
Jun 01 04:16:45 <admin-website.php> [info] Page Loaded!
Jun 01 04:16:46 <admin-website.php> [info] Loading Page...
Jun 01 04:16:46 <admin-website.php> [info] Page Loaded!
Jun 01 04:16:47 <admin-website.php> [info] Loading Page...
Jun 01 04:16:49 <admin-website.php> [info] Page Loaded!
Jun 01 04:19:19 <admin-website.php> [info] Loading Page...
Jun 01 04:19:19 <admin-website.php> [info] Page Loaded!
Jun 01 04:21:13 <admin-website.php> [info] Loading Page...
Jun 01 04:21:14 <admin-website.php> [info] Page Loaded!
Jun 01 04:21:31 <admin-website.php> [info] Loading Page...
Jun 01 04:21:32 <admin-website.php> [info] Page Loaded!
Jun 01 04:24:22 <admin-website.php> [info] Loading Page...
Jun 01 04:24:23 <admin-website.php> [info] Page Loaded!
Jun 01 04:25:18 <admin-website.php> [info] Loading Page...
Jun 01 04:25:19 <admin-website.php> [info] Page Loaded!
Jun 01 04:25:44 <admin-website.php> [info] Loading Page...
Jun 01 04:25:45 <admin-website.php> [info] Page Loaded!
Jun 01 04:26:23 <admin-website.php> [info] Loading Page...
Jun 01 04:26:24 <admin-website.php> [info] Page Loaded!
Jun 01 04:27:24 <admin-website.php> [info] Loading Page...
Jun 01 04:27:25 <admin-website.php> [info] Page Loaded!
Jun 01 04:29:12 <admin-website.php> [info] Loading Page...
Jun 01 04:29:12 <admin-website.php> [info] Page Loaded!
Jun 01 04:30:51 <admin-website.php> [info] Loading Page...
Jun 01 04:30:51 <admin-boards.php> [info] Process Submit - register-board
Jun 01 04:30:51 <admin-boards.php> [info] Board successfully registered.
Jun 01 04:30:51 <admin-website.php> [info] Page Loaded!
Jun 01 04:30:57 <admin-website.php> [info] Loading Page...
Jun 01 04:30:57 <admin-boards.php> [info] Process Submit - register-board
Jun 01 04:30:57 <admin-boards.php> [info] Board successfully registered.
Jun 01 04:30:57 <admin-website.php> [info] Page Loaded!
Jun 01 04:30:58 <admin-website.php> [info] Loading Page...
Jun 01 04:30:58 <admin-website.php> [info] Page Loaded!
Jun 01 04:31:08 <admin-website.php> [info] Loading Page...
Jun 01 04:31:08 <admin-users.php> [info] Process Submit - register-user
Jun 01 04:31:08 <admin-users.php> [info] User successfully registered.
Jun 01 04:31:08 <admin-website.php> [info] Page Loaded!
Jun 01 04:31:22 <admin-website.php> [info] Loading Page...
Jun 01 04:31:22 <admin-users.php> [info] Process Submit - delete
Jun 01 04:31:22 <admin-users.php> [info] User successfully deleted.
Jun 01 04:31:22 <admin-website.php> [info] Page Loaded!
Jun 01 04:31:23 <admin-website.php> [info] Loading Page...
Jun 01 04:31:23 <admin-users.php> [info] Process Submit - delete
Jun 01 04:31:23 <admin-users.php> [info] User successfully deleted.
Jun 01 04:31:23 <admin-website.php> [info] Page Loaded!
Jun 01 04:33:04 <admin-website.php> [info] Loading Page...
Jun 01 04:33:04 <admin-website.php> [info] Page Loaded!
Jun 01 04:33:07 <admin-website.php> [info] Loading Page...
Jun 01 04:33:08 <admin-website.php> [info] Page Loaded!
Jun 01 04:42:01 <admin-website.php> [info] Loading Page...
Jun 01 04:42:02 <admin-website.php> [info] Page Loaded!
Jun 01 04:42:41 <admin-website.php> [info] Loading Page...
Jun 01 04:42:43 <admin-website.php> [info] Page Loaded!
Jun 01 04:44:44 <admin-website.php> [info] Loading Page...
Jun 01 04:44:45 <admin-website.php> [info] Page Loaded!
Jun 01 04:55:47 <admin-website.php> [error] Session ended!
Jun 01 04:55:47 <admin-website.php> [info] Loading Page...
Jun 01 04:55:47 <admin-website.php> [info] Page Loaded!
Jun 01 04:55:47 <admin-login.php> [info] Loading Page...
Jun 01 04:55:47 <admin-login.php> [info] Page Loaded!
Jun 01 04:55:48 <admin-login.php> [info] Loading Page...
Jun 01 04:55:48 <admin-login.php> [info] Process Submit - admin-login
Jun 01 04:55:48 <admin-login.php> [error] Error invalid username or password.
Jun 01 04:55:48 <admin-login.php> [info] Page Loaded!
Jun 01 04:56:18 <admin-login.php> [info] Loading Page...
Jun 01 04:56:18 <admin-login.php> [info] Process Submit - admin-login
Jun 01 04:56:18 <admin-login.php> [info] Page Loaded!
Jun 01 04:56:18 <admin-website.php> [info] Loading Page...
Jun 01 04:56:18 <admin-website.php> [info] Page Loaded!
Jun 01 04:56:19 <admin-website.php> [info] Loading Page...
Jun 01 04:56:19 <admin-website.php> [info] Page Loaded!
Jun 01 04:56:20 <admin-website.php> [info] Loading Page...
Jun 01 04:56:20 <admin-website.php> [info] Page Loaded!
Jun 01 04:56:24 <admin-website.php> [info] Loading Page...
Jun 01 04:56:24 <admin-boards.php> [info] Process Submit - register-board
Jun 01 04:56:24 <admin-boards.php> [info] Board successfully registered.
Jun 01 04:56:24 <admin-website.php> [info] Page Loaded!
Jun 01 04:56:27 <admin-website.php> [info] Loading Page...
Jun 01 04:56:27 <admin-boards.php> [info] Process Submit - register-board
Jun 01 04:56:27 <admin-boards.php> [info] Board successfully registered.
Jun 01 04:56:27 <admin-website.php> [info] Page Loaded!
Jun 01 04:56:29 <admin-website.php> [info] Loading Page...
Jun 01 04:56:29 <admin-website.php> [info] Page Loaded!
Jun 01 04:56:35 <admin-website.php> [info] Loading Page...
Jun 01 04:56:35 <admin-users.php> [info] Process Submit - register-user
Jun 01 04:56:35 <admin-users.php> [error] Error registering user.
Jun 01 04:56:35 <admin-website.php> [info] Page Loaded!
Jun 01 04:56:52 <admin-website.php> [info] Loading Page...
Jun 01 04:56:52 <admin-website.php> [info] Page Loaded!
Jun 01 04:56:54 <admin-website.php> [info] Loading Page...
Jun 01 04:56:54 <admin-users.php> [info] Process Submit - delete
Jun 01 04:56:54 <admin-users.php> [info] User successfully deleted.
Jun 01 04:56:54 <admin-website.php> [info] Page Loaded!
Jun 01 04:57:01 <admin-website.php> [info] Loading Page...
Jun 01 04:57:01 <admin-users.php> [info] Process Submit - register-user
Jun 01 04:57:01 <admin-users.php> [error] Error registering user.
Jun 01 04:57:01 <admin-website.php> [info] Page Loaded!
Jun 01 04:59:23 <admin-website.php> [info] Loading Page...
Jun 01 04:59:23 <admin-website.php> [info] Page Loaded!
Jun 01 04:59:25 <admin-website.php> [info] Loading Page...
Jun 01 04:59:25 <admin-website.php> [info] Page Loaded!
Jun 01 04:59:30 <admin-website.php> [info] Loading Page...
Jun 01 04:59:30 <admin-boards.php> [info] Process Submit - register-board
Jun 01 04:59:30 <admin-boards.php> [info] Board successfully registered.
Jun 01 04:59:30 <admin-website.php> [info] Page Loaded!
Jun 01 04:59:35 <admin-website.php> [info] Loading Page...
Jun 01 04:59:35 <admin-boards.php> [info] Process Submit - register-board
Jun 01 04:59:35 <admin-boards.php> [info] Board successfully registered.
Jun 01 04:59:35 <admin-website.php> [info] Page Loaded!
Jun 01 04:59:36 <admin-website.php> [info] Loading Page...
Jun 01 04:59:36 <admin-website.php> [info] Page Loaded!
Jun 01 04:59:46 <admin-website.php> [info] Loading Page...
Jun 01 04:59:46 <admin-users.php> [info] Process Submit - delete
Jun 01 04:59:46 <admin-users.php> [info] User successfully deleted.
Jun 01 04:59:46 <admin-website.php> [info] Page Loaded!
Jun 01 04:59:52 <admin-website.php> [info] Loading Page...
Jun 01 04:59:52 <admin-users.php> [info] Process Submit - register-user
Jun 01 04:59:52 <admin-users.php> [error] Error adding board to user.
Jun 01 04:59:52 <admin-users.php> [error] Error adding board to user.
Jun 01 04:59:52 <admin-users.php> [info] User successfully registered.
Jun 01 04:59:52 <admin-website.php> [info] Page Loaded!
Jun 01 04:59:57 <admin-website.php> [info] Loading Page...
Jun 01 04:59:57 <admin-users.php> [info] Process Submit - delete
Jun 01 04:59:57 <admin-users.php> [info] User successfully deleted.
Jun 01 04:59:57 <admin-website.php> [info] Page Loaded!
Jun 01 05:00:51 <admin-website.php> [info] Loading Page...
Jun 01 05:00:51 <admin-users.php> [info] Process Submit - register-user
Jun 01 05:00:51 <admin-users.php> [error] Error adding board to user.
Jun 01 05:00:51 <admin-users.php> [error] Error adding board to user.
Jun 01 05:00:51 <admin-users.php> [info] User successfully registered.
Jun 01 05:00:51 <admin-website.php> [info] Page Loaded!
Jun 01 05:01:43 <admin-website.php> [info] Loading Page...
Jun 01 05:01:43 <admin-users.php> [info] Process Submit - delete
Jun 01 05:01:43 <admin-users.php> [info] User successfully deleted.
Jun 01 05:01:43 <admin-website.php> [info] Page Loaded!
Jun 01 05:01:49 <admin-website.php> [info] Loading Page...
Jun 01 05:01:49 <admin-users.php> [info] Process Submit - register-user
Jun 01 05:01:49 <admin-users.php> [error] Error adding board to user.
Jun 01 05:01:49 <admin-users.php> [error] Error adding board to user.
Jun 01 05:01:49 <admin-users.php> [info] User successfully registered.
Jun 01 05:01:49 <admin-website.php> [info] Page Loaded!
Jun 01 05:02:38 <admin-website.php> [info] Loading Page...
Jun 01 05:02:38 <admin-website.php> [info] Page Loaded!
Jun 01 05:02:40 <admin-website.php> [info] Loading Page...
Jun 01 05:02:40 <admin-users.php> [info] Process Submit - register-user
Jun 01 05:02:40 <admin-users.php> [error] Missing board.
Jun 01 05:02:40 <admin-website.php> [info] Page Loaded!
Jun 01 05:02:57 <admin-website.php> [info] Loading Page...
Jun 01 05:02:57 <admin-users.php> [info] Process Submit - register-user
Jun 01 05:02:57 <admin-users.php> [error] Error adding board to user.
Jun 01 05:02:57 <admin-users.php> [info] User successfully registered.
Jun 01 05:02:57 <admin-website.php> [info] Page Loaded!
Jun 01 05:03:01 <admin-website.php> [info] Loading Page...
Jun 01 05:03:01 <admin-users.php> [info] Process Submit - delete
Jun 01 05:03:01 <admin-users.php> [info] User successfully deleted.
Jun 01 05:03:01 <admin-website.php> [info] Page Loaded!
Jun 01 05:03:02 <admin-website.php> [info] Loading Page...
Jun 01 05:03:02 <admin-users.php> [info] Process Submit - delete
Jun 01 05:03:02 <admin-users.php> [info] User successfully deleted.
Jun 01 05:03:02 <admin-website.php> [info] Page Loaded!
Jun 01 05:03:04 <admin-website.php> [info] Loading Page...
Jun 01 05:03:04 <admin-users.php> [info] Process Submit - delete
Jun 01 05:03:04 <admin-users.php> [info] User successfully deleted.
Jun 01 05:03:04 <admin-website.php> [info] Page Loaded!
Jun 01 05:03:07 <admin-website.php> [info] Loading Page...
Jun 01 05:03:07 <admin-users.php> [info] Process Submit - register-user
Jun 01 05:03:07 <admin-users.php> [error] Error adding board to user.
Jun 01 05:03:07 <admin-users.php> [info] User successfully registered.
Jun 01 05:03:07 <admin-website.php> [info] Page Loaded!
Jun 01 05:03:08 <admin-website.php> [info] Loading Page...
Jun 01 05:03:08 <admin-users.php> [info] Process Submit - delete
Jun 01 05:03:08 <admin-users.php> [info] User successfully deleted.
Jun 01 05:03:08 <admin-website.php> [info] Page Loaded!
Jun 01 05:04:03 <admin-website.php> [info] Loading Page...
Jun 01 05:04:03 <admin-users.php> [info] Process Submit - register-user
Jun 01 05:04:03 <admin-users.php> [info] User successfully registered.
Jun 01 05:04:03 <admin-website.php> [info] Page Loaded!
Jun 01 05:05:13 <admin-website.php> [info] Loading Page...
Jun 01 05:05:13 <admin-website.php> [info] Page Loaded!
Jun 01 05:05:21 <admin-website.php> [info] Loading Page...
Jun 01 05:05:21 <admin-pharmacy.php> [info] Process Submit - register-medication
Jun 01 05:05:21 <admin-pharmacy.php> [info] Medication successfully registered.
Jun 01 05:05:21 <admin-website.php> [info] Page Loaded!
Jun 01 05:05:22 <admin-website.php> [info] Loading Page...
Jun 01 05:05:23 <admin-website.php> [info] Page Loaded!
Jun 01 05:09:00 <admin-website.php> [info] Loading Page...
Jun 01 05:09:00 <admin-patients.php> [info] Process Submit - register-patient
Jun 01 05:09:00 <admin-patients.php> [error] File already exists.
Jun 01 05:09:00 <admin-patients.php> [info] Patient successfully registered.
Jun 01 05:09:02 <admin-website.php> [info] Page Loaded!
Jun 01 05:15:03 <admin-website.php> [info] Loading Page...
Jun 01 05:15:03 <admin-patients.php> [info] Process Submit - register-patient
Jun 01 05:15:03 <admin-patients.php> [error] Invalid file format.
Jun 01 05:15:03 <admin-patients.php> [info] Patient successfully registered.
Jun 01 05:15:04 <admin-website.php> [info] Page Loaded!
Jun 01 05:17:28 <admin-website.php> [info] Loading Page...
Jun 01 05:17:28 <admin-website.php> [info] Page Loaded!
Jun 01 05:17:38 <admin-website.php> [info] Loading Page...
Jun 01 05:17:38 <admin-users.php> [info] Process Submit - register-user
Jun 01 05:17:38 <admin-users.php> [info] User successfully registered.
Jun 01 05:17:38 <admin-website.php> [info] Page Loaded!
Jun 01 05:17:42 <admin-website.php> [info] Loading Page...
Jun 01 05:17:42 <admin-website.php> [info] Page Loaded!
Jun 01 05:17:44 <admin-website.php> [info] Loading Page...
Jun 01 05:17:45 <admin-website.php> [info] Page Loaded!
Jun 01 05:17:45 <admin-website.php> [info] Loading Page...
Jun 01 05:17:46 <admin-website.php> [info] Page Loaded!
Jun 01 05:18:54 <admin-website.php> [info] Loading Page...
Jun 01 05:18:54 <admin-patients.php> [info] Process Submit - register-patient
Jun 01 05:18:54 <admin-patients.php> [error] Invalid file format.
Jun 01 05:18:54 <admin-patients.php> [info] Patient successfully registered.
Jun 01 05:18:55 <admin-website.php> [info] Page Loaded!
Jun 01 05:20:18 <admin-website.php> [info] Loading Page...
Jun 01 05:20:18 <admin-patients.php> [info] Process Submit - delete
Jun 01 05:20:18 <admin-patients.php> [info] Patient successfully deleted.
Jun 01 05:20:19 <admin-website.php> [info] Page Loaded!
Jun 01 05:20:33 <admin-website.php> [info] Loading Page...
Jun 01 05:20:33 <admin-patients.php> [info] Process Submit - register-patient
Jun 01 05:20:33 <admin-patients.php> [error] Empty or invalid file format.
Jun 01 05:20:33 <admin-patients.php> [info] Patient successfully registered.
Jun 01 05:20:34 <admin-website.php> [info] Page Loaded!
Jun 01 05:22:16 <admin-website.php> [info] Loading Page...
Jun 01 05:22:17 <admin-website.php> [info] Page Loaded!
Jun 01 05:22:21 <admin-website.php> [info] Loading Page...
Jun 01 05:22:21 <admin-patients.php> [info] Process Submit - delete
Jun 01 05:22:21 <admin-patients.php> [info] Patient successfully deleted.
Jun 01 05:22:22 <admin-website.php> [info] Page Loaded!
Jun 01 05:22:50 <admin-website.php> [info] Loading Page...
Jun 01 05:22:51 <admin-website.php> [info] Page Loaded!
Jun 01 05:23:06 <admin-website.php> [info] Loading Page...
Jun 01 05:23:06 <admin-patients.php> [info] Process Submit - register-patient
Jun 01 05:23:06 <admin-patients.php> [error] Empty or invalid file format.
Jun 01 05:23:06 <admin-patients.php> [error] Error registering patient.
Jun 01 05:23:07 <admin-website.php> [info] Page Loaded!
Jun 01 05:23:31 <admin-website.php> [info] Loading Page...
Jun 01 05:23:31 <admin-patients.php> [info] Process Submit - register-patient
Jun 01 05:23:31 <admin-patients.php> [error] Empty or invalid file format.
Jun 01 05:23:31 <admin-patients.php> [info] Patient successfully registered.
Jun 01 05:23:32 <admin-website.php> [info] Page Loaded!
Jun 01 05:25:45 <admin-website.php> [info] Loading Page...
Jun 01 05:25:46 <admin-website.php> [info] Page Loaded!
Jun 01 05:25:51 <admin-website.php> [info] Loading Page...
Jun 01 05:25:51 <admin-patients.php> [info] Process Submit - delete
Jun 01 05:25:51 <admin-patients.php> [info] Patient successfully deleted.
Jun 01 05:25:52 <admin-website.php> [info] Page Loaded!
Jun 01 05:26:03 <admin-website.php> [info] Loading Page...
Jun 01 05:26:03 <admin-patients.php> [info] Process Submit - register-patient
Jun 01 05:26:03 <admin-patients.php> [error] Empty or invalid file format.
Jun 01 05:26:03 <admin-patients.php> [error] Error adding medications to patient.
Jun 01 05:26:03 <admin-patients.php> [info] Patient successfully registered.
Jun 01 05:26:04 <admin-website.php> [info] Page Loaded!
Jun 01 05:26:56 <admin-website.php> [info] Loading Page...
Jun 01 05:26:57 <admin-website.php> [info] Page Loaded!
Jun 01 05:27:01 <admin-website.php> [info] Loading Page...
Jun 01 05:27:01 <admin-patients.php> [info] Process Submit - delete
Jun 01 05:27:01 <admin-patients.php> [info] Patient successfully deleted.
Jun 01 05:27:02 <admin-website.php> [info] Page Loaded!
Jun 01 05:27:04 <admin-website.php> [info] Loading Page...
Jun 01 05:27:04 <admin-patients.php> [info] Process Submit - delete
Jun 01 05:27:04 <admin-patients.php> [info] Patient successfully deleted.
Jun 01 05:27:05 <admin-website.php> [info] Page Loaded!
Jun 01 05:27:07 <admin-website.php> [info] Loading Page...
Jun 01 05:27:07 <admin-patients.php> [info] Process Submit - delete
Jun 01 05:27:07 <admin-patients.php> [info] Patient successfully deleted.
Jun 01 05:27:08 <admin-website.php> [info] Page Loaded!
Jun 01 05:31:45 <admin-website.php> [info] Loading Page...
Jun 01 05:31:45 <admin-website.php> [info] Page Loaded!
Jun 01 05:31:48 <admin-website.php> [info] Loading Page...
Jun 01 05:31:49 <admin-website.php> [info] Page Loaded!
Jun 01 17:10:09 <admin-website.php> [error] Session ended!
Jun 01 17:10:09 <admin-website.php> [info] Loading Page...
Jun 01 17:10:09 <admin-website.php> [info] Page Loaded!
Jun 01 17:10:09 <admin-login.php> [info] Loading Page...
Jun 01 17:10:09 <admin-login.php> [info] Page Loaded!
Jun 01 17:11:26 <admin-login.php> [info] Loading Page...
Jun 01 17:11:26 <admin-login.php> [info] Process Submit - admin-login
Jun 01 17:11:26 <admin-login.php> [info] Page Loaded!
Jun 01 17:11:26 <admin-website.php> [info] Loading Page...
Jun 01 17:11:26 <admin-website.php> [info] Page Loaded!
Jun 01 17:11:32 <admin-website.php> [info] Loading Page...
Jun 01 17:11:32 <admin-boards.php> [info] Process Submit - register-board
Jun 01 17:11:32 <admin-boards.php> [info] Board successfully registered.
Jun 01 17:11:32 <admin-website.php> [info] Page Loaded!
Jun 01 17:11:33 <admin-website.php> [info] Loading Page...
Jun 01 17:11:33 <admin-website.php> [info] Page Loaded!
Jun 01 17:11:37 <admin-website.php> [info] Loading Page...
Jun 01 17:11:37 <admin-website.php> [info] Page Loaded!
Jun 01 17:11:40 <admin-website.php> [info] Loading Page...
Jun 01 17:11:40 <admin-boards.php> [info] Process Submit - register-board
Jun 01 17:11:40 <admin-boards.php> [info] Board successfully registered.
Jun 01 17:11:40 <admin-website.php> [info] Page Loaded!
Jun 01 17:11:41 <admin-website.php> [info] Loading Page...
Jun 01 17:11:41 <admin-website.php> [info] Page Loaded!
Jun 01 17:11:47 <admin-website.php> [info] Loading Page...
Jun 01 17:11:47 <admin-users.php> [info] Process Submit - register-user
Jun 01 17:11:47 <admin-users.php> [info] User successfully registered.
Jun 01 17:11:47 <admin-website.php> [info] Page Loaded!
Jun 01 17:11:50 <admin-website.php> [info] Loading Page...
Jun 01 17:11:50 <admin-website.php> [info] Page Loaded!
Jun 01 17:11:59 <admin-website.php> [info] Loading Page...
Jun 01 17:11:59 <admin-pharmacy.php> [info] Process Submit - register-medication
Jun 01 17:11:59 <admin-pharmacy.php> [info] Medication successfully registered.
Jun 01 17:11:59 <admin-website.php> [info] Page Loaded!
Jun 01 17:12:28 <admin-website.php> [info] Loading Page...
Jun 01 17:12:28 <admin-website.php> [info] Page Loaded!
Jun 01 17:15:37 <admin-website.php> [info] Loading Page...
Jun 01 17:15:37 <admin-website.php> [info] Page Loaded!
Jun 01 17:15:56 <admin-website.php> [info] Loading Page...
Jun 01 17:15:57 <admin-website.php> [info] Page Loaded!
Jun 01 17:17:47 <admin-website.php> [info] Loading Page...
Jun 01 17:17:48 <admin-website.php> [info] Page Loaded!
Jun 01 17:20:08 <admin-website.php> [info] Loading Page...
Jun 01 17:20:08 <admin-website.php> [info] Page Loaded!
Jun 01 17:20:40 <admin-website.php> [info] Loading Page...
Jun 01 17:20:40 <admin-website.php> [info] Page Loaded!
Jun 01 17:23:12 <admin-website.php> [info] Loading Page...
Jun 01 17:23:13 <admin-website.php> [info] Page Loaded!
Jun 01 17:23:24 <admin-website.php> [info] Loading Page...
Jun 01 17:23:25 <admin-website.php> [info] Page Loaded!
Jun 01 17:24:18 <admin-website.php> [info] Loading Page...
Jun 01 17:24:18 <admin-website.php> [info] Page Loaded!
Jun 01 17:24:21 <admin-website.php> [info] Loading Page...
Jun 01 17:24:21 <admin-website.php> [info] Page Loaded!
Jun 01 17:24:39 <admin-website.php> [info] Loading Page...
Jun 01 17:24:39 <admin-website.php> [info] Page Loaded!
Jun 01 17:44:14 <admin-website.php> [info] Loading Page...
Jun 01 17:45:34 <admin-website.php> [info] Loading Page...
Jun 01 17:45:34 <admin-website.php> [info] Page Loaded!
Jun 01 17:55:51 <admin-website.php> [info] Loading Page...
Jun 01 17:55:51 <admin-website.php> [info] Page Loaded!
Jun 01 17:57:27 <admin-website.php> [info] Loading Page...
Jun 01 17:57:27 <admin-website.php> [info] Page Loaded!
Jun 01 17:58:30 <admin-website.php> [info] Loading Page...
Jun 01 17:58:30 <admin-patients.php> [info] Process Submit - register-patient
Jun 01 17:58:30 <admin-patients.php> [info] Patient successfully registered.
Jun 01 17:58:30 <admin-website.php> [info] Page Loaded!
Jun 01 17:59:05 <admin-website.php> [info] Loading Page...
Jun 01 17:59:05 <admin-website.php> [info] Page Loaded!
Jun 01 17:59:37 <admin-website.php> [info] Loading Page...
Jun 01 17:59:38 <admin-website.php> [info] Page Loaded!
Jun 01 18:00:18 <admin-website.php> [info] Loading Page...
Jun 01 18:00:18 <admin-website.php> [info] Page Loaded!
Jun 01 18:45:33 <admin-website.php> [error] Session ended!
Jun 01 18:45:33 <admin-website.php> [info] Loading Page...
Jun 01 18:45:33 <admin-website.php> [info] Page Loaded!
Jun 01 18:45:33 <admin-login.php> [info] Loading Page...
Jun 01 18:45:33 <admin-login.php> [info] Page Loaded!
Jun 01 18:46:19 <admin-login.php> [info] Loading Page...
Jun 01 18:46:19 <admin-login.php> [info] Process Submit - admin-login
Jun 01 18:46:19 <admin-login.php> [info] Page Loaded!
Jun 01 18:46:19 <admin-website.php> [info] Loading Page...
Jun 01 18:46:19 <admin-website.php> [info] Page Loaded!
Jun 01 18:46:23 <admin-website.php> [info] Loading Page...
Jun 01 18:46:23 <admin-boards.php> [info] Process Submit - register-board
Jun 01 18:46:23 <admin-boards.php> [info] Board successfully registered.
Jun 01 18:46:23 <admin-website.php> [info] Page Loaded!
Jun 01 18:46:25 <admin-website.php> [info] Loading Page...
Jun 01 18:46:25 <admin-website.php> [info] Page Loaded!
Jun 01 18:46:31 <admin-website.php> [info] Loading Page...
Jun 01 18:46:31 <admin-users.php> [info] Process Submit - register-user
Jun 01 18:46:31 <admin-users.php> [info] User successfully registered.
Jun 01 18:46:31 <admin-website.php> [info] Page Loaded!
Jun 01 18:46:33 <admin-website.php> [info] Loading Page...
Jun 01 18:46:33 <admin-website.php> [info] Page Loaded!
Jun 01 18:46:43 <admin-website.php> [info] Loading Page...
Jun 01 18:46:43 <admin-pharmacy.php> [info] Process Submit - register-medication
Jun 01 18:46:43 <admin-pharmacy.php> [info] Medication successfully registered.
Jun 01 18:46:43 <admin-website.php> [info] Page Loaded!
Jun 01 18:46:44 <admin-website.php> [info] Loading Page...
Jun 01 18:46:44 <admin-website.php> [info] Page Loaded!
Jun 01 18:48:39 <admin-website.php> [info] Loading Page...
Jun 01 18:48:39 <admin-patients.php> [info] Process Submit - register-patient
Jun 01 18:48:39 <admin-patients.php> [error] Invalid patient birthday.
Jun 01 18:48:39 <admin-website.php> [info] Page Loaded!
Jun 01 18:49:38 <admin-website.php> [info] Loading Page...
Jun 01 18:49:38 <admin-patients.php> [info] Process Submit - register-patient
Jun 01 18:49:38 <admin-patients.php> [error] Empty or invalid file format.
Jun 01 18:49:38 <admin-patients.php> [info] Patient successfully registered.
Jun 01 18:49:38 <admin-website.php> [info] Page Loaded!
Jun 01 18:49:52 <admin-website.php> [info] Loading Page...
Jun 01 18:49:52 <admin-website.php> [info] Page Loaded!
Jun 01 18:50:34 <admin-website.php> [info] Loading Page...
Jun 01 18:50:34 <admin-website.php> [info] Page Loaded!
Jun 01 19:29:25 <admin-website.php> [info] Loading Page...
Jun 01 19:29:25 <admin-website.php> [info] Page Loaded!
Jun 01 19:29:26 <admin-website.php> [info] Loading Page...
Jun 01 19:29:26 <admin-website.php> [info] Page Loaded!
Jun 01 19:31:18 <admin-website.php> [info] Loading Page...
Jun 01 19:31:18 <admin-website.php> [info] Page Loaded!
Jun 01 19:31:20 <admin-website.php> [info] Loading Page...
Jun 01 19:31:20 <admin-users.php> [info] Process Submit - delete
Jun 01 19:31:20 <admin-users.php> [info] User successfully deleted.
Jun 01 19:31:20 <admin-website.php> [info] Page Loaded!
Jun 01 19:31:22 <admin-website.php> [info] Loading Page...
Jun 01 19:31:22 <admin-website.php> [info] Page Loaded!
Jun 01 19:31:23 <admin-website.php> [info] Loading Page...
Jun 01 19:31:23 <admin-website.php> [info] Page Loaded!
Jun 01 19:31:30 <admin-website.php> [info] Loading Page...
Jun 01 19:31:30 <admin-website.php> [info] Page Loaded!
Jun 01 19:31:30 <admin-website.php> [info] Loading Page...
Jun 01 19:31:30 <admin-website.php> [info] Page Loaded!
Jun 01 19:31:31 <admin-website.php> [info] Loading Page...
Jun 01 19:31:31 <admin-website.php> [info] Page Loaded!
Jun 01 19:31:33 <admin-website.php> [info] Loading Page...
Jun 01 19:31:33 <admin-website.php> [info] Page Loaded!
Jun 01 19:31:38 <admin-website.php> [info] Loading Page...
Jun 01 19:31:38 <admin-boards.php> [info] Process Submit - register-board
Jun 01 19:31:38 <admin-boards.php> [info] Board successfully registered.
Jun 01 19:31:38 <admin-website.php> [info] Page Loaded!
Jun 01 19:31:43 <admin-website.php> [info] Loading Page...
Jun 01 19:31:43 <admin-boards.php> [info] Process Submit - register-board
Jun 01 19:31:43 <admin-boards.php> [info] Board successfully registered.
Jun 01 19:31:43 <admin-website.php> [info] Page Loaded!
Jun 01 19:31:48 <admin-website.php> [info] Loading Page...
Jun 01 19:31:48 <admin-boards.php> [info] Process Submit - register-board
Jun 01 19:31:48 <admin-boards.php> [info] Board successfully registered.
Jun 01 19:31:48 <admin-website.php> [info] Page Loaded!
Jun 01 19:31:49 <admin-website.php> [info] Loading Page...
Jun 01 19:31:49 <admin-website.php> [info] Page Loaded!
Jun 01 19:31:56 <admin-website.php> [info] Loading Page...
Jun 01 19:31:56 <admin-users.php> [info] Process Submit - register-user
Jun 01 19:31:56 <admin-users.php> [info] User successfully registered.
Jun 01 19:31:56 <admin-website.php> [info] Page Loaded!
Jun 01 19:31:59 <admin-website.php> [info] Loading Page...
Jun 01 19:31:59 <admin-website.php> [info] Page Loaded!
Jun 01 19:32:27 <admin-website.php> [info] Loading Page...
Jun 01 19:32:27 <admin-pharmacy.php> [info] Process Submit - register-medication
Jun 01 19:32:27 <admin-pharmacy.php> [info] Medication successfully registered.
Jun 01 19:32:27 <admin-website.php> [info] Page Loaded!
Jun 01 19:32:28 <admin-website.php> [info] Loading Page...
Jun 01 19:32:28 <admin-website.php> [info] Page Loaded!
Jun 01 19:33:16 <admin-website.php> [info] Loading Page...
Jun 01 19:33:16 <admin-patients.php> [info] Process Submit - register-patient
Jun 01 19:33:16 <admin-patients.php> [error] Empty or invalid file format.
Jun 01 19:33:16 <admin-patients.php> [info] Patient successfully registered.
Jun 01 19:33:16 <admin-website.php> [info] Page Loaded!
Jun 01 19:33:53 <admin-website.php> [info] Loading Page...
Jun 01 19:33:53 <admin-website.php> [info] Page Loaded!
Jun 01 19:34:10 <admin-website.php> [info] Loading Page...
Jun 01 19:34:10 <admin-website.php> [info] Page Loaded!
Jun 01 19:34:18 <admin-website.php> [info] Loading Page...
Jun 01 19:34:18 <admin-website.php> [info] Page Loaded!
Jun 01 19:55:50 <admin-website.php> [error] Session ended!
Jun 01 19:55:50 <admin-website.php> [info] Loading Page...
Jun 01 19:55:50 <admin-website.php> [info] Page Loaded!
Jun 01 19:55:50 <admin-login.php> [info] Loading Page...
Jun 01 19:55:50 <admin-login.php> [info] Page Loaded!
Jun 01 20:08:52 <admin-login.php> [info] Loading Page...
Jun 01 20:08:52 <admin-login.php> [info] Page Loaded!
Jun 01 20:09:26 <admin-login.php> [info] Loading Page...
Jun 01 20:09:26 <admin-login.php> [info] Page Loaded!
Jun 01 20:21:20 <admin-website.php> [error] Session ended!
Jun 01 20:21:20 <admin-website.php> [info] Loading Page...
Jun 01 20:21:20 <admin-website.php> [info] Page Loaded!
Jun 01 20:21:20 <admin-login.php> [info] Loading Page...
Jun 01 20:21:20 <admin-login.php> [info] Page Loaded!
Jun 01 20:21:21 <admin-login.php> [info] Loading Page...
Jun 01 20:21:21 <admin-login.php> [info] Process Submit - admin-login
Jun 01 20:21:21 <admin-login.php> [info] Page Loaded!
Jun 01 20:21:21 <admin-website.php> [info] Loading Page...
Jun 01 20:21:21 <admin-website.php> [info] Page Loaded!
Jun 01 20:21:24 <admin-website.php> [info] Loading Page...
Jun 01 20:21:24 <admin-website.php> [info] Page Loaded!
Jun 01 20:21:26 <admin-website.php> [info] Loading Page...
Jun 01 20:21:26 <admin-website.php> [info] Page Loaded!
Jun 01 20:21:27 <admin-login.php> [info] Loading Page...
Jun 01 20:21:27 <admin-login.php> [info] Page Loaded!
Jun 01 20:21:33 <admin-login.php> [info] Loading Page...
Jun 01 20:21:33 <admin-login.php> [info] Process Submit - admin-login
Jun 01 20:21:33 <admin-login.php> [error] Error invalid username or password.
Jun 01 20:21:33 <admin-login.php> [info] Page Loaded!
Jun 01 20:21:41 <admin-login.php> [info] Loading Page...
Jun 01 20:21:41 <admin-login.php> [info] Process Submit - admin-login
Jun 01 20:21:41 <admin-login.php> [error] Missing admin name.
Jun 01 20:21:41 <admin-login.php> [info] Page Loaded!
Jun 01 20:22:08 <admin-login.php> [info] Loading Page...
Jun 01 20:22:08 <admin-login.php> [info] Page Loaded!
Jun 01 20:22:13 <admin-login.php> [info] Loading Page...
Jun 01 20:22:13 <admin-login.php> [info] Page Loaded!
Jun 01 20:22:14 <admin-login.php> [info] Loading Page...
Jun 01 20:22:14 <admin-login.php> [info] Page Loaded!
Jun 01 20:22:14 <admin-login.php> [info] Loading Page...
Jun 01 20:22:14 <admin-login.php> [info] Page Loaded!
Jun 01 20:22:14 <admin-login.php> [info] Loading Page...
Jun 01 20:22:14 <admin-login.php> [info] Page Loaded!
Jun 01 20:22:14 <admin-login.php> [info] Loading Page...
Jun 01 20:22:14 <admin-login.php> [info] Page Loaded!
Jun 01 21:02:07 <admin-login.php> [info] Loading Page...
Jun 01 21:02:07 <admin-login.php> [info] Process Submit - admin-login
Jun 01 21:02:07 <admin-login.php> [info] Page Loaded!
Jun 01 21:02:07 <admin-website.php> [info] Loading Page...
Jun 01 21:02:07 <admin-website.php> [info] Page Loaded!
Jun 01 21:02:10 <admin-website.php> [info] Loading Page...
Jun 01 21:02:10 <admin-website.php> [info] Page Loaded!
Jun 01 21:02:17 <admin-website.php> [info] Loading Page...
Jun 01 21:02:17 <admin-website.php> [info] Page Loaded!
Jun 01 21:02:22 <admin-website.php> [info] Loading Page...
Jun 01 21:02:22 <admin-pharmacy.php> [info] Process Submit - delete
Jun 01 21:02:22 <admin-pharmacy.php> [info] Medication successfully deleted.
Jun 01 21:02:22 <admin-website.php> [info] Page Loaded!
Jun 01 21:02:23 <admin-website.php> [info] Loading Page...
Jun 01 21:02:23 <admin-website.php> [info] Page Loaded!
Jun 01 21:02:27 <admin-website.php> [info] Loading Page...
Jun 01 21:02:27 <admin-website.php> [info] Page Loaded!
Jun 01 21:02:37 <admin-website.php> [info] Loading Page...
Jun 01 21:02:37 <admin-pharmacy.php> [info] Process Submit - register-medication
Jun 01 21:02:37 <admin-pharmacy.php> [info] Medication successfully registered.
Jun 01 21:02:37 <admin-website.php> [info] Page Loaded!
Jun 01 21:02:39 <admin-website.php> [info] Loading Page...
Jun 01 21:02:39 <admin-website.php> [info] Page Loaded!
Jun 01 21:03:20 <admin-website.php> [info] Loading Page...
Jun 01 21:03:20 <admin-website.php> [info] Page Loaded!
Jun 01 21:03:22 <admin-website.php> [info] Loading Page...
Jun 01 21:03:22 <admin-website.php> [info] Page Loaded!
Jun 01 21:03:40 <admin-website.php> [info] Loading Page...
Jun 01 21:03:40 <admin-website.php> [info] Page Loaded!
Jun 01 21:03:43 <admin-website.php> [info] Loading Page...
Jun 01 21:03:43 <admin-website.php> [info] Page Loaded!
Jun 01 21:03:44 <admin-website.php> [info] Loading Page...
Jun 01 21:03:44 <admin-website.php> [info] Page Loaded!
Jun 01 21:03:46 <admin-website.php> [info] Loading Page...
Jun 01 21:03:46 <admin-website.php> [info] Page Loaded!
Jun 01 21:19:45 <admin-website.php> [info] Loading Page...
Jun 01 21:19:45 <admin-website.php> [info] Page Loaded!
Jun 01 21:27:10 <admin-website.php> [info] Loading Page...
Jun 01 21:27:10 <admin-website.php> [info] Page Loaded!
Jun 01 21:27:27 <admin-website.php> [info] Loading Page...
Jun 01 21:27:27 <admin-website.php> [info] Page Loaded!
Jun 01 21:29:51 <admin-website.php> [info] Loading Page...
Jun 01 21:29:51 <admin-website.php> [info] Page Loaded!
Jun 01 21:29:53 <admin-website.php> [info] Loading Page...
Jun 01 21:29:53 <admin-website.php> [info] Page Loaded!
Jun 01 21:29:55 <admin-website.php> [info] Loading Page...
Jun 01 21:29:55 <admin-website.php> [info] Page Loaded!
Jun 01 21:29:58 <admin-website.php> [info] Loading Page...
Jun 01 21:29:58 <admin-website.php> [info] Page Loaded!
Jun 01 21:30:53 <admin-website.php> [info] Loading Page...
Jun 01 21:30:54 <admin-website.php> [info] Page Loaded!
Jun 01 21:30:54 <admin-website.php> [info] Loading Page...
Jun 01 21:30:54 <admin-website.php> [info] Page Loaded!
Jun 01 21:30:55 <admin-website.php> [info] Loading Page...
Jun 01 21:30:55 <admin-website.php> [info] Page Loaded!
Jun 01 21:30:56 <admin-website.php> [info] Loading Page...
Jun 01 21:30:56 <admin-website.php> [info] Page Loaded!
Jun 01 21:30:57 <admin-website.php> [info] Loading Page...
Jun 01 21:30:57 <admin-website.php> [info] Page Loaded!
Jun 01 21:31:22 <admin-website.php> [info] Loading Page...
Jun 01 21:31:22 <admin-website.php> [info] Page Loaded!
Jun 01 21:31:22 <admin-website.php> [info] Loading Page...
Jun 01 21:31:22 <admin-website.php> [info] Page Loaded!
Jun 01 21:31:29 <admin-website.php> [info] Loading Page...
Jun 01 21:31:29 <admin-website.php> [info] Page Loaded!
Jun 01 21:34:59 <admin-website.php> [info] Loading Page...
Jun 01 21:34:59 <admin-website.php> [info] Page Loaded!
Jun 01 21:35:15 <admin-website.php> [info] Loading Page...
Jun 01 21:35:15 <admin-tests.php> [info] Process Submit - save-health
Jun 01 21:35:15 <admin-tests.php> [info] Health values successfully saved.
Jun 01 21:35:15 <admin-website.php> [info] Page Loaded!
Jun 01 21:35:36 <admin-website.php> [info] Loading Page...
Jun 01 21:35:36 <admin-tests.php> [info] Process Submit - save-health
Jun 01 21:35:36 <admin-tests.php> [info] Health values successfully saved.
Jun 01 21:35:36 <admin-website.php> [info] Page Loaded!
Jun 01 21:35:45 <admin-website.php> [info] Loading Page...
Jun 01 21:35:46 <admin-website.php> [info] Page Loaded!
Jun 01 21:35:49 <admin-website.php> [info] Loading Page...
Jun 01 21:35:49 <admin-website.php> [info] Page Loaded!
Jun 01 21:36:11 <admin-website.php> [info] Loading Page...
Jun 01 21:36:11 <admin-tests.php> [info] Process Submit - save-health
Jun 01 21:36:11 <admin-tests.php> [info] Health values successfully saved.
Jun 01 21:36:11 <admin-website.php> [info] Page Loaded!
Jun 01 21:36:58 <admin-website.php> [info] Loading Page...
Jun 01 21:36:58 <admin-tests.php> [info] Process Submit - save-health
Jun 01 21:36:58 <admin-tests.php> [info] Health values successfully saved.
Jun 01 21:36:58 <admin-website.php> [info] Page Loaded!
Jun 01 21:37:33 <admin-website.php> [info] Loading Page...
Jun 01 21:37:33 <admin-tests.php> [info] Process Submit - save-health
Jun 01 21:37:33 <admin-tests.php> [info] Health values successfully saved.
Jun 01 21:37:33 <admin-website.php> [info] Page Loaded!
Jun 01 21:38:07 <admin-website.php> [info] Loading Page...
Jun 01 21:38:07 <admin-tests.php> [info] Process Submit - save-health
Jun 01 21:38:07 <admin-tests.php> [info] Health values successfully saved.
Jun 01 21:38:07 <admin-website.php> [info] Page Loaded!
Jun 01 21:54:09 <admin-website.php> [info] Loading Page...
Jun 01 21:54:09 <admin-website.php> [info] Page Loaded!
Jun 01 21:54:10 <admin-website.php> [info] Loading Page...
Jun 01 21:54:10 <admin-website.php> [info] Page Loaded!
Jun 01 21:56:27 <admin-website.php> [info] Loading Page...
Jun 01 21:56:27 <admin-patients.php> [info] Process Submit - register-patient
Jun 01 21:56:27 <admin-patients.php> [info] Patient successfully registered.
Jun 01 21:56:27 <admin-website.php> [info] Page Loaded!
Jun 01 21:56:42 <admin-website.php> [info] Loading Page...
Jun 01 21:56:42 <admin-website.php> [info] Page Loaded!
Jun 01 21:56:45 <admin-website.php> [info] Loading Page...
Jun 01 21:56:45 <admin-website.php> [info] Page Loaded!
Jun 01 21:59:04 <admin-website.php> [info] Loading Page...
Jun 01 21:59:04 <admin-website.php> [info] Page Loaded!
Jun 01 21:59:23 <admin-website.php> [info] Loading Page...
Jun 01 21:59:23 <admin-website.php> [info] Page Loaded!
Jun 01 22:02:42 <admin-website.php> [error] Session ended!
Jun 01 22:02:42 <admin-website.php> [info] Loading Page...
Jun 01 22:02:42 <admin-website.php> [info] Page Loaded!
Jun 01 22:02:42 <admin-login.php> [info] Loading Page...
Jun 01 22:02:42 <admin-login.php> [info] Page Loaded!
Jun 01 22:02:53 <admin-login.php> [info] Loading Page...
Jun 01 22:02:53 <admin-login.php> [info] Page Loaded!
Jun 01 22:03:02 <admin-login.php> [info] Loading Page...
Jun 01 22:03:02 <admin-login.php> [info] Process Submit - admin-login
Jun 01 22:03:02 <admin-login.php> [info] Page Loaded!
Jun 01 22:03:02 <admin-website.php> [info] Loading Page...
Jun 01 22:03:02 <admin-website.php> [info] Page Loaded!
Jun 01 22:03:04 <admin-website.php> [info] Loading Page...
Jun 01 22:03:04 <admin-website.php> [info] Page Loaded!
Jun 01 22:03:37 <admin-website.php> [info] Loading Page...
Jun 01 22:03:37 <admin-patients.php> [info] Process Submit - delete
Jun 01 22:03:37 <admin-patients.php> [info] Patient successfully deleted.
Jun 01 22:03:37 <admin-website.php> [info] Page Loaded!
Jun 01 22:04:15 <admin-website.php> [info] Loading Page...
Jun 01 22:04:15 <admin-patients.php> [info] Process Submit - register-patient
Jun 01 22:04:15 <admin-patients.php> [error] File already exists.
Jun 01 22:04:15 <admin-patients.php> [info] Patient successfully registered.
Jun 01 22:04:15 <admin-website.php> [info] Page Loaded!
Jun 01 22:04:33 <admin-website.php> [info] Loading Page...
Jun 01 22:04:33 <admin-patients.php> [info] Process Submit - delete
Jun 01 22:04:33 <admin-patients.php> [info] Patient successfully deleted.
Jun 01 22:04:33 <admin-website.php> [info] Page Loaded!
Jun 01 22:05:06 <admin-website.php> [info] Loading Page...
Jun 01 22:05:06 <admin-patients.php> [info] Process Submit - register-patient
Jun 01 22:05:06 <admin-patients.php> [info] Patient successfully registered.
Jun 01 22:05:06 <admin-website.php> [info] Page Loaded!
