May 01 16:56:29 <admin-website.php> [error] Session ended!
May 01 16:56:29 <admin-website.php> [info] Loading Page...
May 01 16:56:29 <admin-website.php> [info] Page Loaded!
May 01 16:56:29 <admin-login.php> [info] Loading Page...
May 01 16:56:29 <admin-login.php> [info] Page Loaded!
May 01 16:56:30 <admin-login.php> [info] Loading Page...
May 01 16:56:30 <admin-login.php> [info] Process Submit - admin-login
May 01 16:56:30 <admin-login.php> [info] Page Loaded!
May 01 16:56:30 <admin-website.php> [info] Loading Page...
May 01 16:56:30 <admin-website.php> [info] Page Loaded!
May 01 16:56:33 <admin-website.php> [info] Loading Page...
May 01 16:56:33 <admin-website.php> [info] Page Loaded!
May 01 17:00:56 <admin-website.php> [info] Loading Page...
May 01 17:00:56 <admin-tests.php> [info] Process Submit - save-health
May 01 17:00:56 <admin-tests.php> [info] Health values successfully saved.
May 01 17:00:56 <admin-website.php> [info] Page Loaded!
May 01 17:15:50 <admin-website.php> [info] Loading Page...
May 01 17:15:50 <admin-tests.php> [info] Process Submit - save-health
May 01 17:15:50 <admin-tests.php> [info] Health values successfully saved.
May 01 17:15:50 <admin-website.php> [info] Page Loaded!
May 01 17:16:21 <admin-website.php> [info] Loading Page...
May 01 17:16:21 <admin-tests.php> [info] Process Submit - save-health
May 01 17:16:21 <admin-tests.php> [info] Health values successfully saved.
May 01 17:16:21 <admin-website.php> [info] Page Loaded!
May 01 17:55:19 <admin-website.php> [error] Session ended!
May 01 17:55:19 <admin-website.php> [info] Loading Page...
May 01 17:55:19 <admin-website.php> [info] Page Loaded!
May 01 17:55:19 <admin-login.php> [info] Loading Page...
May 01 17:55:19 <admin-login.php> [info] Page Loaded!
May 01 17:55:22 <admin-login.php> [info] Loading Page...
May 01 17:55:22 <admin-login.php> [info] Process Submit - admin-login
May 01 17:55:22 <admin-login.php> [info] Page Loaded!
May 01 17:55:22 <admin-website.php> [info] Loading Page...
May 01 17:55:22 <admin-website.php> [info] Page Loaded!
May 01 17:55:24 <admin-website.php> [info] Loading Page...
May 01 17:55:24 <admin-website.php> [info] Page Loaded!
May 01 17:55:34 <admin-website.php> [info] Loading Page...
May 01 17:55:34 <admin-tests.php> [info] Process Submit - save-health
May 01 17:55:34 <admin-tests.php> [info] Health values successfully saved.
May 01 17:55:34 <admin-website.php> [info] Page Loaded!
May 01 20:00:51 <admin-website.php> [error] Session ended!
May 01 20:00:51 <admin-website.php> [info] Loading Page...
May 01 20:00:51 <admin-website.php> [info] Page Loaded!
May 01 20:00:51 <admin-login.php> [info] Loading Page...
May 01 20:00:51 <admin-login.php> [info] Page Loaded!
May 01 20:00:53 <admin-login.php> [info] Loading Page...
May 01 20:00:53 <admin-login.php> [info] Process Submit - admin-login
May 01 20:00:53 <admin-login.php> [info] Page Loaded!
May 01 20:00:53 <admin-website.php> [info] Loading Page...
May 01 20:00:53 <admin-website.php> [info] Page Loaded!
May 01 20:00:55 <admin-website.php> [info] Loading Page...
May 01 20:00:55 <admin-website.php> [info] Page Loaded!
May 01 20:01:03 <admin-website.php> [info] Loading Page...
May 01 20:01:03 <admin-website.php> [info] Page Loaded!
May 01 20:01:08 <admin-website.php> [info] Loading Page...
May 01 20:01:08 <admin-website.php> [info] Page Loaded!
May 01 20:01:16 <admin-website.php> [info] Loading Page...
May 01 20:01:16 <admin-boards.php> [info] Process Submit - register-board
May 01 20:01:16 <admin-boards.php> [info] Board successfully registered.
May 01 20:01:16 <admin-website.php> [info] Page Loaded!
May 01 20:01:20 <admin-website.php> [info] Loading Page...
May 01 20:01:20 <admin-boards.php> [info] Process Submit - register-board
May 01 20:01:20 <admin-boards.php> [info] Board successfully registered.
May 01 20:01:20 <admin-website.php> [info] Page Loaded!
May 01 20:01:24 <admin-website.php> [info] Loading Page...
May 01 20:01:24 <admin-website.php> [info] Page Loaded!
May 01 20:01:27 <admin-website.php> [info] Loading Page...
May 01 20:01:27 <admin-website.php> [info] Page Loaded!
May 01 20:01:28 <admin-website.php> [info] Loading Page...
May 01 20:01:28 <admin-website.php> [info] Page Loaded!
May 01 20:01:35 <admin-website.php> [info] Loading Page...
May 01 20:01:35 <admin-website.php> [info] Page Loaded!
May 01 20:01:36 <admin-website.php> [info] Loading Page...
May 01 20:01:36 <admin-website.php> [info] Page Loaded!
May 01 20:01:38 <admin-website.php> [info] Loading Page...
May 01 20:01:38 <admin-website.php> [info] Page Loaded!
May 01 21:28:04 <admin-website.php> [error] Session ended!
May 01 21:28:04 <admin-website.php> [info] Loading Page...
May 01 21:28:04 <admin-login.php> [info] Loading Page...
May 01 21:28:04 <admin-login.php> [info] Page Loaded!
May 01 21:28:05 <admin-login.php> [info] Loading Page...
May 01 21:28:05 <admin-login.php> [info] Process Submit - admin-login
May 01 21:28:05 <admin-login.php> [error] Error invalid username or password.
May 01 21:28:05 <admin-login.php> [info] Page Loaded!
May 01 21:28:08 <admin-login.php> [info] Loading Page...
May 01 21:28:08 <admin-login.php> [info] Process Submit - admin-login
May 01 21:28:08 <admin-login.php> [error] Error invalid username or password.
May 01 21:28:08 <admin-login.php> [info] Page Loaded!
