May 02 00:53:31 <admin-website.php> [error] Session ended!
May 02 00:53:31 <admin-website.php> [info] Loading Page...
May 02 00:53:31 <admin-website.php> [info] Page Loaded!
May 02 00:53:31 <admin-login.php> [info] Loading Page...
May 02 00:53:31 <admin-login.php> [info] Page Loaded!
May 02 00:53:32 <admin-login.php> [info] Loading Page...
May 02 00:53:32 <admin-login.php> [info] Process Submit - admin-login
May 02 00:53:32 <admin-login.php> [info] Page Loaded!
May 02 00:53:32 <admin-website.php> [info] Loading Page...
May 02 00:53:32 <admin-website.php> [info] Page Loaded!
May 02 00:53:40 <admin-website.php> [info] Loading Page...
May 02 00:53:40 <admin-boards.php> [info] Process Submit - register-board
May 02 00:53:40 <admin-boards.php> [error] Error registering board.
May 02 00:53:40 <admin-website.php> [info] Page Loaded!
May 02 00:53:58 <admin-website.php> [info] Loading Page...
May 02 00:53:58 <admin-boards.php> [info] Process Submit - delete
May 02 00:53:58 <admin-boards.php> [error] Missing board ID.
May 02 00:53:58 <admin-website.php> [info] Page Loaded!
May 02 00:54:01 <admin-website.php> [info] Loading Page...
May 02 00:54:01 <admin-boards.php> [info] Process Submit - delete
May 02 00:54:01 <admin-boards.php> [error] Missing board ID.
May 02 00:54:01 <admin-website.php> [info] Page Loaded!
May 02 00:56:01 <admin-website.php> [info] Loading Page...
May 02 00:56:01 <admin-website.php> [info] Page Loaded!
May 02 00:56:04 <admin-website.php> [info] Loading Page...
May 02 00:56:04 <admin-boards.php> [info] Process Submit - delete
May 02 00:56:04 <admin-boards.php> [info] Board successfully deleted.
May 02 00:56:04 <admin-website.php> [info] Page Loaded!
May 02 00:56:08 <admin-website.php> [info] Loading Page...
May 02 00:56:09 <admin-boards.php> [info] Process Submit - register-board
May 02 00:56:09 <admin-boards.php> [info] Board successfully registered.
May 02 00:56:09 <admin-website.php> [info] Page Loaded!
May 02 00:56:12 <admin-website.php> [info] Loading Page...
May 02 00:56:12 <admin-boards.php> [info] Process Submit - register-board
May 02 00:56:12 <admin-boards.php> [info] Board successfully registered.
May 02 00:56:12 <admin-website.php> [info] Page Loaded!
May 02 00:56:15 <admin-website.php> [info] Loading Page...
May 02 00:56:15 <admin-boards.php> [info] Process Submit - register-board
May 02 00:56:15 <admin-boards.php> [info] Board successfully registered.
May 02 00:56:15 <admin-website.php> [info] Page Loaded!
May 02 00:56:20 <admin-website.php> [info] Loading Page...
May 02 00:56:20 <admin-website.php> [info] Page Loaded!
May 02 00:56:30 <admin-website.php> [info] Loading Page...
May 02 00:56:30 <admin-website.php> [info] Page Loaded!
May 02 00:59:45 <admin-website.php> [info] Loading Page...
May 02 00:59:45 <admin-website.php> [info] Page Loaded!
May 02 01:00:27 <admin-website.php> [info] Loading Page...
May 02 01:00:27 <admin-website.php> [info] Page Loaded!
May 02 01:01:52 <admin-website.php> [info] Loading Page...
May 02 01:01:52 <admin-website.php> [info] Page Loaded!
May 02 01:04:21 <admin-website.php> [info] Loading Page...
May 02 01:04:21 <admin-website.php> [info] Page Loaded!
May 02 01:04:23 <admin-website.php> [info] Loading Page...
May 02 01:04:23 <admin-website.php> [info] Page Loaded!
May 02 01:13:30 <admin-website.php> [info] Loading Page...
May 02 01:13:30 <admin-website.php> [info] Page Loaded!
May 02 01:13:31 <admin-website.php> [info] Loading Page...
May 02 01:13:31 <admin-website.php> [info] Page Loaded!
May 02 01:13:45 <admin-website.php> [info] Loading Page...
May 02 01:13:45 <admin-website.php> [info] Page Loaded!
May 02 01:13:50 <admin-website.php> [info] Loading Page...
May 02 01:13:50 <admin-users.php> [info] Process Submit - register-user
May 02 01:13:50 <admin-users.php> [error] Error registering user.
May 02 01:13:50 <admin-website.php> [info] Page Loaded!
May 02 01:14:17 <admin-website.php> [info] Loading Page...
May 02 01:14:17 <admin-users.php> [info] Process Submit - delete
May 02 01:14:17 <admin-users.php> [info] User successfully deleted.
May 02 01:14:17 <admin-website.php> [info] Page Loaded!
May 02 01:16:35 <admin-website.php> [info] Loading Page...
May 02 01:16:35 <admin-users.php> [info] Process Submit - register-user
May 02 01:16:35 <admin-users.php> [error] Missing board.
May 02 01:16:35 <admin-website.php> [info] Page Loaded!
May 02 01:17:00 <admin-website.php> [info] Loading Page...
May 02 01:17:00 <admin-website.php> [info] Page Loaded!
May 02 01:17:14 <admin-website.php> [info] Loading Page...
May 02 01:17:14 <admin-users.php> [info] Process Submit - register-user
May 02 01:17:14 <admin-users.php> [error] Error registering user.
May 02 01:17:14 <admin-website.php> [info] Page Loaded!
May 02 01:17:18 <admin-website.php> [info] Loading Page...
May 02 01:17:18 <admin-users.php> [info] Process Submit - delete
May 02 01:17:18 <admin-users.php> [info] User successfully deleted.
May 02 01:17:18 <admin-website.php> [info] Page Loaded!
May 02 01:18:43 <admin-website.php> [info] Loading Page...
May 02 01:18:43 <admin-users.php> [info] Process Submit - register-user
May 02 01:18:43 <admin-users.php> [error] Error registering user.
May 02 01:18:43 <admin-website.php> [info] Page Loaded!
May 02 01:19:18 <admin-website.php> [info] Loading Page...
May 02 01:19:18 <admin-users.php> [info] Process Submit - delete
May 02 01:19:18 <admin-users.php> [info] User successfully deleted.
May 02 01:19:18 <admin-website.php> [info] Page Loaded!
May 02 01:19:23 <admin-website.php> [info] Loading Page...
May 02 01:19:23 <admin-users.php> [info] Process Submit - register-user
May 02 01:19:23 <admin-users.php> [info] User successfully registered.
May 02 01:19:23 <admin-website.php> [info] Page Loaded!
May 02 01:19:37 <admin-website.php> [info] Loading Page...
May 02 01:19:37 <admin-website.php> [info] Page Loaded!
May 02 01:20:00 <admin-website.php> [info] Loading Page...
May 02 01:20:00 <admin-website.php> [info] Page Loaded!
May 02 01:20:04 <admin-website.php> [info] Loading Page...
May 02 01:20:04 <admin-website.php> [info] Page Loaded!
May 02 01:20:26 <admin-website.php> [info] Loading Page...
May 02 01:20:26 <admin-website.php> [info] Page Loaded!
May 02 01:22:35 <admin-website.php> [info] Loading Page...
May 02 01:22:35 <admin-website.php> [info] Page Loaded!
May 02 01:23:05 <admin-website.php> [info] Loading Page...
May 02 01:23:05 <admin-website.php> [info] Page Loaded!
May 02 01:23:29 <admin-website.php> [info] Loading Page...
May 02 01:23:29 <admin-website.php> [info] Page Loaded!
May 02 01:23:53 <admin-website.php> [info] Loading Page...
May 02 01:23:53 <admin-website.php> [info] Page Loaded!
May 02 01:28:07 <admin-website.php> [info] Loading Page...
May 02 01:28:07 <admin-website.php> [info] Page Loaded!
May 02 01:29:08 <admin-website.php> [info] Loading Page...
May 02 01:29:08 <admin-website.php> [info] Page Loaded!
May 02 01:29:19 <admin-website.php> [info] Loading Page...
May 02 01:29:19 <admin-patients.php> [info] Process Submit - register-patient
May 02 01:29:19 <admin-patients.php> [error] Error registering patient.
May 02 01:29:19 <admin-website.php> [info] Page Loaded!
May 02 01:29:28 <admin-website.php> [info] Loading Page...
May 02 01:29:28 <admin-patients.php> [info] Process Submit - register-patient
May 02 01:29:28 <admin-patients.php> [error] Error registering patient.
May 02 01:29:28 <admin-website.php> [info] Page Loaded!
May 02 01:29:56 <admin-website.php> [info] Loading Page...
May 02 01:29:56 <admin-patients.php> [info] Process Submit - register-patient
May 02 01:29:56 <admin-patients.php> [error] Error registering patient.
May 02 01:29:56 <admin-website.php> [info] Page Loaded!
May 02 01:29:57 <admin-website.php> [info] Loading Page...
May 02 01:29:57 <admin-patients.php> [info] Process Submit - register-patient
May 02 01:29:57 <admin-patients.php> [error] Error registering patient.
May 02 01:29:57 <admin-website.php> [info] Page Loaded!
May 02 01:29:58 <admin-website.php> [info] Loading Page...
May 02 01:29:58 <admin-patients.php> [info] Process Submit - register-patient
May 02 01:29:58 <admin-patients.php> [error] Error registering patient.
May 02 01:29:58 <admin-website.php> [info] Page Loaded!
May 02 01:30:03 <admin-website.php> [info] Loading Page...
May 02 01:30:03 <admin-patients.php> [info] Process Submit - register-patient
May 02 01:30:03 <admin-patients.php> [error] Error registering patient.
May 02 01:30:03 <admin-website.php> [info] Page Loaded!
May 02 01:30:06 <admin-website.php> [info] Loading Page...
May 02 01:30:06 <admin-website.php> [info] Page Loaded!
May 02 01:30:08 <admin-website.php> [info] Loading Page...
May 02 01:30:08 <admin-website.php> [info] Page Loaded!
May 02 01:30:09 <admin-website.php> [info] Loading Page...
May 02 01:30:09 <admin-website.php> [info] Page Loaded!
May 02 01:31:17 <admin-website.php> [info] Loading Page...
May 02 01:31:17 <admin-website.php> [info] Page Loaded!
May 02 01:31:27 <admin-website.php> [info] Loading Page...
May 02 01:31:27 <admin-patients.php> [info] Process Submit - register-patient
May 02 01:31:27 <admin-patients.php> [error] Error registering patient.
May 02 01:31:27 <admin-website.php> [info] Page Loaded!
May 02 01:31:48 <admin-website.php> [info] Loading Page...
May 02 01:31:48 <admin-website.php> [info] Page Loaded!
May 02 01:31:54 <admin-website.php> [info] Loading Page...
May 02 01:31:54 <admin-patients.php> [info] Process Submit - register-patient
May 02 01:31:54 <admin-patients.php> [error] Error registering patient.
May 02 01:31:54 <admin-website.php> [info] Page Loaded!
May 02 01:32:19 <admin-website.php> [info] Loading Page...
May 02 01:32:19 <admin-patients.php> [info] Process Submit - register-patient
May 02 01:32:19 <admin-patients.php> [error] Error registering patient.
May 02 01:32:19 <admin-website.php> [info] Page Loaded!
May 02 01:32:25 <admin-website.php> [info] Loading Page...
May 02 01:32:25 <admin-patients.php> [info] Process Submit - register-patient
May 02 01:32:25 <admin-patients.php> [error] Error registering patient.
May 02 01:32:25 <admin-website.php> [info] Page Loaded!
May 02 01:32:26 <admin-website.php> [info] Loading Page...
May 02 01:32:26 <admin-patients.php> [info] Process Submit - register-patient
May 02 01:32:26 <admin-patients.php> [error] Error registering patient.
May 02 01:32:26 <admin-website.php> [info] Page Loaded!
May 02 01:32:49 <admin-website.php> [info] Loading Page...
May 02 01:32:49 <admin-patients.php> [info] Process Submit - register-patient
May 02 01:32:49 <admin-patients.php> [info] Patient successfully registered.
May 02 01:32:49 <admin-website.php> [info] Page Loaded!
May 02 01:33:15 <admin-website.php> [info] Loading Page...
May 02 01:33:15 <admin-website.php> [info] Page Loaded!
May 02 01:33:20 <admin-website.php> [info] Loading Page...
May 02 01:33:20 <admin-patients.php> [info] Process Submit - delete
May 02 01:33:20 <admin-patients.php> [info] Patient successfully deleted.
May 02 01:33:20 <admin-website.php> [info] Page Loaded!
May 02 01:34:05 <admin-website.php> [info] Loading Page...
May 02 01:35:42 <admin-website.php> [info] Loading Page...
May 02 01:35:42 <admin-website.php> [info] Page Loaded!
May 02 01:35:56 <admin-website.php> [info] Loading Page...
May 02 01:35:56 <admin-tests.php> [info] Process Submit - save-health
May 02 01:36:10 <admin-website.php> [info] Loading Page...
May 02 01:36:10 <admin-website.php> [info] Page Loaded!
May 02 01:36:18 <admin-website.php> [info] Loading Page...
May 02 01:36:18 <admin-tests.php> [info] Process Submit - save-health
May 02 01:36:18 <admin-tests.php> [error] Error saving health values.
May 02 01:36:18 <admin-website.php> [info] Page Loaded!
May 02 01:37:55 <admin-website.php> [info] Loading Page...
May 02 01:37:55 <admin-tests.php> [info] Process Submit - save-health
May 02 01:37:55 <admin-tests.php> [info] Health values successfully saved.
May 02 01:37:55 <admin-website.php> [info] Page Loaded!
May 02 01:38:04 <admin-website.php> [info] Loading Page...
May 02 01:38:04 <admin-website.php> [info] Page Loaded!
May 02 01:39:08 <admin-website.php> [info] Loading Page...
May 02 01:39:08 <admin-website.php> [info] Page Loaded!
May 02 01:39:16 <admin-website.php> [info] Loading Page...
May 02 01:39:16 <admin-patients.php> [info] Process Submit - register-patient
May 02 01:39:16 <admin-patients.php> [info] Patient successfully registered.
May 02 01:39:16 <admin-website.php> [info] Page Loaded!
May 02 01:39:17 <admin-website.php> [info] Loading Page...
May 02 01:39:18 <admin-website.php> [info] Page Loaded!
May 02 01:41:33 <admin-website.php> [info] Loading Page...
May 02 01:41:33 <admin-website.php> [info] Page Loaded!
May 02 01:45:32 <admin-website.php> [info] Loading Page...
May 02 01:45:32 <admin-website.php> [info] Page Loaded!
May 02 01:49:46 <admin-website.php> [info] Loading Page...
May 02 01:49:46 <admin-website.php> [info] Page Loaded!
May 02 01:50:52 <admin-website.php> [info] Loading Page...
May 02 01:50:52 <admin-website.php> [info] Page Loaded!
May 02 01:50:53 <admin-website.php> [info] Loading Page...
May 02 01:50:54 <admin-website.php> [info] Page Loaded!
May 02 01:51:33 <admin-website.php> [info] Loading Page...
May 02 01:51:33 <admin-website.php> [info] Page Loaded!
May 02 01:52:19 <admin-website.php> [info] Loading Page...
May 02 01:52:19 <admin-website.php> [info] Page Loaded!
May 02 01:52:22 <admin-website.php> [info] Loading Page...
May 02 01:52:22 <admin-website.php> [info] Page Loaded!
May 02 01:52:24 <admin-website.php> [info] Loading Page...
May 02 01:52:24 <admin-website.php> [info] Page Loaded!
May 02 01:52:25 <admin-website.php> [info] Loading Page...
May 02 01:52:25 <admin-website.php> [info] Page Loaded!
May 02 02:05:16 <admin-website.php> [error] Session ended!
May 02 02:05:16 <admin-website.php> [info] Loading Page...
May 02 02:05:16 <admin-website.php> [info] Page Loaded!
May 02 02:05:16 <admin-login.php> [info] Loading Page...
May 02 02:05:16 <admin-login.php> [info] Page Loaded!
May 02 02:05:17 <admin-login.php> [info] Loading Page...
May 02 02:05:17 <admin-login.php> [info] Process Submit - admin-login
May 02 02:05:17 <admin-login.php> [info] Page Loaded!
May 02 02:05:17 <admin-website.php> [info] Loading Page...
May 02 02:05:17 <admin-website.php> [info] Page Loaded!
May 02 02:05:19 <admin-website.php> [info] Loading Page...
May 02 02:05:19 <admin-website.php> [info] Page Loaded!
May 02 02:05:22 <admin-website.php> [info] Loading Page...
May 02 02:05:22 <admin-website.php> [info] Page Loaded!
May 02 02:05:23 <admin-website.php> [info] Loading Page...
May 02 02:05:23 <admin-website.php> [info] Page Loaded!
May 02 02:05:23 <admin-website.php> [info] Loading Page...
May 02 02:05:23 <admin-website.php> [info] Page Loaded!
May 02 02:05:25 <admin-website.php> [info] Loading Page...
May 02 02:05:25 <admin-website.php> [info] Page Loaded!
May 02 02:05:25 <admin-website.php> [info] Loading Page...
May 02 02:05:25 <admin-website.php> [info] Page Loaded!
May 02 02:05:26 <admin-website.php> [info] Loading Page...
May 02 02:05:26 <admin-website.php> [info] Page Loaded!
May 02 02:05:26 <admin-website.php> [info] Loading Page...
May 02 02:05:26 <admin-website.php> [info] Page Loaded!
May 02 02:05:28 <admin-website.php> [info] Loading Page...
May 02 02:05:28 <admin-website.php> [info] Page Loaded!
May 02 02:05:28 <admin-website.php> [info] Loading Page...
May 02 02:05:28 <admin-website.php> [info] Page Loaded!
May 02 02:05:31 <admin-website.php> [info] Loading Page...
May 02 02:05:31 <admin-website.php> [info] Page Loaded!
May 02 02:06:05 <admin-website.php> [info] Loading Page...
May 02 02:06:05 <admin-website.php> [info] Page Loaded!
May 02 02:06:07 <admin-website.php> [info] Loading Page...
May 02 02:06:07 <admin-website.php> [info] Page Loaded!
May 02 02:06:09 <admin-website.php> [info] Loading Page...
May 02 02:06:09 <admin-website.php> [info] Page Loaded!
May 02 02:06:10 <admin-website.php> [info] Loading Page...
May 02 02:06:10 <admin-website.php> [info] Page Loaded!
May 02 02:06:10 <admin-website.php> [info] Loading Page...
May 02 02:06:10 <admin-website.php> [info] Page Loaded!
May 02 02:06:15 <admin-website.php> [info] Loading Page...
May 02 02:06:15 <admin-website.php> [info] Page Loaded!
May 02 02:06:17 <admin-website.php> [info] Loading Page...
May 02 02:06:17 <admin-website.php> [info] Page Loaded!
May 02 02:06:18 <admin-website.php> [info] Loading Page...
May 02 02:06:18 <admin-website.php> [info] Page Loaded!
May 02 02:06:42 <admin-website.php> [info] Loading Page...
May 02 02:06:42 <admin-website.php> [info] Page Loaded!
May 02 02:06:55 <admin-website.php> [info] Loading Page...
May 02 02:06:55 <admin-website.php> [info] Page Loaded!
May 02 02:06:57 <admin-website.php> [info] Loading Page...
May 02 02:06:57 <admin-website.php> [info] Page Loaded!
May 02 02:06:57 <admin-website.php> [info] Loading Page...
May 02 02:06:57 <admin-website.php> [info] Page Loaded!
May 02 02:06:58 <admin-website.php> [info] Loading Page...
May 02 02:06:58 <admin-website.php> [info] Page Loaded!
May 02 02:07:08 <admin-website.php> [info] Loading Page...
May 02 02:07:08 <admin-website.php> [info] Page Loaded!
May 02 02:07:09 <admin-website.php> [info] Loading Page...
May 02 02:07:09 <admin-website.php> [info] Page Loaded!
May 02 02:07:09 <admin-website.php> [info] Loading Page...
May 02 02:07:09 <admin-website.php> [info] Page Loaded!
May 02 02:07:20 <admin-website.php> [info] Loading Page...
May 02 02:07:20 <admin-website.php> [info] Page Loaded!
May 02 02:07:22 <admin-website.php> [info] Loading Page...
May 02 02:07:22 <admin-website.php> [info] Page Loaded!
May 02 02:07:23 <admin-website.php> [info] Loading Page...
May 02 02:07:23 <admin-website.php> [info] Page Loaded!
May 02 02:07:23 <admin-website.php> [info] Loading Page...
May 02 02:07:23 <admin-website.php> [info] Page Loaded!
May 02 02:07:35 <admin-website.php> [info] Loading Page...
May 02 02:07:35 <admin-website.php> [info] Page Loaded!
May 02 02:07:37 <admin-website.php> [info] Loading Page...
May 02 02:07:37 <admin-website.php> [info] Page Loaded!
May 02 02:07:37 <admin-website.php> [info] Loading Page...
May 02 02:07:37 <admin-website.php> [info] Page Loaded!
May 02 02:07:39 <admin-website.php> [info] Loading Page...
May 02 02:07:39 <admin-website.php> [info] Page Loaded!
May 02 02:07:40 <admin-website.php> [info] Loading Page...
May 02 02:07:40 <admin-website.php> [info] Page Loaded!
May 02 02:07:43 <admin-website.php> [error] Session ended!
May 02 02:07:43 <admin-website.php> [info] Loading Page...
May 02 02:07:43 <admin-boards.php> [info] Process Submit - logout
May 02 02:07:43 <admin-website.php> [info] Page Loaded!
May 02 02:07:43 <admin-login.php> [info] Loading Page...
May 02 02:07:43 <admin-login.php> [info] Page Loaded!
May 02 02:14:03 <admin-website.php> [error] Session ended!
May 02 02:14:03 <admin-website.php> [info] Loading Page...
May 02 02:14:03 <admin-website.php> [info] Page Loaded!
May 02 02:14:03 <admin-login.php> [info] Loading Page...
May 02 02:14:03 <admin-login.php> [info] Page Loaded!
May 02 02:14:05 <admin-login.php> [info] Loading Page...
May 02 02:14:05 <admin-login.php> [info] Process Submit - admin-login
May 02 02:14:05 <admin-login.php> [info] Page Loaded!
May 02 02:14:05 <admin-website.php> [info] Loading Page...
May 02 02:14:05 <admin-website.php> [info] Page Loaded!
May 02 02:14:07 <admin-website.php> [info] Loading Page...
May 02 02:14:07 <admin-website.php> [info] Page Loaded!
May 02 02:14:09 <admin-website.php> [info] Loading Page...
May 02 02:14:09 <admin-website.php> [info] Page Loaded!
May 02 02:14:10 <admin-website.php> [info] Loading Page...
May 02 02:14:10 <admin-website.php> [info] Page Loaded!
May 02 02:14:11 <admin-website.php> [info] Loading Page...
May 02 02:14:11 <admin-website.php> [info] Page Loaded!
May 02 02:14:13 <admin-website.php> [info] Loading Page...
May 02 02:14:13 <admin-website.php> [info] Page Loaded!
May 02 02:14:13 <admin-website.php> [info] Loading Page...
May 02 02:14:13 <admin-website.php> [info] Page Loaded!
May 02 02:14:17 <admin-website.php> [info] Loading Page...
May 02 02:14:17 <admin-website.php> [info] Page Loaded!
May 02 02:14:18 <admin-website.php> [info] Loading Page...
May 02 02:14:18 <admin-website.php> [info] Page Loaded!
May 02 02:14:18 <admin-website.php> [info] Loading Page...
May 02 02:14:18 <admin-website.php> [info] Page Loaded!
May 02 02:14:18 <admin-website.php> [info] Loading Page...
May 02 02:14:18 <admin-website.php> [info] Page Loaded!
May 02 02:14:36 <admin-website.php> [info] Loading Page...
May 02 02:14:36 <admin-tests.php> [info] Process Submit - save-health
May 02 02:14:36 <admin-tests.php> [info] Health values successfully saved.
May 02 02:14:36 <admin-website.php> [info] Page Loaded!
May 02 02:16:14 <admin-website.php> [info] Loading Page...
May 02 02:16:14 <admin-website.php> [info] Page Loaded!
May 02 02:16:42 <admin-website.php> [info] Loading Page...
May 02 02:16:42 <admin-website.php> [info] Page Loaded!
May 02 02:16:42 <admin-website.php> [info] Loading Page...
May 02 02:16:42 <admin-website.php> [info] Page Loaded!
May 02 02:16:43 <admin-website.php> [info] Loading Page...
May 02 02:16:43 <admin-website.php> [info] Page Loaded!
May 02 04:13:56 <admin-website.php> [error] Session ended!
May 02 04:13:56 <admin-website.php> [info] Loading Page...
May 02 04:13:56 <admin-website.php> [info] Page Loaded!
May 02 04:13:56 <admin-login.php> [info] Loading Page...
May 02 04:13:56 <admin-login.php> [info] Page Loaded!
May 02 04:13:57 <admin-login.php> [info] Loading Page...
May 02 04:13:57 <admin-login.php> [info] Process Submit - admin-login
May 02 04:13:57 <admin-login.php> [info] Page Loaded!
May 02 04:13:57 <admin-website.php> [info] Loading Page...
May 02 04:13:57 <admin-website.php> [info] Page Loaded!
May 02 04:14:00 <admin-website.php> [info] Loading Page...
May 02 04:14:00 <admin-website.php> [info] Page Loaded!
May 02 04:14:01 <admin-website.php> [info] Loading Page...
May 02 04:14:01 <admin-website.php> [info] Page Loaded!
May 02 04:14:01 <admin-website.php> [info] Loading Page...
May 02 04:14:01 <admin-website.php> [info] Page Loaded!
May 02 04:14:02 <admin-website.php> [info] Loading Page...
May 02 04:14:02 <admin-website.php> [info] Page Loaded!
