Jun 02 03:31:59 <admin-website.php> [error] Session ended!
Jun 02 03:31:59 <admin-website.php> [info] Loading Page...
Jun 02 03:31:59 <admin-website.php> [info] Page Loaded!
Jun 02 03:31:59 <admin-login.php> [info] Loading Page...
Jun 02 03:31:59 <admin-login.php> [info] Page Loaded!
Jun 02 03:32:08 <admin-login.php> [info] Loading Page...
Jun 02 03:32:08 <admin-login.php> [info] Process Submit - admin-login
Jun 02 03:32:08 <admin-login.php> [info] Page Loaded!
Jun 02 03:32:08 <admin-website.php> [info] Loading Page...
Jun 02 03:32:08 <admin-website.php> [info] Page Loaded!
Jun 02 03:32:10 <admin-website.php> [info] Loading Page...
Jun 02 03:32:10 <admin-website.php> [info] Page Loaded!
Jun 02 03:32:32 <admin-website.php> [info] Loading Page...
Jun 02 03:32:32 <admin-pharmacy.php> [info] Process Submit - register-medication
Jun 02 03:32:32 <admin-pharmacy.php> [info] Medication successfully registered.
Jun 02 03:32:32 <admin-website.php> [info] Page Loaded!
Jun 02 03:32:49 <admin-website.php> [info] Loading Page...
Jun 02 03:32:49 <admin-pharmacy.php> [info] Process Submit - register-medication
Jun 02 03:32:49 <admin-pharmacy.php> [info] Medication successfully registered.
Jun 02 03:32:49 <admin-website.php> [info] Page Loaded!
Jun 02 03:33:06 <admin-website.php> [info] Loading Page...
Jun 02 03:33:06 <admin-pharmacy.php> [info] Process Submit - register-medication
Jun 02 03:33:06 <admin-pharmacy.php> [info] Medication successfully registered.
Jun 02 03:33:06 <admin-website.php> [info] Page Loaded!
Jun 02 03:33:22 <admin-website.php> [info] Loading Page...
Jun 02 03:33:22 <admin-pharmacy.php> [info] Process Submit - register-medication
Jun 02 03:33:22 <admin-pharmacy.php> [info] Medication successfully registered.
Jun 02 03:33:22 <admin-website.php> [info] Page Loaded!
Jun 02 03:33:42 <admin-website.php> [info] Loading Page...
Jun 02 03:33:42 <admin-pharmacy.php> [info] Process Submit - register-medication
Jun 02 03:33:42 <admin-pharmacy.php> [info] Medication successfully registered.
Jun 02 03:33:42 <admin-website.php> [info] Page Loaded!
Jun 02 03:33:44 <admin-website.php> [info] Loading Page...
Jun 02 03:33:44 <admin-website.php> [info] Page Loaded!
Jun 02 03:34:43 <admin-website.php> [info] Loading Page...
Jun 02 03:34:43 <admin-website.php> [info] Page Loaded!
Jun 02 03:34:44 <admin-website.php> [info] Loading Page...
Jun 02 03:34:44 <admin-website.php> [info] Page Loaded!
Jun 02 03:34:57 <admin-website.php> [info] Loading Page...
Jun 02 03:34:58 <admin-website.php> [info] Page Loaded!
Jun 02 03:35:00 <admin-website.php> [info] Loading Page...
Jun 02 03:35:00 <admin-users.php> [info] Process Submit - delete
Jun 02 03:35:00 <admin-users.php> [info] User successfully deleted.
Jun 02 03:35:00 <admin-website.php> [info] Page Loaded!
Jun 02 03:35:13 <admin-website.php> [info] Loading Page...
Jun 02 03:35:13 <admin-users.php> [info] Process Submit - register-user
Jun 02 03:35:13 <admin-users.php> [info] User successfully registered.
Jun 02 03:35:13 <admin-website.php> [info] Page Loaded!
Jun 02 03:35:15 <admin-website.php> [info] Loading Page...
Jun 02 03:35:15 <admin-website.php> [info] Page Loaded!
Jun 02 03:35:18 <admin-website.php> [info] Loading Page...
Jun 02 03:35:18 <admin-website.php> [info] Page Loaded!
Jun 02 03:37:43 <admin-website.php> [info] Loading Page...
Jun 02 03:37:43 <admin-patients.php> [info] Process Submit - register-patient
Jun 02 03:37:43 <admin-patients.php> [error] Empty or invalid file format.
Jun 02 03:37:43 <admin-patients.php> [info] Patient successfully registered.
Jun 02 03:37:43 <admin-website.php> [info] Page Loaded!
Jun 02 03:39:09 <admin-website.php> [info] Loading Page...
Jun 02 03:39:10 <admin-website.php> [info] Page Loaded!
Jun 02 03:39:11 <admin-website.php> [info] Loading Page...
Jun 02 03:39:11 <admin-website.php> [info] Page Loaded!
Jun 02 03:39:11 <admin-website.php> [info] Loading Page...
Jun 02 03:39:11 <admin-website.php> [info] Page Loaded!
Jun 02 03:39:22 <admin-website.php> [info] Loading Page...
Jun 02 03:39:22 <admin-website.php> [info] Page Loaded!
Jun 02 03:39:29 <admin-website.php> [info] Loading Page...
Jun 02 03:39:29 <admin-users.php> [info] Process Submit - delete
Jun 02 03:39:29 <admin-users.php> [info] User successfully deleted.
Jun 02 03:39:29 <admin-website.php> [info] Page Loaded!
Jun 02 03:39:38 <admin-website.php> [info] Loading Page...
Jun 02 03:39:38 <admin-users.php> [info] Process Submit - register-user
Jun 02 03:39:38 <admin-users.php> [info] User successfully registered.
Jun 02 03:39:38 <admin-website.php> [info] Page Loaded!
