Jun 03 03:42:13 <admin-website.php> [error] Session ended!
Jun 03 03:42:13 <admin-website.php> [info] Loading Page...
Jun 03 03:42:13 <admin-website.php> [info] Page Loaded!
Jun 03 03:42:13 <admin-login.php> [info] Loading Page...
Jun 03 03:42:13 <admin-login.php> [info] Page Loaded!
Jun 03 03:42:15 <admin-login.php> [info] Loading Page...
Jun 03 03:42:15 <admin-login.php> [info] Process Submit - admin-login
Jun 03 03:42:15 <admin-login.php> [info] Page Loaded!
Jun 03 03:42:15 <admin-website.php> [info] Loading Page...
Jun 03 03:42:15 <admin-website.php> [info] Page Loaded!
Jun 03 03:42:17 <admin-website.php> [info] Loading Page...
Jun 03 03:42:17 <admin-website.php> [info] Page Loaded!
Jun 03 03:42:28 <admin-website.php> [info] Loading Page...
Jun 03 03:42:28 <admin-website.php> [info] Page Loaded!
Jun 03 03:50:42 <admin-website.php> [info] Loading Page...
Jun 03 03:50:42 <admin-website.php> [info] Page Loaded!
Jun 03 04:02:11 <admin-website.php> [info] Loading Page...
Jun 03 04:02:11 <admin-website.php> [info] Page Loaded!
Jun 03 21:21:38 <admin-website.php> [error] Session ended!
Jun 03 21:21:38 <admin-website.php> [info] Loading Page...
Jun 03 21:21:38 <admin-website.php> [info] Page Loaded!
Jun 03 21:21:38 <admin-login.php> [info] Loading Page...
Jun 03 21:21:38 <admin-login.php> [info] Page Loaded!
Jun 03 21:21:39 <admin-login.php> [info] Loading Page...
Jun 03 21:21:39 <admin-login.php> [info] Process Submit - admin-login
Jun 03 21:21:39 <admin-login.php> [error] Error invalid username or password.
Jun 03 21:21:39 <admin-login.php> [info] Page Loaded!
Jun 03 21:26:04 <admin-login.php> [info] Loading Page...
Jun 03 21:26:04 <admin-login.php> [info] Process Submit - admin-login
Jun 03 21:26:04 <admin-login.php> [info] Page Loaded!
Jun 03 21:26:04 <admin-website.php> [info] Loading Page...
Jun 03 21:26:04 <admin-website.php> [info] Page Loaded!
Jun 03 21:26:05 <admin-website.php> [info] Loading Page...
Jun 03 21:26:05 <admin-website.php> [info] Page Loaded!
Jun 03 21:26:06 <admin-website.php> [info] Loading Page...
Jun 03 21:26:06 <admin-website.php> [info] Page Loaded!
Jun 03 21:26:07 <admin-website.php> [info] Loading Page...
Jun 03 21:26:07 <admin-website.php> [info] Page Loaded!
Jun 03 21:26:07 <admin-website.php> [info] Loading Page...
Jun 03 21:26:07 <admin-website.php> [info] Page Loaded!
Jun 03 21:26:12 <admin-website.php> [info] Loading Page...
Jun 03 21:26:12 <admin-website.php> [info] Page Loaded!
Jun 03 21:26:19 <admin-website.php> [info] Loading Page...
Jun 03 21:26:19 <admin-website.php> [info] Page Loaded!
Jun 03 21:26:27 <admin-website.php> [info] Loading Page...
Jun 03 21:26:27 <admin-pharmacy.php> [info] Process Submit - register-medication
Jun 03 21:26:27 <admin-pharmacy.php> [info] Medication successfully registered.
Jun 03 21:26:27 <admin-website.php> [info] Page Loaded!
Jun 03 21:26:28 <admin-website.php> [info] Loading Page...
Jun 03 21:26:28 <admin-website.php> [info] Page Loaded!
Jun 03 21:26:46 <admin-website.php> [info] Loading Page...
Jun 03 21:26:46 <admin-website.php> [info] Page Loaded!
Jun 03 21:46:29 <admin-website.php> [info] Loading Page...
Jun 03 21:46:29 <admin-boards.php> [info] Process Submit - register-board
Jun 03 21:46:29 <admin-boards.php> [info] Board successfully registered.
Jun 03 21:46:29 <admin-website.php> [info] Page Loaded!
Jun 03 21:46:34 <admin-website.php> [info] Loading Page...
Jun 03 21:46:34 <admin-boards.php> [info] Process Submit - register-board
Jun 03 21:46:34 <admin-boards.php> [info] Board successfully registered.
Jun 03 21:46:34 <admin-website.php> [info] Page Loaded!
Jun 03 21:46:38 <admin-website.php> [info] Loading Page...
Jun 03 21:46:38 <admin-boards.php> [info] Process Submit - register-board
Jun 03 21:46:38 <admin-boards.php> [info] Board successfully registered.
Jun 03 21:46:38 <admin-website.php> [info] Page Loaded!
Jun 03 21:46:41 <admin-website.php> [info] Loading Page...
Jun 03 21:46:41 <admin-boards.php> [info] Process Submit - register-board
Jun 03 21:46:41 <admin-boards.php> [info] Board successfully registered.
Jun 03 21:46:41 <admin-website.php> [info] Page Loaded!
Jun 03 21:46:47 <admin-website.php> [info] Loading Page...
Jun 03 21:46:47 <admin-boards.php> [info] Process Submit - register-board
Jun 03 21:46:47 <admin-boards.php> [info] Board successfully registered.
Jun 03 21:46:47 <admin-website.php> [info] Page Loaded!
Jun 03 21:46:52 <admin-website.php> [info] Loading Page...
Jun 03 21:46:52 <admin-boards.php> [info] Process Submit - register-board
Jun 03 21:46:52 <admin-boards.php> [info] Board successfully registered.
Jun 03 21:46:52 <admin-website.php> [info] Page Loaded!
Jun 03 21:46:53 <admin-website.php> [info] Loading Page...
Jun 03 21:46:53 <admin-website.php> [info] Page Loaded!
Jun 03 21:47:00 <admin-website.php> [info] Loading Page...
Jun 03 21:47:00 <admin-users.php> [info] Process Submit - register-user
Jun 03 21:47:00 <admin-users.php> [info] User successfully registered.
Jun 03 21:47:00 <admin-website.php> [info] Page Loaded!
Jun 03 21:47:01 <admin-website.php> [info] Loading Page...
Jun 03 21:47:01 <admin-website.php> [info] Page Loaded!
Jun 03 21:47:03 <admin-website.php> [info] Loading Page...
Jun 03 21:47:03 <admin-website.php> [info] Page Loaded!
Jun 03 21:48:13 <admin-website.php> [info] Loading Page...
Jun 03 21:48:13 <admin-patients.php> [info] Process Submit - register-patient
Jun 03 21:48:13 <admin-patients.php> [info] Patient successfully registered.
Jun 03 21:48:13 <admin-website.php> [info] Page Loaded!
Jun 03 21:49:28 <admin-website.php> [info] Loading Page...
Jun 03 21:49:28 <admin-website.php> [info] Page Loaded!
Jun 03 21:49:32 <admin-website.php> [info] Loading Page...
Jun 03 21:49:32 <admin-pharmacy.php> [info] Process Submit - register-medication
Jun 03 21:49:32 <admin-pharmacy.php> [info] Medication successfully registered.
Jun 03 21:49:32 <admin-website.php> [info] Page Loaded!
Jun 03 21:49:34 <admin-website.php> [info] Loading Page...
Jun 03 21:49:34 <admin-website.php> [info] Page Loaded!
Jun 03 21:50:17 <admin-website.php> [info] Loading Page...
Jun 03 21:50:17 <admin-patients.php> [info] Process Submit - register-patient
Jun 03 21:50:17 <admin-patients.php> [error] Empty or invalid file format.
Jun 03 21:50:17 <admin-patients.php> [info] Patient successfully registered.
Jun 03 21:50:17 <admin-website.php> [info] Page Loaded!
Jun 03 22:46:46 <admin-website.php> [error] Session ended!
Jun 03 22:46:46 <admin-website.php> [info] Loading Page...
Jun 03 22:46:47 <admin-website.php> [info] Page Loaded!
Jun 03 22:46:47 <admin-login.php> [info] Loading Page...
Jun 03 22:46:47 <admin-login.php> [info] Page Loaded!
Jun 03 22:46:48 <admin-login.php> [info] Loading Page...
Jun 03 22:46:48 <admin-login.php> [info] Process Submit - admin-login
Jun 03 22:46:48 <admin-login.php> [info] Page Loaded!
Jun 03 22:46:48 <admin-website.php> [info] Loading Page...
Jun 03 22:46:48 <admin-website.php> [info] Page Loaded!
Jun 03 22:46:50 <admin-website.php> [info] Loading Page...
Jun 03 22:46:50 <admin-website.php> [info] Page Loaded!
Jun 03 23:08:04 <admin-website.php> [info] Loading Page...
Jun 03 23:08:04 <admin-website.php> [info] Page Loaded!
