Apr 10 15:26:30 <admin-website.php> [info] Loading Page...
Apr 10 15:30:02 <admin-website.php> [info] Loading Page...
Apr 10 15:30:04 <admin-website.php> [info] Loading Page...
Apr 10 15:30:39 <admin-website.php> [info] Loading Page...
Apr 10 15:32:24 <admin-website.php> [info] Loading Page...
Apr 10 15:36:03 <admin-website.php> [info] Loading Page...
Apr 10 15:36:31 <admin-website.php> [info] Loading Page...
Apr 10 15:37:01 <admin-website.php> [info] Loading Page...
Apr 10 15:37:13 <admin-website.php> [info] Loading Page...
Apr 10 15:37:33 <admin-website.php> [info] Loading Page...
Apr 10 15:37:33 <admin-website.php> [info] Page Loaded!
Apr 10 15:37:50 <admin-website.php> [info] Loading Page...
Apr 10 15:37:50 <admin-website.php> [info] Page Loaded!
Apr 10 15:38:23 <admin-website.php> [info] Loading Page...
Apr 10 15:38:23 <admin-website.php> [info] Page Loaded!
Apr 10 15:38:24 <admin-website.php> [info] Loading Page...
Apr 10 15:38:24 <admin-website.php> [info] Page Loaded!
Apr 10 15:38:26 <admin-website.php> [info] Loading Page...
Apr 10 15:38:26 <admin-website.php> [info] Page Loaded!
Apr 10 15:41:27 <admin-website.php> [info] Loading Page...
Apr 10 15:41:27 <admin-website.php> [info] Page Loaded!
Apr 10 15:41:51 <admin-website.php> [info] Loading Page...
Apr 10 15:41:51 <admin-website.php> [info] Page Loaded!
Apr 10 15:41:53 <admin-website.php> [info] Loading Page...
Apr 10 15:41:53 <admin-website.php> [info] Page Loaded!
Apr 10 15:55:07 <admin-website.php> [info] Loading Page...
Apr 10 15:55:07 <admin-website.php> [info] Page Loaded!
Apr 10 15:56:37 <admin-website.php> [info] Loading Page...
Apr 10 15:56:37 <admin-website.php> [info] Page Loaded!
Apr 10 15:56:40 <admin-website.php> [info] Loading Page...
Apr 10 15:56:40 <admin-website.php> [info] Page Loaded!
Apr 10 15:56:41 <admin-website.php> [info] Loading Page...
Apr 10 15:56:41 <admin-website.php> [info] Page Loaded!
Apr 10 15:56:42 <admin-website.php> [info] Loading Page...
Apr 10 15:56:42 <admin-website.php> [info] Page Loaded!
Apr 10 15:56:43 <admin-website.php> [info] Loading Page...
Apr 10 15:56:43 <admin-website.php> [info] Page Loaded!
Apr 10 16:00:07 <admin-website.php> [info] Loading Page...
Apr 10 16:00:07 <admin-website.php> [info] Page Loaded!
Apr 10 16:00:09 <admin-website.php> [info] Loading Page...
Apr 10 16:00:09 <admin-website.php> [info] Page Loaded!
Apr 10 16:00:51 <admin-website.php> [info] Loading Page...
Apr 10 16:00:51 <admin-website.php> [info] Page Loaded!
Apr 10 16:00:53 <admin-website.php> [info] Loading Page...
Apr 10 16:00:53 <admin-website.php> [info] Page Loaded!
Apr 10 16:00:55 <admin-website.php> [info] Loading Page...
Apr 10 16:00:55 <admin-website.php> [info] Page Loaded!
Apr 10 16:01:05 <admin-website.php> [info] Loading Page...
Apr 10 16:01:05 <admin-website.php> [info] Page Loaded!
Apr 10 16:01:06 <admin-website.php> [info] Loading Page...
Apr 10 16:01:06 <admin-website.php> [info] Page Loaded!
Apr 10 16:01:08 <admin-website.php> [info] Loading Page...
Apr 10 16:01:08 <admin-website.php> [info] Page Loaded!
Apr 10 16:05:45 <admin-website.php> [info] Loading Page...
Apr 10 16:05:45 <admin-website.php> [info] Page Loaded!
Apr 10 16:05:58 <admin-website.php> [info] Loading Page...
Apr 10 16:05:58 <admin-website.php> [info] Page Loaded!
Apr 10 16:06:09 <admin-website.php> [info] Loading Page...
Apr 10 16:06:09 <admin-website.php> [info] Page Loaded!
Apr 10 16:06:10 <admin-website.php> [info] Loading Page...
Apr 10 16:06:10 <admin-website.php> [info] Page Loaded!
Apr 10 16:06:34 <admin-website.php> [info] Loading Page...
Apr 10 16:06:34 <admin-website.php> [info] Page Loaded!
Apr 10 16:06:35 <admin-website.php> [info] Loading Page...
Apr 10 16:06:35 <admin-website.php> [info] Page Loaded!
Apr 10 16:06:36 <admin-website.php> [info] Loading Page...
Apr 10 16:06:36 <admin-website.php> [info] Page Loaded!
Apr 10 16:06:37 <admin-website.php> [info] Loading Page...
Apr 10 16:06:37 <admin-website.php> [info] Page Loaded!
Apr 10 16:10:46 <admin-website.php> [info] Loading Page...
Apr 10 16:10:46 <admin-website.php> [info] Page Loaded!
Apr 10 16:10:47 <admin-website.php> [info] Loading Page...
Apr 10 16:10:47 <admin-website.php> [info] Page Loaded!
Apr 10 16:11:10 <admin-website.php> [info] Loading Page...
Apr 10 16:11:10 <admin-website.php> [info] Page Loaded!
Apr 10 16:11:56 <admin-website.php> [info] Loading Page...
Apr 10 16:11:56 <admin-website.php> [info] Page Loaded!
Apr 10 16:13:10 <admin-website.php> [info] Loading Page...
Apr 10 16:13:10 <admin-website.php> [info] Page Loaded!
Apr 10 16:13:11 <admin-website.php> [info] Loading Page...
Apr 10 16:13:11 <admin-website.php> [info] Page Loaded!
Apr 10 16:13:12 <admin-website.php> [info] Loading Page...
Apr 10 16:13:12 <admin-website.php> [info] Page Loaded!
Apr 10 16:14:08 <admin-website.php> [info] Loading Page...
Apr 10 16:14:08 <admin-website.php> [info] Page Loaded!
Apr 10 16:14:10 <admin-website.php> [info] Loading Page...
Apr 10 16:14:10 <admin-website.php> [info] Page Loaded!
Apr 10 16:14:28 <admin-website.php> [info] Loading Page...
Apr 10 16:14:28 <admin-website.php> [info] Page Loaded!
Apr 10 16:14:30 <admin-website.php> [info] Loading Page...
Apr 10 16:14:30 <admin-website.php> [info] Page Loaded!
Apr 10 16:14:31 <admin-website.php> [info] Loading Page...
Apr 10 16:14:31 <admin-website.php> [info] Page Loaded!
Apr 10 16:14:32 <admin-website.php> [info] Loading Page...
Apr 10 16:14:32 <admin-website.php> [info] Page Loaded!
Apr 10 16:14:32 <admin-website.php> [info] Loading Page...
Apr 10 16:14:32 <admin-website.php> [info] Page Loaded!
Apr 10 16:15:00 <admin-website.php> [info] Loading Page...
Apr 10 16:15:00 <admin-website.php> [info] Page Loaded!
Apr 10 16:15:02 <admin-website.php> [info] Loading Page...
Apr 10 16:15:02 <admin-website.php> [info] Page Loaded!
Apr 10 16:15:02 <admin-website.php> [info] Loading Page...
Apr 10 16:15:02 <admin-website.php> [info] Page Loaded!
Apr 10 16:15:03 <admin-website.php> [info] Loading Page...
Apr 10 16:15:03 <admin-website.php> [info] Page Loaded!
Apr 10 16:15:06 <admin-website.php> [info] Loading Page...
Apr 10 16:15:06 <admin-website.php> [info] Page Loaded!
Apr 10 16:15:07 <admin-website.php> [info] Loading Page...
Apr 10 16:15:07 <admin-website.php> [info] Page Loaded!
Apr 10 16:15:41 <admin-website.php> [info] Loading Page...
Apr 10 16:15:41 <admin-website.php> [info] Page Loaded!
Apr 10 16:16:16 <admin-website.php> [info] Loading Page...
Apr 10 16:16:16 <admin-website.php> [info] Page Loaded!
Apr 10 16:16:18 <admin-website.php> [info] Loading Page...
Apr 10 16:16:18 <admin-website.php> [info] Page Loaded!
Apr 10 16:16:19 <admin-website.php> [info] Loading Page...
Apr 10 16:16:19 <admin-website.php> [info] Page Loaded!
Apr 10 16:16:50 <admin-website.php> [info] Loading Page...
Apr 10 16:16:50 <admin-website.php> [info] Page Loaded!
Apr 10 16:16:51 <admin-website.php> [info] Loading Page...
Apr 10 16:16:51 <admin-website.php> [info] Page Loaded!
Apr 10 16:16:52 <admin-website.php> [info] Loading Page...
Apr 10 16:16:52 <admin-website.php> [info] Page Loaded!
Apr 10 16:19:04 <admin-website.php> [info] Loading Page...
Apr 10 16:19:04 <admin-website.php> [info] Page Loaded!
Apr 10 16:19:06 <admin-website.php> [info] Loading Page...
Apr 10 16:19:06 <admin-website.php> [info] Page Loaded!
Apr 10 16:19:06 <admin-website.php> [info] Loading Page...
Apr 10 16:19:06 <admin-website.php> [info] Page Loaded!
Apr 10 16:19:08 <admin-website.php> [info] Loading Page...
Apr 10 16:19:08 <admin-website.php> [info] Page Loaded!
Apr 10 16:19:09 <admin-website.php> [info] Loading Page...
Apr 10 16:19:09 <admin-website.php> [info] Page Loaded!
Apr 10 16:19:09 <admin-website.php> [info] Loading Page...
Apr 10 16:19:09 <admin-website.php> [info] Page Loaded!
Apr 10 16:19:34 <admin-website.php> [info] Loading Page...
Apr 10 16:19:34 <admin-website.php> [info] Page Loaded!
Apr 10 16:19:35 <admin-website.php> [info] Loading Page...
Apr 10 16:19:35 <admin-website.php> [info] Page Loaded!
Apr 10 16:22:43 <admin-website.php> [info] Loading Page...
Apr 10 16:22:43 <admin-website.php> [info] Page Loaded!
Apr 10 16:22:45 <admin-website.php> [info] Loading Page...
Apr 10 16:22:45 <admin-website.php> [info] Page Loaded!
Apr 10 16:22:46 <admin-website.php> [info] Loading Page...
Apr 10 16:22:46 <admin-website.php> [info] Page Loaded!
Apr 10 16:22:47 <admin-website.php> [info] Loading Page...
Apr 10 16:22:47 <admin-website.php> [info] Page Loaded!
Apr 10 16:22:47 <admin-website.php> [info] Loading Page...
Apr 10 16:22:47 <admin-website.php> [info] Page Loaded!
Apr 10 16:22:49 <admin-website.php> [info] Loading Page...
Apr 10 16:22:49 <admin-website.php> [info] Page Loaded!
Apr 10 16:22:50 <admin-website.php> [info] Loading Page...
Apr 10 16:22:50 <admin-website.php> [info] Page Loaded!
Apr 10 16:22:52 <admin-website.php> [info] Loading Page...
Apr 10 16:22:52 <admin-website.php> [info] Page Loaded!
Apr 10 16:22:54 <admin-website.php> [info] Loading Page...
Apr 10 16:22:54 <admin-website.php> [info] Page Loaded!
Apr 10 16:23:25 <admin-website.php> [info] Loading Page...
Apr 10 16:23:25 <admin-website.php> [info] Page Loaded!
Apr 10 16:23:26 <admin-website.php> [info] Loading Page...
Apr 10 16:23:26 <admin-website.php> [info] Page Loaded!
Apr 10 16:23:28 <admin-website.php> [info] Loading Page...
Apr 10 16:23:28 <admin-website.php> [info] Page Loaded!
Apr 10 16:25:32 <admin-website.php> [info] Loading Page...
Apr 10 16:25:32 <admin-website.php> [info] Page Loaded!
Apr 10 16:25:53 <admin-website.php> [info] Loading Page...
Apr 10 16:25:53 <admin-website.php> [info] Page Loaded!
Apr 10 16:25:54 <admin-website.php> [info] Loading Page...
Apr 10 16:25:54 <admin-website.php> [info] Page Loaded!
Apr 10 16:25:55 <admin-website.php> [info] Loading Page...
Apr 10 16:25:55 <admin-website.php> [info] Page Loaded!
Apr 10 16:25:56 <admin-website.php> [info] Loading Page...
Apr 10 16:25:56 <admin-website.php> [info] Page Loaded!
Apr 10 16:25:57 <admin-website.php> [info] Loading Page...
Apr 10 16:25:57 <admin-website.php> [info] Page Loaded!
Apr 10 16:26:51 <admin-website.php> [info] Loading Page...
Apr 10 16:26:51 <admin-website.php> [info] Page Loaded!
Apr 10 16:26:52 <admin-website.php> [info] Loading Page...
Apr 10 16:26:52 <admin-website.php> [info] Page Loaded!
Apr 10 16:26:53 <admin-website.php> [info] Loading Page...
Apr 10 16:26:53 <admin-website.php> [info] Page Loaded!
Apr 10 16:27:10 <admin-website.php> [info] Loading Page...
Apr 10 16:27:10 <admin-website.php> [info] Page Loaded!
Apr 10 16:27:11 <admin-website.php> [info] Loading Page...
Apr 10 16:27:11 <admin-website.php> [info] Page Loaded!
Apr 10 16:27:12 <admin-website.php> [info] Loading Page...
Apr 10 16:27:12 <admin-website.php> [info] Page Loaded!
Apr 10 16:27:37 <admin-website.php> [info] Loading Page...
Apr 10 16:27:37 <admin-website.php> [info] Page Loaded!
Apr 10 16:27:38 <admin-website.php> [info] Loading Page...
Apr 10 16:27:38 <admin-website.php> [info] Page Loaded!
Apr 10 16:27:39 <admin-website.php> [info] Loading Page...
Apr 10 16:27:39 <admin-website.php> [info] Page Loaded!
Apr 10 16:27:40 <admin-website.php> [info] Loading Page...
Apr 10 16:27:40 <admin-website.php> [info] Page Loaded!
Apr 10 16:28:45 <admin-website.php> [info] Loading Page...
Apr 10 16:28:45 <admin-website.php> [info] Page Loaded!
Apr 10 16:28:55 <admin-website.php> [info] Loading Page...
Apr 10 16:28:55 <admin-website.php> [info] Page Loaded!
Apr 10 16:29:19 <admin-website.php> [info] Loading Page...
Apr 10 16:29:19 <admin-website.php> [info] Page Loaded!
Apr 10 16:29:20 <admin-website.php> [info] Loading Page...
Apr 10 16:29:20 <admin-website.php> [info] Page Loaded!
Apr 10 16:29:21 <admin-website.php> [info] Loading Page...
Apr 10 16:29:21 <admin-website.php> [info] Page Loaded!
Apr 10 16:30:06 <admin-website.php> [info] Loading Page...
Apr 10 16:30:06 <admin-website.php> [info] Page Loaded!
Apr 10 16:30:08 <admin-website.php> [info] Loading Page...
Apr 10 16:30:08 <admin-website.php> [info] Page Loaded!
Apr 10 16:30:08 <admin-website.php> [info] Loading Page...
Apr 10 16:30:08 <admin-website.php> [info] Page Loaded!
Apr 10 16:30:31 <admin-website.php> [info] Loading Page...
Apr 10 16:30:31 <admin-website.php> [info] Page Loaded!
Apr 10 16:30:33 <admin-website.php> [info] Loading Page...
Apr 10 16:30:33 <admin-website.php> [info] Page Loaded!
Apr 10 16:31:00 <admin-website.php> [info] Loading Page...
Apr 10 16:31:00 <admin-website.php> [info] Page Loaded!
Apr 10 16:31:01 <admin-website.php> [info] Loading Page...
Apr 10 16:31:01 <admin-website.php> [info] Page Loaded!
Apr 10 16:31:02 <admin-website.php> [info] Loading Page...
Apr 10 16:31:02 <admin-website.php> [info] Page Loaded!
Apr 10 16:31:03 <admin-website.php> [info] Loading Page...
Apr 10 16:31:03 <admin-website.php> [info] Page Loaded!
Apr 10 16:31:03 <admin-website.php> [info] Loading Page...
Apr 10 16:31:03 <admin-website.php> [info] Page Loaded!
Apr 10 16:31:26 <admin-website.php> [info] Loading Page...
Apr 10 16:31:26 <admin-website.php> [info] Page Loaded!
Apr 10 16:31:27 <admin-website.php> [info] Loading Page...
Apr 10 16:31:27 <admin-website.php> [info] Page Loaded!
Apr 10 16:31:29 <admin-website.php> [info] Loading Page...
Apr 10 16:31:29 <admin-website.php> [info] Page Loaded!
Apr 10 16:31:30 <admin-website.php> [info] Loading Page...
Apr 10 16:31:30 <admin-website.php> [info] Page Loaded!
Apr 10 16:35:11 <admin-website.php> [info] Loading Page...
Apr 10 16:40:28 <admin-website.php> [info] Loading Page...
Apr 10 16:40:28 <admin-website.php> [info] Page Loaded!
Apr 10 16:40:29 <admin-website.php> [info] Loading Page...
Apr 10 16:40:29 <admin-website.php> [info] Page Loaded!
Apr 10 16:40:30 <admin-website.php> [info] Loading Page...
Apr 10 16:40:30 <admin-website.php> [info] Page Loaded!
Apr 10 16:40:31 <admin-website.php> [info] Loading Page...
Apr 10 16:40:31 <admin-website.php> [info] Page Loaded!
Apr 10 16:44:57 <admin-website.php> [info] Loading Page...
Apr 10 16:44:57 <admin-website.php> [info] Page Loaded!
Apr 10 16:44:59 <admin-website.php> [info] Loading Page...
Apr 10 16:44:59 <admin-website.php> [info] Page Loaded!
Apr 10 16:44:59 <admin-website.php> [info] Loading Page...
Apr 10 16:44:59 <admin-website.php> [info] Page Loaded!
Apr 10 16:44:59 <admin-website.php> [info] Loading Page...
Apr 10 16:44:59 <admin-website.php> [info] Page Loaded!
Apr 10 16:45:00 <admin-website.php> [info] Loading Page...
Apr 10 16:45:00 <admin-website.php> [info] Page Loaded!
Apr 10 16:47:18 <admin-website.php> [info] Loading Page...
Apr 10 16:48:04 <admin-website.php> [info] Loading Page...
Apr 10 16:48:04 <admin-website.php> [info] Page Loaded!
Apr 10 16:48:06 <admin-website.php> [info] Loading Page...
Apr 10 16:48:06 <admin-website.php> [info] Page Loaded!
Apr 10 16:48:06 <admin-website.php> [info] Loading Page...
Apr 10 16:48:06 <admin-website.php> [info] Page Loaded!
Apr 10 16:49:44 <admin-website.php> [info] Loading Page...
Apr 10 16:50:39 <admin-website.php> [info] Loading Page...
Apr 10 16:58:52 <admin-website.php> [info] Loading Page...
Apr 10 16:58:52 <admin-website.php> [info] Page Loaded!
Apr 10 16:59:18 <admin-website.php> [info] Loading Page...
Apr 10 16:59:18 <admin-website.php> [info] Page Loaded!
Apr 10 17:01:20 <admin-website.php> [info] Loading Page...
Apr 10 17:01:20 <admin-website.php> [info] Page Loaded!
Apr 10 17:01:22 <admin-website.php> [info] Loading Page...
Apr 10 17:01:22 <admin-website.php> [info] Process Submit - register-board
Apr 10 17:01:22 <admin-website.php> [info] Board successfully registered.
Apr 10 17:01:22 <admin-website.php> [info] Page Loaded!
Apr 10 17:01:25 <admin-website.php> [info] Loading Page...
Apr 10 17:01:25 <admin-website.php> [info] Process Submit - register-board
Apr 10 17:01:25 <admin-website.php> [info] Board successfully registered.
Apr 10 17:01:25 <admin-website.php> [info] Page Loaded!
Apr 10 17:22:00 <admin-website.php> [info] Loading Page...
Apr 10 17:22:00 <admin-website.php> [info] Process Submit - register-board?settings=boards
Apr 10 17:22:00 <admin-website.php> [info] Page Loaded!
Apr 10 17:22:03 <admin-website.php> [info] Loading Page...
Apr 10 17:22:03 <admin-website.php> [info] Page Loaded!
Apr 10 17:22:04 <admin-website.php> [info] Loading Page...
Apr 10 17:22:04 <admin-website.php> [info] Page Loaded!
Apr 10 17:24:32 <admin-website.php> [info] Loading Page...
Apr 10 17:24:33 <admin-website.php> [info] Loading Page...
Apr 10 17:25:07 <admin-website.php> [info] Loading Page...
Apr 10 17:25:07 <admin-website.php> [info] Page Loaded!
Apr 10 17:25:10 <admin-website.php> [info] Loading Page...
Apr 10 17:25:10 <admin-website.php> [info] Process Submit - register-board
Apr 10 17:25:10 <admin-website.php> [info] Board successfully registered.
Apr 10 17:25:10 <admin-website.php> [info] Page Loaded!
Apr 10 17:25:22 <admin-website.php> [info] Loading Page...
Apr 10 17:25:22 <admin-website.php> [info] Page Loaded!
Apr 10 17:26:48 <admin-website.php> [info] Loading Page...
Apr 10 17:26:48 <admin-website.php> [info] Page Loaded!
Apr 10 17:26:50 <admin-website.php> [info] Loading Page...
Apr 10 17:26:50 <admin-website.php> [info] Page Loaded!
Apr 10 17:28:57 <admin-website.php> [info] Loading Page...
Apr 10 17:28:57 <admin-website.php> [info] Page Loaded!
Apr 10 17:29:00 <admin-website.php> [info] Loading Page...
Apr 10 17:29:00 <admin-website.php> [info] Page Loaded!
Apr 10 17:29:02 <admin-website.php> [info] Loading Page...
Apr 10 17:29:02 <admin-website.php> [info] Page Loaded!
Apr 10 17:29:03 <admin-website.php> [info] Loading Page...
Apr 10 17:29:03 <admin-website.php> [info] Page Loaded!
Apr 10 17:29:04 <admin-website.php> [info] Loading Page...
Apr 10 17:29:04 <admin-website.php> [info] Page Loaded!
Apr 10 17:29:05 <admin-website.php> [info] Loading Page...
Apr 10 17:29:05 <admin-website.php> [info] Page Loaded!
Apr 10 17:29:09 <admin-website.php> [info] Loading Page...
Apr 10 17:29:09 <admin-website.php> [info] Process Submit - register-board
Apr 10 17:29:09 <admin-website.php> [info] Board successfully registered.
Apr 10 17:29:09 <admin-website.php> [info] Page Loaded!
Apr 10 17:29:16 <admin-website.php> [info] Loading Page...
Apr 10 17:29:16 <admin-website.php> [info] Page Loaded!
Apr 10 17:29:18 <admin-website.php> [info] Loading Page...
Apr 10 17:29:18 <admin-website.php> [info] Process Submit - register-board
Apr 10 17:29:18 <admin-website.php> [info] Board successfully registered.
Apr 10 17:29:18 <admin-website.php> [info] Page Loaded!
Apr 10 17:36:59 <admin-website.php> [info] Loading Page...
Apr 10 17:36:59 <admin-website.php> [info] Page Loaded!
Apr 10 17:40:24 <admin-website.php> [info] Loading Page...
Apr 10 17:40:24 <admin-website.php> [info] Page Loaded!
Apr 10 17:40:35 <admin-website.php> [info] Loading Page...
Apr 10 17:40:35 <admin-website.php> [info] Process Submit - register-board
Apr 10 17:40:35 <admin-website.php> [info] Page Loaded!
Apr 10 17:41:58 <admin-website.php> [info] Loading Page...
Apr 10 17:41:58 <admin-website.php> [info] Page Loaded!
Apr 10 17:42:00 <admin-website.php> [info] Loading Page...
Apr 10 17:42:00 <admin-website.php> [info] Page Loaded!
Apr 10 17:42:01 <admin-website.php> [info] Loading Page...
Apr 10 17:42:01 <admin-website.php> [info] Page Loaded!
Apr 10 17:42:02 <admin-website.php> [info] Loading Page...
Apr 10 17:42:02 <admin-website.php> [info] Page Loaded!
Apr 10 17:42:03 <admin-website.php> [info] Loading Page...
Apr 10 17:42:03 <admin-website.php> [info] Page Loaded!
Apr 10 17:42:04 <admin-website.php> [info] Loading Page...
Apr 10 17:42:04 <admin-website.php> [info] Page Loaded!
Apr 10 17:42:07 <admin-website.php> [info] Loading Page...
Apr 10 17:42:07 <admin-website.php> [info] Page Loaded!
Apr 10 17:42:08 <admin-website.php> [info] Loading Page...
Apr 10 17:42:08 <admin-website.php> [info] Page Loaded!
Apr 10 17:42:09 <admin-website.php> [info] Loading Page...
Apr 10 17:42:09 <admin-website.php> [info] Page Loaded!
Apr 10 17:43:10 <admin-website.php> [info] Loading Page...
Apr 10 17:43:10 <admin-website.php> [info] Page Loaded!
Apr 10 17:43:11 <admin-website.php> [info] Loading Page...
Apr 10 17:43:11 <admin-website.php> [info] Page Loaded!
Apr 10 17:43:12 <admin-website.php> [info] Loading Page...
Apr 10 17:43:12 <admin-website.php> [info] Page Loaded!
Apr 10 17:43:38 <admin-website.php> [info] Loading Page...
Apr 10 17:43:38 <admin-website.php> [info] Process Submit - register-board
Apr 10 17:43:38 <admin-website.php> [info] Page Loaded!
Apr 10 17:43:51 <admin-website.php> [info] Loading Page...
Apr 10 17:43:51 <admin-website.php> [info] Process Submit - register-board
Apr 10 17:43:51 <admin-website.php> [info] Page Loaded!
Apr 10 17:47:14 <admin-website.php> [info] Loading Page...
Apr 10 17:47:14 <admin-website.php> [info] Page Loaded!
Apr 10 17:47:15 <admin-website.php> [info] Loading Page...
Apr 10 17:47:15 <admin-website.php> [info] Process Submit - register-board
Apr 10 17:47:15 <admin-website.php> [error] Missing board device ID.
Apr 10 17:47:15 <admin-website.php> [info] Page Loaded!
Apr 10 17:47:34 <admin-website.php> [info] Loading Page...
Apr 10 17:47:34 <admin-website.php> [info] Process Submit - register-board
Apr 10 17:47:35 <admin-website.php> [info] Page Loaded!
Apr 10 17:47:40 <admin-website.php> [info] Loading Page...
Apr 10 17:47:40 <admin-website.php> [info] Process Submit - register-board
Apr 10 17:47:40 <admin-website.php> [info] Page Loaded!
Apr 10 17:48:32 <admin-website.php> [info] Loading Page...
Apr 10 17:48:32 <admin-website.php> [info] Page Loaded!
Apr 10 17:48:44 <admin-website.php> [info] Loading Page...
Apr 10 17:48:44 <admin-website.php> [info] Process Submit - register-board
Apr 10 17:48:45 <admin-website.php> [info] Board successfully registered.
Apr 10 17:48:45 <admin-website.php> [info] Page Loaded!
Apr 10 17:48:50 <admin-website.php> [info] Loading Page...
Apr 10 17:48:50 <admin-website.php> [info] Process Submit - register-board
Apr 10 17:48:50 <admin-website.php> [info] Board successfully registered.
Apr 10 17:48:50 <admin-website.php> [info] Page Loaded!
Apr 10 17:50:01 <admin-website.php> [info] Loading Page...
Apr 10 17:50:01 <admin-website.php> [info] Page Loaded!
Apr 10 17:50:06 <admin-website.php> [info] Loading Page...
Apr 10 17:50:06 <admin-website.php> [info] Process Submit - register-board
Apr 10 17:50:06 <admin-website.php> [info] Board successfully registered.
Apr 10 17:50:06 <admin-website.php> [info] Page Loaded!
Apr 10 17:50:17 <admin-website.php> [info] Loading Page...
Apr 10 17:50:17 <admin-website.php> [info] Process Submit - register-board
Apr 10 17:50:17 <admin-website.php> [info] Board successfully registered.
Apr 10 17:50:17 <admin-website.php> [info] Page Loaded!
Apr 10 17:52:25 <admin-website.php> [info] Loading Page...
Apr 10 17:52:25 <admin-website.php> [info] Process Submit - register-board
Apr 10 17:52:26 <admin-website.php> [info] Board successfully registered.
Apr 10 17:52:26 <admin-website.php> [info] Page Loaded!
Apr 10 17:52:33 <admin-website.php> [info] Loading Page...
Apr 10 17:52:33 <admin-website.php> [info] Process Submit - register-board
Apr 10 17:52:33 <admin-website.php> [info] Page Loaded!
Apr 10 17:57:50 <admin-website.php> [info] Loading Page...
Apr 10 17:58:18 <admin-website.php> [info] Loading Page...
Apr 10 17:58:18 <admin-website.php> [info] Page Loaded!
Apr 10 17:59:08 <admin-website.php> [info] Loading Page...
Apr 10 17:59:08 <admin-website.php> [info] Page Loaded!
Apr 10 18:00:22 <admin-website.php> [info] Loading Page...
Apr 10 18:00:22 <admin-website.php> [info] Page Loaded!
Apr 10 18:05:22 <admin-website.php> [info] Loading Page...
Apr 10 18:05:22 <admin-website.php> [info] Page Loaded!
Apr 10 18:05:26 <admin-website.php> [info] Loading Page...
Apr 10 18:05:26 <admin-website.php> [info] Process Submit - register-board
Apr 10 18:05:26 <admin-website.php> [info] Board successfully registered.
Apr 10 18:05:26 <admin-website.php> [info] Page Loaded!
Apr 10 18:05:29 <admin-website.php> [info] Loading Page...
Apr 10 18:05:29 <admin-website.php> [info] Process Submit - register-board
Apr 10 18:05:30 <admin-website.php> [info] Board successfully registered.
Apr 10 18:05:30 <admin-website.php> [info] Page Loaded!
Apr 10 18:26:25 <admin-website.php> [info] Loading Page...
Apr 10 18:26:25 <admin-website.php> [info] Page Loaded!
Apr 10 18:27:52 <admin-website.php> [info] Loading Page...
Apr 10 18:27:52 <admin-website.php> [info] Page Loaded!
Apr 10 18:27:53 <admin-website.php> [info] Loading Page...
Apr 10 18:27:53 <admin-website.php> [info] Page Loaded!
Apr 10 18:27:59 <admin-website.php> [info] Loading Page...
Apr 10 18:27:59 <admin-website.php> [info] Process Submit - register-board
Apr 10 18:27:59 <admin-website.php> [info] Board successfully registered.
Apr 10 18:27:59 <admin-website.php> [info] Page Loaded!
Apr 10 18:28:04 <admin-website.php> [info] Loading Page...
Apr 10 18:28:04 <admin-website.php> [info] Process Submit - register-board
Apr 10 18:28:04 <admin-website.php> [info] Board successfully registered.
Apr 10 18:28:04 <admin-website.php> [info] Page Loaded!
Apr 10 18:28:10 <admin-website.php> [info] Loading Page...
Apr 10 18:28:10 <admin-website.php> [info] Process Submit - register-board
Apr 10 18:28:10 <admin-website.php> [info] Board successfully registered.
Apr 10 18:28:10 <admin-website.php> [info] Page Loaded!
Apr 10 18:28:11 <admin-website.php> [info] Loading Page...
Apr 10 18:28:11 <admin-website.php> [info] Page Loaded!
Apr 10 18:28:22 <admin-website.php> [info] Loading Page...
Apr 10 18:28:22 <admin-website.php> [info] Page Loaded!
Apr 10 18:28:22 <admin-website.php> [info] Loading Page...
Apr 10 18:28:22 <admin-website.php> [info] Page Loaded!
Apr 10 18:28:23 <admin-website.php> [info] Loading Page...
Apr 10 18:28:23 <admin-website.php> [info] Page Loaded!
Apr 10 18:28:24 <admin-website.php> [info] Loading Page...
Apr 10 18:28:24 <admin-website.php> [info] Page Loaded!
Apr 10 18:29:01 <admin-website.php> [info] Loading Page...
Apr 10 18:29:01 <admin-website.php> [info] Page Loaded!
Apr 10 18:29:02 <admin-website.php> [info] Loading Page...
Apr 10 18:29:02 <admin-website.php> [info] Page Loaded!
Apr 10 18:29:03 <admin-website.php> [info] Loading Page...
Apr 10 18:29:03 <admin-website.php> [info] Page Loaded!
Apr 10 18:29:03 <admin-website.php> [info] Loading Page...
Apr 10 18:29:03 <admin-website.php> [info] Page Loaded!
Apr 10 18:29:13 <admin-website.php> [info] Loading Page...
Apr 10 18:29:13 <admin-website.php> [info] Page Loaded!
Apr 10 18:29:16 <admin-website.php> [info] Loading Page...
Apr 10 18:29:16 <admin-website.php> [info] Page Loaded!
Apr 10 18:29:18 <admin-website.php> [info] Loading Page...
Apr 10 18:29:18 <admin-website.php> [info] Page Loaded!
Apr 10 18:33:51 <admin-website.php> [info] Loading Page...
Apr 10 18:33:51 <admin-website.php> [info] Page Loaded!
Apr 10 18:33:58 <admin-website.php> [info] Loading Page...
Apr 10 18:33:58 <admin-website.php> [info] Process Submit - register-user
Apr 10 18:33:58 <admin-website.php> [info] Page Loaded!
Apr 10 18:34:37 <admin-website.php> [info] Loading Page...
Apr 10 18:34:37 <admin-website.php> [info] Page Loaded!
Apr 10 18:34:44 <admin-website.php> [info] Loading Page...
Apr 10 18:34:44 <admin-website.php> [info] Process Submit - register-user
Apr 10 18:34:44 <admin-website.php> [info] Page Loaded!
Apr 10 18:35:21 <admin-website.php> [info] Loading Page...
Apr 10 18:35:21 <admin-website.php> [info] Process Submit - register-user
Apr 10 18:35:21 <admin-website.php> [info] Page Loaded!
Apr 10 18:36:42 <admin-website.php> [info] Loading Page...
Apr 10 18:36:42 <admin-website.php> [info] Process Submit - register-user
Apr 10 18:36:42 <admin-website.php> [info] Page Loaded!
Apr 10 18:39:26 <admin-website.php> [info] Loading Page...
Apr 10 18:39:26 <admin-website.php> [info] Page Loaded!
Apr 10 18:39:33 <admin-website.php> [info] Loading Page...
Apr 10 18:39:33 <admin-website.php> [info] Process Submit - register-user
Apr 10 18:39:33 <admin-website.php> [info] Page Loaded!
Apr 10 18:40:51 <admin-website.php> [info] Loading Page...
Apr 10 18:40:51 <admin-website.php> [info] Process Submit - register-user
Apr 10 18:40:51 <admin-website.php> [info] User successfully registered.
Apr 10 18:40:51 <admin-website.php> [info] Page Loaded!
Apr 10 18:51:36 <admin-website.php> [info] Loading Page...
Apr 10 18:51:36 <admin-website.php> [info] Page Loaded!
Apr 10 18:51:37 <admin-website.php> [info] Loading Page...
Apr 10 18:51:37 <admin-website.php> [info] Page Loaded!
Apr 10 18:51:39 <admin-website.php> [info] Loading Page...
Apr 10 18:51:39 <admin-website.php> [info] Page Loaded!
Apr 10 18:51:40 <admin-website.php> [info] Loading Page...
Apr 10 18:51:40 <admin-website.php> [info] Page Loaded!
Apr 10 18:51:41 <admin-website.php> [info] Loading Page...
Apr 10 18:51:41 <admin-website.php> [info] Page Loaded!
Apr 10 18:53:19 <admin-website.php> [info] Loading Page...
Apr 10 18:53:19 <admin-website.php> [info] Page Loaded!
Apr 10 19:23:37 <admin-website.php> [info] Loading Page...
Apr 10 19:24:28 <admin-website.php> [info] Loading Page...
Apr 10 19:25:38 <admin-website.php> [info] Loading Page...
Apr 10 19:25:38 <admin-website.php> [info] Page Loaded!
Apr 10 19:27:31 <admin-website.php> [info] Loading Page...
Apr 10 19:28:26 <admin-website.php> [info] Loading Page...
Apr 10 19:28:26 <admin-website.php> [info] Page Loaded!
Apr 10 19:28:40 <admin-website.php> [info] Loading Page...
Apr 10 19:28:40 <admin-website.php> [info] Page Loaded!
Apr 10 19:29:23 <admin-website.php> [info] Loading Page...
Apr 10 19:29:23 <admin-website.php> [info] Page Loaded!
Apr 10 19:32:04 <admin-website.php> [info] Loading Page...
Apr 10 19:32:04 <admin-website.php> [info] Page Loaded!
Apr 10 19:34:48 <admin-website.php> [info] Loading Page...
Apr 10 19:34:48 <admin-website.php> [info] Page Loaded!
Apr 10 19:40:34 <admin-website.php> [info] Loading Page...
Apr 10 19:40:34 <admin-website.php> [info] Page Loaded!
Apr 10 19:40:35 <admin-website.php> [info] Loading Page...
Apr 10 19:40:35 <admin-website.php> [info] Page Loaded!
Apr 10 19:40:37 <admin-website.php> [info] Loading Page...
Apr 10 19:40:37 <admin-website.php> [info] Page Loaded!
Apr 10 19:41:02 <admin-website.php> [info] Loading Page...
Apr 10 19:41:02 <admin-website.php> [info] Page Loaded!
Apr 10 19:41:05 <admin-website.php> [info] Loading Page...
Apr 10 19:41:05 <admin-website.php> [info] Page Loaded!
Apr 10 19:41:06 <admin-website.php> [info] Loading Page...
Apr 10 19:41:06 <admin-website.php> [info] Page Loaded!
Apr 10 19:41:07 <admin-website.php> [info] Loading Page...
Apr 10 19:41:07 <admin-website.php> [info] Page Loaded!
Apr 10 19:41:08 <admin-website.php> [info] Loading Page...
Apr 10 19:41:08 <admin-website.php> [info] Page Loaded!
Apr 10 19:41:10 <admin-website.php> [info] Loading Page...
Apr 10 19:41:10 <admin-website.php> [info] Page Loaded!
Apr 10 19:41:11 <admin-website.php> [info] Loading Page...
Apr 10 19:41:11 <admin-website.php> [info] Page Loaded!
Apr 10 19:41:13 <admin-website.php> [info] Loading Page...
Apr 10 19:41:13 <admin-website.php> [info] Page Loaded!
Apr 10 19:41:43 <admin-website.php> [info] Loading Page...
Apr 10 19:41:43 <admin-website.php> [info] Page Loaded!
Apr 10 19:41:45 <admin-website.php> [info] Loading Page...
Apr 10 19:41:45 <admin-website.php> [info] Page Loaded!
Apr 10 19:52:41 <admin-website.php> [info] Loading Page...
Apr 10 19:52:41 <admin-website.php> [info] Page Loaded!
Apr 10 19:52:59 <admin-website.php> [info] Loading Page...
Apr 10 19:52:59 <admin-website.php> [info] Page Loaded!
Apr 10 19:53:12 <admin-website.php> [info] Loading Page...
Apr 10 19:53:12 <admin-website.php> [info] Page Loaded!
Apr 10 19:53:49 <admin-website.php> [info] Loading Page...
Apr 10 19:53:49 <admin-website.php> [info] Page Loaded!
Apr 10 19:53:59 <admin-website.php> [info] Loading Page...
Apr 10 19:53:59 <admin-website.php> [info] Page Loaded!
Apr 10 19:54:00 <admin-website.php> [info] Loading Page...
Apr 10 19:54:00 <admin-website.php> [info] Page Loaded!
Apr 10 19:54:01 <admin-website.php> [info] Loading Page...
Apr 10 19:54:01 <admin-website.php> [info] Page Loaded!
Apr 10 19:54:04 <admin-website.php> [info] Loading Page...
Apr 10 19:54:04 <admin-website.php> [info] Page Loaded!
Apr 10 19:54:04 <admin-website.php> [info] Loading Page...
Apr 10 19:54:04 <admin-website.php> [info] Page Loaded!
Apr 10 19:54:06 <admin-website.php> [info] Loading Page...
Apr 10 19:54:06 <admin-website.php> [info] Page Loaded!
Apr 10 19:54:10 <admin-website.php> [info] Loading Page...
Apr 10 19:54:10 <admin-website.php> [info] Page Loaded!
Apr 10 19:54:14 <admin-website.php> [info] Loading Page...
Apr 10 19:54:14 <admin-website.php> [info] Page Loaded!
Apr 10 19:54:27 <admin-website.php> [info] Loading Page...
Apr 10 19:54:27 <admin-website.php> [info] Page Loaded!
Apr 10 19:54:40 <admin-website.php> [info] Loading Page...
Apr 10 19:54:40 <admin-website.php> [info] Page Loaded!
Apr 10 19:54:45 <admin-website.php> [info] Loading Page...
Apr 10 19:54:45 <admin-website.php> [info] Page Loaded!
Apr 10 19:54:46 <admin-website.php> [info] Loading Page...
Apr 10 19:54:46 <admin-website.php> [info] Page Loaded!
Apr 10 19:54:47 <admin-website.php> [info] Loading Page...
Apr 10 19:54:47 <admin-website.php> [info] Page Loaded!
