Apr 11 00:36:48 <admin-website.php> [info] Loading Page...
Apr 11 00:36:48 <admin-website.php> [info] Page Loaded!
Apr 11 00:36:50 <admin-website.php> [info] Loading Page...
Apr 11 00:36:50 <admin-website.php> [info] Page Loaded!
Apr 11 00:36:53 <admin-website.php> [info] Loading Page...
Apr 11 00:36:53 <admin-website.php> [info] Page Loaded!
Apr 11 00:36:55 <admin-website.php> [info] Loading Page...
Apr 11 00:36:55 <admin-website.php> [info] Page Loaded!
Apr 11 00:37:06 <admin-website.php> [info] Loading Page...
Apr 11 00:37:06 <admin-website.php> [info] Page Loaded!
Apr 11 00:37:06 <admin-website.php> [info] Loading Page...
Apr 11 00:37:06 <admin-website.php> [info] Page Loaded!
Apr 11 00:37:17 <admin-website.php> [info] Loading Page...
Apr 11 00:37:17 <admin-website.php> [info] Process Submit - register-board
Apr 11 00:37:17 <admin-website.php> [info] Board successfully registered.
Apr 11 00:37:17 <admin-website.php> [info] Page Loaded!
Apr 11 00:39:39 <admin-website.php> [info] Loading Page...
Apr 11 00:39:39 <admin-website.php> [info] Process Submit - register-board
Apr 11 00:39:39 <admin-website.php> [info] Board successfully registered.
Apr 11 00:39:39 <admin-website.php> [info] Page Loaded!
Apr 11 00:39:41 <admin-website.php> [info] Loading Page...
Apr 11 00:39:41 <admin-website.php> [info] Page Loaded!
Apr 11 00:39:50 <admin-website.php> [info] Loading Page...
Apr 11 00:39:50 <admin-website.php> [info] Process Submit - register-user
Apr 11 00:39:50 <admin-website.php> [info] User successfully registered.
Apr 11 00:39:50 <admin-website.php> [info] Page Loaded!
Apr 11 00:40:02 <admin-website.php> [info] Loading Page...
Apr 11 00:40:02 <admin-website.php> [info] Page Loaded!
Apr 11 01:24:37 <admin-website.php> [info] Loading Page...
Apr 11 01:24:37 <admin-website.php> [info] Page Loaded!
Apr 11 01:24:38 <admin-website.php> [info] Loading Page...
Apr 11 01:24:38 <admin-website.php> [info] Page Loaded!
Apr 11 01:26:11 <admin-website.php> [info] Loading Page...
Apr 11 01:26:11 <admin-website.php> [info] Page Loaded!
Apr 11 01:26:20 <admin-website.php> [info] Loading Page...
Apr 11 01:26:20 <admin-website.php> [info] Page Loaded!
Apr 11 01:26:21 <admin-website.php> [info] Loading Page...
Apr 11 01:26:21 <admin-website.php> [info] Page Loaded!
Apr 11 01:26:23 <admin-website.php> [info] Loading Page...
Apr 11 01:26:23 <admin-website.php> [info] Page Loaded!
Apr 11 01:28:01 <admin-website.php> [info] Loading Page...
Apr 11 01:28:01 <admin-website.php> [info] Page Loaded!
Apr 11 01:28:03 <admin-website.php> [info] Loading Page...
Apr 11 01:28:03 <admin-website.php> [info] Page Loaded!
Apr 11 01:28:03 <admin-website.php> [info] Loading Page...
Apr 11 01:28:03 <admin-website.php> [info] Page Loaded!
Apr 11 01:28:22 <admin-website.php> [info] Loading Page...
Apr 11 01:28:22 <admin-website.php> [info] Page Loaded!
Apr 11 01:28:23 <admin-website.php> [info] Loading Page...
Apr 11 01:28:23 <admin-website.php> [info] Page Loaded!
Apr 11 01:28:23 <admin-website.php> [info] Loading Page...
Apr 11 01:28:23 <admin-website.php> [info] Page Loaded!
Apr 11 01:28:24 <admin-website.php> [info] Loading Page...
Apr 11 01:28:24 <admin-website.php> [info] Page Loaded!
Apr 11 01:28:37 <admin-website.php> [info] Loading Page...
Apr 11 01:28:37 <admin-website.php> [info] Page Loaded!
Apr 11 01:29:08 <admin-website.php> [info] Loading Page...
Apr 11 01:29:08 <admin-website.php> [info] Page Loaded!
Apr 11 01:29:09 <admin-website.php> [info] Loading Page...
Apr 11 01:29:09 <admin-website.php> [info] Page Loaded!
Apr 11 01:29:10 <admin-website.php> [info] Loading Page...
Apr 11 01:29:10 <admin-website.php> [info] Page Loaded!
Apr 11 01:29:10 <admin-website.php> [info] Loading Page...
Apr 11 01:29:10 <admin-website.php> [info] Page Loaded!
Apr 11 01:29:10 <admin-website.php> [info] Loading Page...
Apr 11 01:29:10 <admin-website.php> [info] Page Loaded!
Apr 11 01:29:10 <admin-website.php> [info] Loading Page...
Apr 11 01:29:10 <admin-website.php> [info] Page Loaded!
Apr 11 01:29:10 <admin-website.php> [info] Loading Page...
Apr 11 01:29:10 <admin-website.php> [info] Page Loaded!
Apr 11 01:29:11 <admin-website.php> [info] Loading Page...
Apr 11 01:29:11 <admin-website.php> [info] Page Loaded!
Apr 11 01:29:11 <admin-website.php> [info] Loading Page...
Apr 11 01:29:11 <admin-website.php> [info] Page Loaded!
Apr 11 01:29:13 <admin-website.php> [info] Loading Page...
Apr 11 01:29:13 <admin-website.php> [info] Page Loaded!
Apr 11 01:29:15 <admin-website.php> [info] Loading Page...
Apr 11 01:29:15 <admin-website.php> [info] Page Loaded!
Apr 11 01:29:16 <admin-website.php> [info] Loading Page...
Apr 11 01:29:16 <admin-website.php> [info] Page Loaded!
Apr 11 01:37:14 <admin-website.php> [info] Loading Page...
Apr 11 01:37:14 <admin-website.php> [info] Page Loaded!
Apr 11 01:37:29 <admin-website.php> [info] Loading Page...
Apr 11 01:37:29 <admin-website.php> [info] Process Submit - save-test
Apr 11 01:37:29 <admin-website.php> [info] Page Loaded!
Apr 11 01:37:31 <admin-website.php> [info] Loading Page...
Apr 11 01:37:31 <admin-website.php> [info] Process Submit - save-test
Apr 11 01:37:31 <admin-website.php> [info] Page Loaded!
Apr 11 01:38:00 <admin-website.php> [info] Loading Page...
Apr 11 01:38:00 <admin-website.php> [info] Process Submit - save-test
Apr 11 01:38:00 <admin-website.php> [info] Page Loaded!
Apr 11 01:38:01 <admin-website.php> [info] Loading Page...
Apr 11 01:38:01 <admin-website.php> [info] Process Submit - save-test
Apr 11 01:38:01 <admin-website.php> [info] Page Loaded!
Apr 11 01:38:02 <admin-website.php> [info] Loading Page...
Apr 11 01:38:02 <admin-website.php> [info] Process Submit - save-test
Apr 11 01:38:02 <admin-website.php> [info] Page Loaded!
Apr 11 01:38:51 <admin-website.php> [info] Loading Page...
Apr 11 01:38:51 <admin-website.php> [info] Process Submit - save-test
Apr 11 01:38:51 <admin-website.php> [info] Page Loaded!
Apr 11 01:39:00 <admin-website.php> [info] Loading Page...
Apr 11 01:39:00 <admin-website.php> [info] Page Loaded!
Apr 11 01:39:07 <admin-website.php> [info] Loading Page...
Apr 11 01:39:07 <admin-website.php> [info] Process Submit - save-health
Apr 11 01:39:07 <admin-website.php> [error] Error saving health values.
Apr 11 01:39:07 <admin-website.php> [info] Page Loaded!
Apr 11 01:39:29 <admin-website.php> [info] Loading Page...
Apr 11 01:39:29 <admin-website.php> [info] Process Submit - save-health
Apr 11 01:39:29 <admin-website.php> [info] Health values successfully saved.
Apr 11 01:39:29 <admin-website.php> [info] Page Loaded!
Apr 11 01:54:21 <admin-website.php> [info] Loading Page...
Apr 11 01:54:21 <admin-website.php> [info] Page Loaded!
Apr 11 01:54:22 <admin-website.php> [info] Loading Page...
Apr 11 01:54:22 <admin-website.php> [info] Page Loaded!
Apr 11 01:54:23 <admin-website.php> [info] Loading Page...
Apr 11 01:54:23 <admin-website.php> [info] Page Loaded!
Apr 11 01:56:40 <admin-website.php> [info] Loading Page...
Apr 11 01:56:40 <admin-website.php> [info] Page Loaded!
Apr 11 01:57:32 <admin-website.php> [info] Loading Page...
Apr 11 01:57:32 <admin-website.php> [info] Page Loaded!
Apr 11 01:57:33 <admin-website.php> [info] Loading Page...
Apr 11 01:57:33 <admin-website.php> [info] Page Loaded!
Apr 11 01:58:08 <admin-website.php> [info] Loading Page...
Apr 11 01:58:08 <admin-website.php> [info] Page Loaded!
Apr 11 01:58:22 <admin-website.php> [info] Loading Page...
Apr 11 01:58:22 <admin-website.php> [info] Page Loaded!
Apr 11 01:58:25 <admin-website.php> [info] Loading Page...
Apr 11 01:58:25 <admin-website.php> [info] Page Loaded!
Apr 11 01:58:31 <admin-website.php> [info] Loading Page...
Apr 11 01:58:31 <admin-website.php> [info] Page Loaded!
Apr 11 01:59:03 <admin-website.php> [info] Loading Page...
Apr 11 01:59:03 <admin-website.php> [info] Page Loaded!
Apr 11 01:59:05 <admin-website.php> [info] Loading Page...
Apr 11 01:59:05 <admin-website.php> [info] Page Loaded!
Apr 11 01:59:09 <admin-website.php> [info] Loading Page...
Apr 11 01:59:09 <admin-website.php> [info] Page Loaded!
Apr 11 01:59:13 <admin-website.php> [info] Loading Page...
Apr 11 01:59:13 <admin-website.php> [info] Page Loaded!
Apr 11 01:59:22 <admin-website.php> [info] Loading Page...
Apr 11 01:59:22 <admin-website.php> [info] Page Loaded!
Apr 11 01:59:31 <admin-website.php> [info] Loading Page...
Apr 11 01:59:31 <admin-website.php> [info] Page Loaded!
Apr 11 01:59:34 <admin-website.php> [info] Loading Page...
Apr 11 01:59:34 <admin-website.php> [info] Page Loaded!
Apr 11 01:59:50 <admin-website.php> [info] Loading Page...
Apr 11 01:59:50 <admin-website.php> [info] Page Loaded!
Apr 11 01:59:56 <admin-website.php> [info] Loading Page...
Apr 11 01:59:56 <admin-website.php> [info] Page Loaded!
Apr 11 02:05:17 <admin-website.php> [info] Loading Page...
Apr 11 02:05:17 <admin-website.php> [info] Page Loaded!
Apr 11 02:05:18 <admin-website.php> [info] Loading Page...
Apr 11 02:05:18 <admin-website.php> [info] Page Loaded!
Apr 11 02:05:19 <admin-website.php> [info] Loading Page...
Apr 11 02:05:19 <admin-website.php> [info] Page Loaded!
Apr 11 02:05:55 <admin-website.php> [info] Loading Page...
Apr 11 02:05:55 <admin-website.php> [info] Page Loaded!
Apr 11 02:05:59 <admin-website.php> [info] Loading Page...
Apr 11 02:05:59 <admin-website.php> [info] Page Loaded!
Apr 11 02:26:16 <admin-website.php> [info] Loading Page...
Apr 11 02:26:16 <admin-website.php> [info] Page Loaded!
Apr 11 02:26:23 <admin-website.php> [info] Loading Page...
Apr 11 02:26:23 <admin-website.php> [info] Page Loaded!
Apr 11 02:26:24 <admin-website.php> [info] Loading Page...
Apr 11 02:26:24 <admin-website.php> [info] Page Loaded!
Apr 11 02:26:27 <admin-website.php> [info] Loading Page...
Apr 11 02:26:27 <admin-website.php> [info] Page Loaded!
Apr 11 02:26:43 <admin-website.php> [info] Loading Page...
Apr 11 02:26:43 <admin-website.php> [info] Process Submit - register-patient
Apr 11 02:26:43 <admin-website.php> [info] Patient successfully registered.
Apr 11 02:26:43 <admin-website.php> [info] Page Loaded!
Apr 11 02:27:09 <admin-website.php> [info] Loading Page...
Apr 11 02:27:09 <admin-website.php> [info] Page Loaded!
Apr 11 02:27:25 <admin-website.php> [info] Loading Page...
Apr 11 02:27:25 <admin-website.php> [info] Page Loaded!
Apr 11 02:27:26 <admin-website.php> [info] Loading Page...
Apr 11 02:27:26 <admin-website.php> [info] Page Loaded!
Apr 11 02:27:38 <admin-website.php> [info] Loading Page...
Apr 11 02:27:38 <admin-website.php> [info] Process Submit - register-patient
Apr 11 02:27:38 <admin-website.php> [info] Patient successfully registered.
Apr 11 02:27:38 <admin-website.php> [info] Page Loaded!
Apr 11 02:27:40 <admin-website.php> [info] Loading Page...
Apr 11 02:27:40 <admin-website.php> [info] Page Loaded!
Apr 11 02:27:55 <admin-website.php> [info] Loading Page...
Apr 11 02:27:55 <admin-website.php> [info] Process Submit - save-health
Apr 11 02:27:55 <admin-website.php> [info] Health values successfully saved.
Apr 11 02:27:55 <admin-website.php> [info] Page Loaded!
Apr 11 02:27:59 <admin-website.php> [info] Loading Page...
Apr 11 02:27:59 <admin-website.php> [info] Page Loaded!
Apr 11 02:28:00 <admin-website.php> [info] Loading Page...
Apr 11 02:28:00 <admin-website.php> [info] Page Loaded!
Apr 11 02:28:01 <admin-website.php> [info] Loading Page...
Apr 11 02:28:01 <admin-website.php> [info] Page Loaded!
Apr 11 02:28:03 <admin-website.php> [info] Loading Page...
Apr 11 02:28:03 <admin-website.php> [info] Page Loaded!
Apr 11 02:28:04 <admin-website.php> [info] Loading Page...
Apr 11 02:28:04 <admin-website.php> [info] Page Loaded!
Apr 11 02:28:16 <admin-website.php> [info] Loading Page...
Apr 11 02:28:16 <admin-website.php> [info] Process Submit - register-user
Apr 11 02:28:16 <admin-website.php> [info] User successfully registered.
Apr 11 02:28:16 <admin-website.php> [info] Page Loaded!
Apr 11 02:28:20 <admin-website.php> [info] Loading Page...
Apr 11 02:28:20 <admin-website.php> [info] Page Loaded!
Apr 11 02:28:25 <admin-website.php> [info] Loading Page...
Apr 11 02:28:25 <admin-website.php> [info] Page Loaded!
Apr 11 02:28:26 <admin-website.php> [info] Loading Page...
Apr 11 02:28:26 <admin-website.php> [info] Page Loaded!
Apr 11 02:28:27 <admin-website.php> [info] Loading Page...
Apr 11 02:28:27 <admin-website.php> [info] Page Loaded!
Apr 11 02:28:29 <admin-website.php> [info] Loading Page...
Apr 11 02:28:29 <admin-website.php> [info] Page Loaded!
Apr 11 02:28:32 <admin-website.php> [info] Loading Page...
Apr 11 02:28:32 <admin-website.php> [info] Page Loaded!
Apr 11 02:28:37 <admin-website.php> [info] Loading Page...
Apr 11 02:28:37 <admin-website.php> [info] Page Loaded!
Apr 11 02:29:03 <admin-website.php> [info] Loading Page...
Apr 11 02:29:03 <admin-website.php> [info] Page Loaded!
Apr 11 02:29:07 <admin-website.php> [info] Loading Page...
Apr 11 02:29:07 <admin-website.php> [info] Page Loaded!
Apr 11 02:29:10 <admin-website.php> [info] Loading Page...
Apr 11 02:29:10 <admin-website.php> [info] Page Loaded!
Apr 11 02:41:30 <save-health.php> [info] Save health values...
Apr 11 02:41:30 <save-health.php> [info] Values saved: 65, 37, 1, 
Apr 11 02:42:10 <save-health.php> [info] Save health values...
Apr 11 02:42:10 <save-health.php> [info] 1
Apr 11 02:42:13 <admin-website.php> [info] Loading Page...
Apr 11 02:42:13 <admin-website.php> [info] Page Loaded!
Apr 11 02:42:21 <save-health.php> [info] Save health values...
Apr 11 02:42:21 <save-health.php> [info] 1
Apr 11 02:42:24 <admin-website.php> [info] Loading Page...
Apr 11 02:42:24 <admin-website.php> [info] Page Loaded!
Apr 11 02:42:52 <admin-website.php> [info] Loading Page...
Apr 11 02:42:52 <admin-website.php> [info] Page Loaded!
Apr 11 02:42:54 <admin-website.php> [info] Loading Page...
Apr 11 02:42:54 <admin-website.php> [info] Page Loaded!
Apr 11 02:42:57 <admin-website.php> [info] Loading Page...
Apr 11 02:42:57 <admin-website.php> [info] Page Loaded!
Apr 11 02:42:59 <admin-website.php> [info] Loading Page...
Apr 11 02:42:59 <admin-website.php> [info] Page Loaded!
Apr 11 02:44:37 <admin-website.php> [info] Loading Page...
Apr 11 02:44:37 <admin-website.php> [info] Page Loaded!
Apr 11 02:44:38 <admin-website.php> [info] Loading Page...
Apr 11 02:44:38 <admin-website.php> [info] Page Loaded!
Apr 11 02:44:39 <admin-website.php> [info] Loading Page...
Apr 11 02:44:39 <admin-website.php> [info] Page Loaded!
Apr 11 02:44:43 <admin-website.php> [info] Loading Page...
Apr 11 02:44:43 <admin-website.php> [info] Page Loaded!
Apr 11 02:44:47 <admin-website.php> [info] Loading Page...
Apr 11 02:44:47 <admin-website.php> [info] Page Loaded!
Apr 11 02:44:53 <admin-website.php> [info] Loading Page...
Apr 11 02:44:53 <admin-website.php> [info] Page Loaded!
Apr 11 02:49:34 <admin-website.php> [info] Loading Page...
Apr 11 02:49:34 <admin-website.php> [info] Page Loaded!
Apr 11 02:49:35 <admin-website.php> [info] Loading Page...
Apr 11 02:49:35 <admin-website.php> [info] Page Loaded!
Apr 11 20:31:10 <admin-website.php> [info] Loading Page...
Apr 11 20:31:10 <admin-website.php> [info] Page Loaded!
Apr 11 20:37:57 <admin-website.php> [info] Loading Page...
Apr 11 20:38:04 <admin-website.php> [info] Loading Page...
Apr 11 20:40:12 <admin-website.php> [info] Loading Page...
Apr 11 20:40:13 <admin-website.php> [info] Loading Page...
Apr 11 20:40:39 <admin-website.php> [info] Loading Page...
Apr 11 20:40:55 <admin-website.php> [info] Loading Page...
Apr 11 20:44:56 <admin-website.php> [info] Loading Page...
Apr 11 20:46:02 <admin-website.php> [info] Loading Page...
Apr 11 20:46:16 <admin-website.php> [info] Loading Page...
Apr 11 20:46:54 <admin-website.php> [info] Loading Page...
Apr 11 20:48:07 <admin-website.php> [info] Loading Page...
Apr 11 20:48:28 <admin-website.php> [info] Loading Page...
Apr 11 20:48:28 <admin-website.php> [info] Page Loaded!
Apr 11 20:48:29 <admin-website.php> [info] Loading Page...
Apr 11 20:48:29 <admin-website.php> [info] Page Loaded!
Apr 11 20:48:31 <admin-website.php> [info] Loading Page...
Apr 11 20:48:31 <admin-website.php> [info] Page Loaded!
Apr 11 20:48:32 <admin-website.php> [info] Loading Page...
Apr 11 20:48:32 <admin-website.php> [info] Page Loaded!
Apr 11 20:48:32 <admin-website.php> [info] Loading Page...
Apr 11 20:48:32 <admin-website.php> [info] Page Loaded!
Apr 11 20:48:33 <admin-website.php> [info] Loading Page...
Apr 11 20:48:33 <admin-website.php> [info] Page Loaded!
Apr 11 20:48:33 <admin-website.php> [info] Loading Page...
Apr 11 20:48:33 <admin-website.php> [info] Page Loaded!
Apr 11 20:48:55 <admin-website.php> [info] Loading Page...
Apr 11 20:48:55 <admin-website.php> [info] Page Loaded!
Apr 11 20:48:57 <admin-website.php> [info] Loading Page...
Apr 11 20:48:57 <admin-website.php> [info] Page Loaded!
Apr 11 21:30:42 <admin-website.php> [info] Loading Page...
Apr 11 21:30:42 <admin-website.php> [info] Page Loaded!
Apr 11 21:30:43 <admin-website.php> [info] Loading Page...
Apr 11 21:30:43 <admin-website.php> [info] Page Loaded!
Apr 11 21:31:04 <admin-website.php> [info] Loading Page...
Apr 11 21:31:08 <admin-website.php> [info] Loading Page...
Apr 11 21:31:08 <admin-website.php> [info] Page Loaded!
Apr 11 21:31:10 <admin-website.php> [info] Loading Page...
Apr 11 21:31:28 <admin-website.php> [info] Loading Page...
Apr 11 21:31:28 <admin-website.php> [info] Page Loaded!
Apr 11 21:31:29 <admin-website.php> [info] Loading Page...
Apr 11 21:31:29 <admin-website.php> [info] Page Loaded!
Apr 11 21:31:31 <admin-website.php> [info] Loading Page...
Apr 11 21:31:31 <admin-website.php> [info] Page Loaded!
Apr 11 21:31:36 <admin-website.php> [info] Loading Page...
Apr 11 21:31:36 <admin-website.php> [info] Page Loaded!
Apr 11 21:31:37 <admin-website.php> [info] Loading Page...
Apr 11 21:33:53 <admin-website.php> [info] Loading Page...
Apr 11 21:33:53 <admin-website.php> [info] Page Loaded!
Apr 11 21:33:54 <admin-website.php> [info] Loading Page...
Apr 11 21:33:55 <admin-website.php> [info] Page Loaded!
Apr 11 21:33:56 <admin-website.php> [info] Loading Page...
Apr 11 21:33:56 <admin-website.php> [info] Page Loaded!
Apr 11 21:33:57 <admin-website.php> [info] Loading Page...
Apr 11 21:33:57 <admin-website.php> [info] Page Loaded!
Apr 11 21:33:58 <admin-website.php> [info] Loading Page...
Apr 11 21:34:33 <admin-website.php> [info] Loading Page...
Apr 11 21:34:33 <admin-website.php> [info] Page Loaded!
Apr 11 21:34:35 <admin-website.php> [info] Loading Page...
Apr 11 21:34:35 <admin-website.php> [info] Page Loaded!
Apr 11 21:34:36 <admin-website.php> [info] Loading Page...
Apr 11 21:34:36 <admin-website.php> [info] Page Loaded!
Apr 11 21:34:38 <admin-website.php> [info] Loading Page...
Apr 11 21:34:38 <admin-website.php> [info] Page Loaded!
Apr 11 21:34:38 <admin-website.php> [info] Loading Page...
Apr 11 21:34:38 <admin-website.php> [info] Page Loaded!
Apr 11 21:34:39 <admin-website.php> [info] Loading Page...
Apr 11 21:34:39 <admin-website.php> [info] Page Loaded!
Apr 11 21:38:17 <admin-website.php> [info] Loading Page...
Apr 11 21:38:17 <admin-website.php> [info] Page Loaded!
Apr 11 21:38:17 <admin-website.php> [info] Loading Page...
Apr 11 21:38:17 <admin-website.php> [info] Page Loaded!
Apr 11 21:44:27 <admin-website.php> [info] Loading Page...
Apr 11 21:44:27 <admin-website.php> [info] Page Loaded!
Apr 11 21:44:28 <admin-website.php> [info] Loading Page...
Apr 11 21:44:28 <admin-website.php> [info] Page Loaded!
Apr 11 21:44:34 <admin-website.php> [info] Loading Page...
Apr 11 21:44:34 <admin-website.php> [info] Page Loaded!
Apr 11 21:44:35 <admin-website.php> [info] Loading Page...
Apr 11 21:44:35 <admin-website.php> [info] Page Loaded!
Apr 11 21:44:39 <admin-website.php> [info] Loading Page...
Apr 11 21:44:39 <admin-website.php> [info] Page Loaded!
Apr 11 21:44:40 <admin-website.php> [info] Loading Page...
Apr 11 21:44:40 <admin-website.php> [info] Page Loaded!
Apr 11 21:44:41 <admin-website.php> [info] Loading Page...
Apr 11 21:44:41 <admin-website.php> [info] Page Loaded!
Apr 11 21:44:42 <admin-website.php> [info] Loading Page...
Apr 11 21:44:42 <admin-website.php> [info] Page Loaded!
Apr 11 21:44:43 <admin-website.php> [info] Loading Page...
Apr 11 21:44:43 <admin-website.php> [info] Page Loaded!
Apr 11 21:45:49 <admin-website.php> [info] Loading Page...
Apr 11 21:45:49 <admin-website.php> [info] Page Loaded!
Apr 11 21:45:51 <admin-website.php> [info] Loading Page...
Apr 11 21:45:51 <admin-website.php> [info] Page Loaded!
Apr 11 21:45:55 <admin-website.php> [info] Loading Page...
Apr 11 21:45:55 <admin-website.php> [info] Page Loaded!
Apr 11 21:46:27 <admin-website.php> [info] Loading Page...
Apr 11 21:46:27 <admin-website.php> [info] Page Loaded!
Apr 11 21:46:35 <admin-website.php> [info] Loading Page...
Apr 11 21:46:35 <admin-website.php> [info] Page Loaded!
Apr 11 21:46:36 <admin-website.php> [info] Loading Page...
Apr 11 21:46:36 <admin-website.php> [info] Page Loaded!
Apr 11 21:46:36 <admin-website.php> [info] Loading Page...
Apr 11 21:46:36 <admin-website.php> [info] Page Loaded!
Apr 11 21:47:59 <admin-website.php> [info] Loading Page...
Apr 11 21:47:59 <admin-website.php> [info] Page Loaded!
Apr 11 21:48:00 <admin-website.php> [info] Loading Page...
Apr 11 21:48:00 <admin-website.php> [info] Page Loaded!
Apr 11 21:48:01 <admin-website.php> [info] Loading Page...
Apr 11 21:48:01 <admin-website.php> [info] Page Loaded!
Apr 11 21:49:13 <admin-website.php> [info] Loading Page...
Apr 11 21:49:13 <admin-website.php> [info] Page Loaded!
Apr 11 21:52:12 <admin-website.php> [info] Loading Page...
Apr 11 21:52:12 <admin-website.php> [info] Page Loaded!
Apr 11 21:52:13 <admin-website.php> [info] Loading Page...
Apr 11 21:52:13 <admin-website.php> [info] Page Loaded!
Apr 11 21:52:30 <admin-website.php> [info] Loading Page...
Apr 11 21:52:30 <admin-boards.php> [info] Process Submit - register-board
Apr 11 21:52:30 <admin-boards.php> [error] Missing board device ID.
Apr 11 21:52:30 <admin-website.php> [info] Page Loaded!
Apr 11 21:52:44 <admin-website.php> [info] Loading Page...
Apr 11 21:52:44 <admin-boards.php> [info] Process Submit - register-board
Apr 11 21:52:44 <admin-boards.php> [error] Error registering board.
Apr 11 21:52:44 <admin-website.php> [info] Page Loaded!
Apr 11 21:52:48 <admin-website.php> [info] Loading Page...
Apr 11 21:52:48 <admin-boards.php> [info] Process Submit - register-board
Apr 11 21:52:48 <admin-boards.php> [info] Board successfully registered.
Apr 11 21:52:48 <admin-website.php> [info] Page Loaded!
Apr 11 21:53:47 <admin-website.php> [info] Loading Page...
Apr 11 21:53:47 <admin-boards.php> [info] Process Submit - register-board
Apr 11 21:53:47 <admin-boards.php> [error] Missing board device ID.
Apr 11 21:53:47 <admin-website.php> [info] Page Loaded!
Apr 11 22:13:49 <admin-website.php> [info] Loading Page...
Apr 11 22:13:49 <admin-website.php> [info] Page Loaded!
Apr 11 22:13:50 <admin-website.php> [info] Loading Page...
Apr 11 22:13:50 <admin-boards.php> [info] Process Submit - register-board
Apr 11 22:13:50 <admin-boards.php> [error] Missing board device ID.
Apr 11 22:13:50 <admin-website.php> [info] Page Loaded!
Apr 11 22:14:16 <admin-website.php> [info] Loading Page...
Apr 11 22:14:16 <admin-boards.php> [info] Process Submit - register-board
Apr 11 22:14:16 <admin-boards.php> [info] Board successfully registered.
Apr 11 22:14:16 <admin-website.php> [info] Page Loaded!
Apr 11 22:14:20 <admin-website.php> [info] Loading Page...
Apr 11 22:14:20 <admin-website.php> [info] Page Loaded!
Apr 11 22:14:21 <admin-website.php> [info] Loading Page...
Apr 11 22:14:21 <admin-website.php> [info] Page Loaded!
Apr 11 22:14:22 <admin-website.php> [info] Loading Page...
Apr 11 22:14:22 <admin-website.php> [info] Page Loaded!
Apr 11 22:14:44 <admin-website.php> [info] Loading Page...
Apr 11 22:14:44 <admin-boards.php> [info] Process Submit - register-board
Apr 11 22:14:44 <admin-boards.php> [info] Board successfully registered.
Apr 11 22:14:44 <admin-website.php> [info] Page Loaded!
Apr 11 22:14:51 <admin-website.php> [info] Loading Page...
Apr 11 22:14:51 <admin-website.php> [info] Page Loaded!
Apr 11 22:14:52 <admin-website.php> [info] Loading Page...
Apr 11 22:14:52 <admin-website.php> [info] Page Loaded!
Apr 11 22:14:57 <admin-website.php> [info] Loading Page...
Apr 11 22:14:57 <admin-boards.php> [info] Process Submit - register-board
Apr 11 22:14:57 <admin-boards.php> [info] Board successfully registered.
Apr 11 22:14:57 <admin-website.php> [info] Page Loaded!
Apr 11 22:17:55 <admin-website.php> [info] Loading Page...
Apr 11 22:17:55 <admin-website.php> [info] Page Loaded!
Apr 11 22:17:56 <admin-website.php> [info] Loading Page...
Apr 11 22:17:56 <admin-boards.php> [info] Process Submit - delete
Apr 11 22:17:56 <admin-boards.php> [error] Error deleting board.
Apr 11 22:17:56 <admin-website.php> [info] Page Loaded!
Apr 11 22:18:00 <admin-website.php> [info] Loading Page...
Apr 11 22:18:00 <admin-boards.php> [info] Process Submit - delete
Apr 11 22:18:00 <admin-boards.php> [error] Error deleting board.
Apr 11 22:18:00 <admin-website.php> [info] Page Loaded!
Apr 11 22:18:50 <admin-website.php> [info] Loading Page...
Apr 11 22:18:50 <admin-website.php> [info] Page Loaded!
Apr 11 22:18:53 <admin-website.php> [info] Loading Page...
Apr 11 22:18:53 <admin-website.php> [info] Page Loaded!
Apr 11 22:18:55 <admin-website.php> [info] Loading Page...
Apr 11 22:18:55 <admin-website.php> [info] Page Loaded!
Apr 11 22:18:57 <admin-website.php> [info] Loading Page...
Apr 11 22:18:57 <admin-website.php> [info] Page Loaded!
Apr 11 22:18:58 <admin-website.php> [info] Loading Page...
Apr 11 22:18:58 <admin-website.php> [info] Page Loaded!
Apr 11 22:18:59 <admin-website.php> [info] Loading Page...
Apr 11 22:18:59 <admin-website.php> [info] Page Loaded!
Apr 11 22:19:01 <admin-website.php> [info] Loading Page...
Apr 11 22:19:01 <admin-boards.php> [info] Process Submit - delete
Apr 11 22:19:01 <admin-boards.php> [info] Board successfully deleted.
Apr 11 22:19:01 <admin-website.php> [info] Page Loaded!
Apr 11 22:19:04 <admin-website.php> [info] Loading Page...
Apr 11 22:19:04 <admin-boards.php> [info] Process Submit - delete
Apr 11 22:19:04 <admin-boards.php> [info] Board successfully deleted.
Apr 11 22:19:04 <admin-website.php> [info] Page Loaded!
Apr 11 22:19:06 <admin-website.php> [info] Loading Page...
Apr 11 22:19:06 <admin-website.php> [info] Page Loaded!
Apr 11 22:19:07 <admin-website.php> [info] Loading Page...
Apr 11 22:19:07 <admin-website.php> [info] Page Loaded!
Apr 11 22:19:08 <admin-website.php> [info] Loading Page...
Apr 11 22:19:08 <admin-boards.php> [info] Process Submit - delete
Apr 11 22:19:08 <admin-boards.php> [error] Error deleting board.
Apr 11 22:19:08 <admin-website.php> [info] Page Loaded!
Apr 11 22:19:10 <admin-website.php> [info] Loading Page...
Apr 11 22:19:10 <admin-website.php> [info] Page Loaded!
Apr 11 22:19:14 <admin-website.php> [info] Loading Page...
Apr 11 22:19:14 <admin-website.php> [info] Page Loaded!
Apr 11 22:19:16 <admin-website.php> [info] Loading Page...
Apr 11 22:19:16 <admin-website.php> [info] Page Loaded!
Apr 11 22:19:18 <admin-website.php> [info] Loading Page...
Apr 11 22:19:18 <admin-website.php> [info] Page Loaded!
Apr 11 22:19:20 <admin-website.php> [info] Loading Page...
Apr 11 22:19:20 <admin-website.php> [info] Page Loaded!
Apr 11 22:19:21 <admin-website.php> [info] Loading Page...
Apr 11 22:19:21 <admin-website.php> [info] Page Loaded!
Apr 11 22:20:54 <admin-website.php> [info] Loading Page...
Apr 11 22:20:54 <admin-website.php> [info] Page Loaded!
Apr 11 22:20:55 <admin-website.php> [info] Loading Page...
Apr 11 22:20:55 <admin-website.php> [info] Page Loaded!
Apr 11 22:20:55 <admin-website.php> [info] Loading Page...
Apr 11 22:20:55 <admin-website.php> [info] Page Loaded!
Apr 11 22:20:57 <admin-website.php> [info] Loading Page...
Apr 11 22:20:57 <admin-users.php> [info] Process Submit - delete
Apr 11 22:20:57 <admin-users.php> [info] User successfully deleted.
Apr 11 22:20:57 <admin-website.php> [info] Page Loaded!
Apr 11 22:20:58 <admin-website.php> [info] Loading Page...
Apr 11 22:20:58 <admin-website.php> [info] Page Loaded!
Apr 11 22:21:00 <admin-website.php> [info] Loading Page...
Apr 11 22:21:00 <admin-website.php> [info] Page Loaded!
Apr 11 22:21:01 <admin-website.php> [info] Loading Page...
Apr 11 22:21:01 <admin-website.php> [info] Page Loaded!
Apr 11 22:21:03 <admin-website.php> [info] Loading Page...
Apr 11 22:21:03 <admin-website.php> [info] Page Loaded!
Apr 11 22:21:04 <admin-website.php> [info] Loading Page...
Apr 11 22:21:04 <admin-website.php> [info] Page Loaded!
Apr 11 22:21:14 <admin-website.php> [info] Loading Page...
Apr 11 22:21:14 <admin-website.php> [info] Page Loaded!
Apr 11 22:21:16 <admin-website.php> [info] Loading Page...
Apr 11 22:21:16 <admin-website.php> [info] Page Loaded!
Apr 11 22:21:21 <admin-website.php> [info] Loading Page...
Apr 11 22:21:21 <admin-website.php> [info] Page Loaded!
Apr 11 22:21:22 <admin-website.php> [info] Loading Page...
Apr 11 22:21:22 <admin-website.php> [info] Page Loaded!
Apr 11 22:21:22 <admin-website.php> [info] Loading Page...
Apr 11 22:21:22 <admin-website.php> [info] Page Loaded!
Apr 11 22:21:24 <admin-website.php> [info] Loading Page...
Apr 11 22:21:24 <admin-website.php> [info] Page Loaded!
Apr 11 22:21:26 <admin-website.php> [info] Loading Page...
Apr 11 22:21:26 <admin-website.php> [info] Page Loaded!
Apr 11 22:21:29 <admin-website.php> [info] Loading Page...
Apr 11 22:21:29 <admin-website.php> [info] Page Loaded!
Apr 11 22:21:29 <admin-website.php> [info] Loading Page...
Apr 11 22:21:29 <admin-website.php> [info] Page Loaded!
Apr 11 22:21:34 <admin-website.php> [info] Loading Page...
Apr 11 22:21:34 <admin-website.php> [info] Page Loaded!
Apr 11 22:21:47 <admin-website.php> [info] Loading Page...
Apr 11 22:21:47 <admin-website.php> [info] Page Loaded!
Apr 11 22:21:49 <admin-website.php> [info] Loading Page...
Apr 11 22:21:49 <admin-website.php> [info] Page Loaded!
Apr 11 22:21:50 <admin-website.php> [info] Loading Page...
Apr 11 22:21:50 <admin-website.php> [info] Page Loaded!
Apr 11 22:21:52 <admin-website.php> [info] Loading Page...
Apr 11 22:21:52 <admin-boards.php> [info] Process Submit - delete
Apr 11 22:21:52 <admin-boards.php> [error] Error deleting board.
Apr 11 22:21:52 <admin-website.php> [info] Page Loaded!
Apr 11 22:21:54 <admin-website.php> [info] Loading Page...
Apr 11 22:21:54 <admin-boards.php> [info] Process Submit - delete
Apr 11 22:21:54 <admin-boards.php> [error] Error deleting board.
Apr 11 22:21:54 <admin-website.php> [info] Page Loaded!
Apr 11 22:21:56 <admin-website.php> [info] Loading Page...
Apr 11 22:21:56 <admin-website.php> [info] Page Loaded!
Apr 11 22:22:09 <admin-website.php> [info] Loading Page...
Apr 11 22:22:09 <admin-website.php> [info] Page Loaded!
Apr 11 22:22:10 <admin-website.php> [info] Loading Page...
Apr 11 22:22:10 <admin-website.php> [info] Page Loaded!
Apr 11 22:25:36 <admin-website.php> [info] Loading Page...
Apr 11 22:25:36 <admin-website.php> [info] Page Loaded!
Apr 11 22:25:38 <admin-website.php> [info] Loading Page...
Apr 11 22:25:38 <admin-patients.php> [info] Process Submit - delete
Apr 11 22:25:38 <admin-patients.php> [info] Patient successfully deleted.
Apr 11 22:25:38 <admin-website.php> [info] Page Loaded!
Apr 11 22:25:40 <admin-website.php> [info] Loading Page...
Apr 11 22:25:40 <admin-website.php> [info] Page Loaded!
Apr 11 22:25:42 <admin-website.php> [info] Loading Page...
Apr 11 22:25:42 <admin-website.php> [info] Page Loaded!
Apr 11 22:25:43 <admin-website.php> [info] Loading Page...
Apr 11 22:25:43 <admin-website.php> [info] Page Loaded!
Apr 11 22:25:43 <admin-website.php> [info] Loading Page...
Apr 11 22:25:43 <admin-website.php> [info] Page Loaded!
Apr 11 22:27:17 <admin-website.php> [info] Loading Page...
Apr 11 22:27:17 <admin-website.php> [info] Page Loaded!
Apr 11 22:27:17 <admin-website.php> [info] Loading Page...
Apr 11 22:27:17 <admin-website.php> [info] Page Loaded!
Apr 11 22:27:18 <admin-website.php> [info] Loading Page...
Apr 11 22:27:18 <admin-website.php> [info] Page Loaded!
Apr 11 22:27:19 <admin-website.php> [info] Loading Page...
Apr 11 22:27:19 <admin-website.php> [info] Page Loaded!
Apr 11 22:27:29 <admin-website.php> [info] Loading Page...
Apr 11 22:27:29 <admin-website.php> [info] Page Loaded!
Apr 11 22:27:29 <admin-website.php> [info] Loading Page...
Apr 11 22:27:29 <admin-website.php> [info] Page Loaded!
Apr 11 22:27:36 <admin-website.php> [info] Loading Page...
Apr 11 22:27:36 <admin-users.php> [info] Process Submit - register-user
Apr 11 22:27:37 <admin-users.php> [info] User successfully registered.
Apr 11 22:27:37 <admin-website.php> [info] Page Loaded!
Apr 11 22:27:57 <admin-website.php> [info] Loading Page...
Apr 11 22:27:57 <admin-website.php> [info] Page Loaded!
Apr 11 22:27:57 <admin-website.php> [info] Loading Page...
Apr 11 22:27:57 <admin-website.php> [info] Page Loaded!
Apr 11 22:30:46 <admin-website.php> [info] Loading Page...
Apr 11 22:30:46 <admin-website.php> [info] Page Loaded!
Apr 11 22:30:47 <admin-website.php> [info] Loading Page...
Apr 11 22:30:47 <admin-website.php> [info] Page Loaded!
Apr 11 22:31:19 <admin-website.php> [info] Loading Page...
Apr 11 22:31:19 <admin-website.php> [info] Page Loaded!
Apr 11 22:31:20 <admin-website.php> [info] Loading Page...
Apr 11 22:31:20 <admin-website.php> [info] Page Loaded!
Apr 11 22:31:21 <admin-website.php> [info] Loading Page...
Apr 11 22:31:21 <admin-website.php> [info] Page Loaded!
Apr 11 22:31:21 <admin-website.php> [info] Loading Page...
Apr 11 22:31:22 <admin-website.php> [info] Page Loaded!
Apr 11 22:31:22 <admin-website.php> [info] Loading Page...
Apr 11 22:31:22 <admin-website.php> [info] Page Loaded!
Apr 11 22:31:23 <admin-website.php> [info] Loading Page...
Apr 11 22:31:23 <admin-website.php> [info] Page Loaded!
Apr 11 22:32:49 <admin-website.php> [info] Loading Page...
Apr 11 22:32:49 <admin-website.php> [info] Page Loaded!
Apr 11 22:32:50 <admin-website.php> [info] Loading Page...
Apr 11 22:32:50 <admin-website.php> [info] Page Loaded!
Apr 11 22:33:50 <admin-website.php> [info] Loading Page...
Apr 11 22:33:50 <admin-website.php> [info] Page Loaded!
Apr 11 22:33:51 <admin-website.php> [info] Loading Page...
Apr 11 22:33:51 <admin-website.php> [info] Page Loaded!
Apr 11 22:34:53 <admin-website.php> [info] Loading Page...
Apr 11 22:34:53 <admin-website.php> [info] Page Loaded!
Apr 11 22:34:55 <admin-website.php> [info] Loading Page...
Apr 11 22:34:55 <admin-users.php> [info] Process Submit - delete
Apr 11 22:34:55 <admin-users.php> [info] User successfully deleted.
Apr 11 22:34:55 <admin-website.php> [info] Page Loaded!
Apr 11 22:37:17 <admin-website.php> [info] Loading Page...
Apr 11 22:37:17 <admin-website.php> [info] Page Loaded!
Apr 11 22:37:18 <admin-website.php> [info] Loading Page...
Apr 11 22:37:18 <admin-website.php> [info] Page Loaded!
Apr 11 22:37:18 <admin-website.php> [info] Loading Page...
Apr 11 22:37:18 <admin-website.php> [info] Page Loaded!
Apr 11 22:37:19 <admin-website.php> [info] Loading Page...
Apr 11 22:37:19 <admin-website.php> [info] Page Loaded!
Apr 11 22:37:20 <admin-website.php> [info] Loading Page...
Apr 11 22:37:20 <admin-website.php> [info] Page Loaded!
Apr 11 22:37:26 <admin-website.php> [info] Loading Page...
Apr 11 22:37:26 <admin-boards.php> [info] Process Submit - register-board
Apr 11 22:37:26 <admin-boards.php> [info] Board successfully registered.
Apr 11 22:37:26 <admin-website.php> [info] Page Loaded!
Apr 11 22:58:07 <admin-website.php> [info] Loading Page...
Apr 11 22:58:07 <admin-boards.php> [info] Process Submit - register-board
Apr 11 22:58:07 <admin-boards.php> [error] Missing board device ID.
Apr 11 22:58:07 <admin-website.php> [info] Page Loaded!
Apr 11 22:58:46 <admin-website.php> [info] Loading Page...
Apr 11 22:58:46 <admin-website.php> [info] Page Loaded!
Apr 11 23:01:55 <admin-website.php> [info] Loading Page...
Apr 11 23:01:55 <admin-website.php> [info] Page Loaded!
Apr 11 23:06:53 <admin-login.php> [info] Loading Page...
Apr 11 23:06:53 <admin-login.php> [info] Page Loaded!
Apr 11 23:07:51 <admin-login.php> [info] Loading Page...
Apr 11 23:07:51 <admin-login.php> [info] Page Loaded!
Apr 11 23:08:14 <admin-login.php> [info] Loading Page...
Apr 11 23:08:14 <admin-login.php> [info] Page Loaded!
Apr 11 23:09:03 <admin-website.php> [info] Loading Page...
Apr 11 23:09:03 <admin-website.php> [info] Page Loaded!
Apr 11 23:09:03 <admin-login.php> [info] Loading Page...
Apr 11 23:09:03 <admin-login.php> [info] Page Loaded!
Apr 11 23:10:28 <admin-login.php> [info] Loading Page...
Apr 11 23:10:28 <admin-login.php> [info] Page Loaded!
Apr 11 23:10:30 <admin-login.php> [info] Loading Page...
Apr 11 23:10:30 <admin-login.php> [info] Process Submit - login
Apr 11 23:10:30 <admin-login.php> [error] Error invalid username or password.
Apr 11 23:10:30 <admin-login.php> [info] Page Loaded!
Apr 11 23:10:37 <admin-login.php> [info] Loading Page...
Apr 11 23:10:37 <admin-login.php> [info] Process Submit - login
Apr 11 23:10:37 <admin-login.php> [error] Error invalid username or password.
Apr 11 23:10:37 <admin-login.php> [info] Page Loaded!
Apr 11 23:10:41 <admin-login.php> [info] Loading Page...
Apr 11 23:10:41 <admin-login.php> [info] Process Submit - login
Apr 11 23:10:41 <admin-login.php> [error] Error invalid username or password.
Apr 11 23:10:41 <admin-login.php> [info] Page Loaded!
Apr 11 23:12:40 <admin-login.php> [info] Loading Page...
Apr 11 23:12:40 <admin-login.php> [info] Process Submit - login
Apr 11 23:12:40 <admin-login.php> [error] Error invalid username or password.
Apr 11 23:12:40 <admin-login.php> [info] Page Loaded!
Apr 11 23:13:38 <admin-login.php> [info] Loading Page...
Apr 11 23:13:38 <admin-login.php> [info] Process Submit - login
Apr 11 23:13:38 <admin-login.php> [error] Missing admin name.
Apr 11 23:13:38 <admin-login.php> [info] Page Loaded!
Apr 11 23:16:22 <admin-login.php> [info] Loading Page...
Apr 11 23:16:22 <admin-login.php> [info] Process Submit - login
Apr 11 23:16:22 <admin-login.php> [error] Missing admin name.
Apr 11 23:16:22 <admin-login.php> [info] Page Loaded!
Apr 11 23:17:07 <admin-login.php> [info] Loading Page...
Apr 11 23:17:07 <admin-login.php> [info] Process Submit - login
Apr 11 23:17:07 <admin-login.php> [error] Error invalid username or password.
Apr 11 23:17:07 <admin-login.php> [info] Page Loaded!
Apr 11 23:17:15 <admin-login.php> [info] Loading Page...
Apr 11 23:17:15 <admin-login.php> [info] Process Submit - login
Apr 11 23:18:51 <admin-login.php> [info] Loading Page...
Apr 11 23:18:51 <admin-login.php> [info] Process Submit - login
Apr 11 23:18:51 <admin-login.php> [error] Missing admin name.
Apr 11 23:18:51 <admin-login.php> [info] Page Loaded!
Apr 11 23:19:53 <admin-login.php> [info] Loading Page...
Apr 11 23:19:53 <admin-login.php> [info] Page Loaded!
Apr 11 23:19:55 <admin-login.php> [info] Loading Page...
Apr 11 23:19:55 <admin-login.php> [info] Process Submit - admin-login
Apr 11 23:20:44 <admin-login.php> [info] Loading Page...
Apr 11 23:20:44 <admin-login.php> [info] Page Loaded!
Apr 11 23:20:45 <admin-login.php> [info] Loading Page...
Apr 11 23:20:45 <admin-login.php> [info] Process Submit - admin-login
Apr 11 23:20:45 <admin-login.php> [info] Page Loaded!
Apr 11 23:20:45 <admin-website.php> [info] Loading Page...
Apr 11 23:20:45 <admin-website.php> [info] Page Loaded!
Apr 11 23:20:47 <admin-website.php> [info] Loading Page...
Apr 11 23:20:47 <admin-website.php> [info] Page Loaded!
Apr 11 23:20:48 <admin-website.php> [info] Loading Page...
Apr 11 23:20:48 <admin-website.php> [info] Page Loaded!
Apr 11 23:20:49 <admin-website.php> [info] Loading Page...
Apr 11 23:20:49 <admin-website.php> [info] Page Loaded!
Apr 11 23:20:50 <admin-website.php> [info] Loading Page...
Apr 11 23:20:50 <admin-website.php> [info] Page Loaded!
Apr 11 23:20:51 <admin-website.php> [info] Loading Page...
Apr 11 23:20:51 <admin-website.php> [info] Page Loaded!
Apr 11 23:20:52 <admin-website.php> [info] Loading Page...
Apr 11 23:20:52 <admin-website.php> [info] Page Loaded!
Apr 11 23:20:53 <admin-website.php> [info] Loading Page...
Apr 11 23:20:53 <admin-website.php> [info] Page Loaded!
Apr 11 23:20:53 <admin-website.php> [info] Loading Page...
Apr 11 23:20:53 <admin-website.php> [info] Page Loaded!
Apr 11 23:20:54 <admin-website.php> [info] Loading Page...
Apr 11 23:20:54 <admin-website.php> [info] Page Loaded!
Apr 11 23:20:55 <admin-website.php> [info] Loading Page...
Apr 11 23:20:55 <admin-website.php> [info] Page Loaded!
Apr 11 23:20:55 <admin-website.php> [info] Loading Page...
Apr 11 23:20:55 <admin-website.php> [info] Page Loaded!
Apr 11 23:21:02 <admin-website.php> [info] Loading Page...
Apr 11 23:21:02 <admin-website.php> [info] Page Loaded!
Apr 11 23:21:09 <admin-website.php> [info] Loading Page...
Apr 11 23:21:09 <admin-boards.php> [info] Process Submit - register-board
Apr 11 23:21:09 <admin-boards.php> [info] Board successfully registered.
Apr 11 23:21:09 <admin-website.php> [info] Page Loaded!
Apr 11 23:21:11 <admin-website.php> [info] Loading Page...
Apr 11 23:21:11 <admin-website.php> [info] Page Loaded!
Apr 11 23:21:24 <admin-website.php> [info] Loading Page...
Apr 11 23:21:24 <admin-users.php> [info] Process Submit - register-user
Apr 11 23:21:24 <admin-users.php> [info] User successfully registered.
Apr 11 23:21:24 <admin-website.php> [info] Page Loaded!
Apr 11 23:21:24 <admin-login.php> [info] Loading Page...
Apr 11 23:21:24 <admin-login.php> [info] Page Loaded!
Apr 11 23:22:24 <admin-login.php> [info] Loading Page...
Apr 11 23:22:24 <admin-login.php> [info] Process Submit - admin-login
Apr 11 23:22:24 <admin-login.php> [info] Page Loaded!
Apr 11 23:22:24 <admin-website.php> [info] Loading Page...
Apr 11 23:22:24 <admin-website.php> [info] Page Loaded!
Apr 11 23:25:00 <admin-website.php> [error] Session ended!
Apr 11 23:25:00 <admin-website.php> [info] Loading Page...
Apr 11 23:25:00 <admin-website.php> [info] Page Loaded!
Apr 11 23:25:00 <admin-login.php> [info] Loading Page...
Apr 11 23:25:00 <admin-login.php> [info] Page Loaded!
Apr 11 23:25:02 <admin-login.php> [info] Loading Page...
Apr 11 23:25:02 <admin-login.php> [info] Process Submit - admin-login
Apr 11 23:25:02 <admin-login.php> [info] Page Loaded!
Apr 11 23:25:02 <admin-website.php> [info] Loading Page...
Apr 11 23:25:02 <admin-website.php> [info] Page Loaded!
Apr 11 23:25:04 <admin-website.php> [info] Loading Page...
Apr 11 23:25:04 <admin-website.php> [info] Page Loaded!
Apr 11 23:25:05 <admin-website.php> [info] Loading Page...
Apr 11 23:25:05 <admin-website.php> [info] Page Loaded!
Apr 11 23:25:07 <admin-website.php> [info] Loading Page...
Apr 11 23:25:07 <admin-website.php> [info] Page Loaded!
Apr 11 23:25:53 <admin-website.php> [error] Session ended!
Apr 11 23:25:53 <admin-website.php> [info] Loading Page...
Apr 11 23:25:53 <admin-website.php> [info] Page Loaded!
Apr 11 23:25:53 <admin-login.php> [info] Loading Page...
Apr 11 23:25:53 <admin-login.php> [info] Page Loaded!
Apr 11 23:26:08 <admin-website.php> [error] Session ended!
Apr 11 23:26:08 <admin-website.php> [info] Loading Page...
Apr 11 23:26:08 <admin-website.php> [info] Page Loaded!
Apr 11 23:26:08 <admin-login.php> [info] Loading Page...
Apr 11 23:26:08 <admin-login.php> [info] Page Loaded!
Apr 11 23:26:23 <admin-login.php> [info] Loading Page...
Apr 11 23:26:23 <admin-login.php> [info] Process Submit - admin-login
Apr 11 23:26:23 <admin-login.php> [info] Page Loaded!
Apr 11 23:26:23 <admin-website.php> [info] Loading Page...
Apr 11 23:26:23 <admin-website.php> [info] Page Loaded!
Apr 11 23:26:25 <admin-website.php> [info] Loading Page...
Apr 11 23:26:25 <admin-website.php> [info] Page Loaded!
Apr 11 23:26:26 <admin-website.php> [info] Loading Page...
Apr 11 23:26:26 <admin-website.php> [info] Page Loaded!
Apr 11 23:26:26 <admin-website.php> [info] Loading Page...
Apr 11 23:26:26 <admin-website.php> [info] Page Loaded!
Apr 11 23:26:27 <admin-website.php> [info] Loading Page...
Apr 11 23:26:27 <admin-website.php> [info] Page Loaded!
Apr 11 23:26:28 <admin-website.php> [info] Loading Page...
Apr 11 23:26:28 <admin-website.php> [info] Page Loaded!
Apr 11 23:29:02 <admin-website.php> [info] Loading Page...
Apr 11 23:29:02 <admin-website.php> [info] Page Loaded!
Apr 11 23:29:58 <admin-website.php> [info] Loading Page...
Apr 11 23:29:58 <admin-website.php> [info] Page Loaded!
Apr 11 23:30:00 <admin-website.php> [info] Loading Page...
Apr 11 23:30:00 <admin-website.php> [info] Page Loaded!
Apr 11 23:30:00 <admin-website.php> [info] Loading Page...
Apr 11 23:30:01 <admin-website.php> [info] Page Loaded!
Apr 11 23:30:14 <admin-website.php> [info] Loading Page...
Apr 11 23:30:14 <admin-website.php> [info] Page Loaded!
Apr 11 23:31:35 <admin-website.php> [info] Loading Page...
Apr 11 23:31:35 <admin-website.php> [info] Page Loaded!
Apr 11 23:31:37 <admin-website.php> [info] Loading Page...
Apr 11 23:31:37 <admin-website.php> [info] Page Loaded!
Apr 11 23:31:37 <admin-website.php> [info] Loading Page...
Apr 11 23:31:37 <admin-website.php> [info] Page Loaded!
Apr 11 23:31:45 <admin-website.php> [info] Loading Page...
Apr 11 23:31:45 <admin-website.php> [info] Page Loaded!
Apr 11 23:31:58 <admin-website.php> [info] Loading Page...
Apr 11 23:31:58 <admin-website.php> [info] Page Loaded!
Apr 11 23:32:14 <admin-website.php> [info] Loading Page...
Apr 11 23:32:14 <admin-website.php> [info] Page Loaded!
Apr 11 23:32:19 <admin-website.php> [info] Loading Page...
Apr 11 23:32:19 <admin-website.php> [info] Page Loaded!
Apr 11 23:32:38 <admin-website.php> [info] Loading Page...
Apr 11 23:32:38 <admin-website.php> [info] Page Loaded!
Apr 11 23:33:06 <admin-website.php> [info] Loading Page...
Apr 11 23:33:06 <admin-website.php> [info] Page Loaded!
Apr 11 23:34:05 <admin-website.php> [info] Loading Page...
Apr 11 23:34:05 <admin-website.php> [info] Page Loaded!
Apr 11 23:34:22 <admin-website.php> [info] Loading Page...
Apr 11 23:34:22 <admin-website.php> [info] Page Loaded!
Apr 11 23:37:28 <admin-website.php> [info] Loading Page...
Apr 11 23:37:28 <admin-website.php> [info] Page Loaded!
Apr 11 23:37:30 <admin-website.php> [error] Session ended!
Apr 11 23:37:30 <admin-website.php> [info] Loading Page...
Apr 11 23:37:30 <admin-boards.php> [info] Process Submit - logout
Apr 11 23:37:30 <admin-website.php> [info] Page Loaded!
Apr 11 23:37:30 <admin-login.php> [info] Loading Page...
Apr 11 23:37:30 <admin-login.php> [info] Page Loaded!
Apr 11 23:37:34 <admin-website.php> [info] Loading Page...
Apr 11 23:37:34 <admin-website.php> [info] Page Loaded!
Apr 11 23:37:35 <admin-website.php> [info] Loading Page...
Apr 11 23:37:35 <admin-website.php> [info] Page Loaded!
Apr 11 23:37:36 <admin-website.php> [info] Loading Page...
Apr 11 23:37:36 <admin-website.php> [info] Page Loaded!
Apr 11 23:37:36 <admin-website.php> [info] Loading Page...
Apr 11 23:37:36 <admin-website.php> [info] Page Loaded!
Apr 11 23:37:37 <admin-website.php> [info] Loading Page...
Apr 11 23:37:37 <admin-website.php> [info] Page Loaded!
Apr 11 23:56:11 <admin-website.php> [info] Loading Page...
Apr 11 23:56:11 <admin-website.php> [info] Page Loaded!
Apr 11 23:56:16 <admin-website.php> [error] Session ended!
Apr 11 23:56:16 <admin-website.php> [info] Loading Page...
Apr 11 23:56:16 <admin-boards.php> [info] Process Submit - logout
Apr 11 23:56:16 <admin-website.php> [info] Page Loaded!
Apr 11 23:56:16 <admin-login.php> [info] Loading Page...
Apr 11 23:56:16 <admin-login.php> [info] Page Loaded!
Apr 11 23:56:25 <admin-website.php> [info] Loading Page...
Apr 11 23:56:25 <admin-website.php> [info] Page Loaded!
Apr 11 23:56:28 <admin-website.php> [info] Loading Page...
Apr 11 23:56:28 <admin-website.php> [info] Page Loaded!
Apr 11 23:56:30 <admin-website.php> [info] Loading Page...
Apr 11 23:56:30 <admin-website.php> [info] Page Loaded!
Apr 11 23:56:32 <admin-website.php> [error] Session ended!
Apr 11 23:56:32 <admin-website.php> [info] Loading Page...
Apr 11 23:56:32 <admin-boards.php> [info] Process Submit - logout
Apr 11 23:56:32 <admin-website.php> [info] Page Loaded!
Apr 11 23:56:32 <admin-login.php> [info] Loading Page...
Apr 11 23:56:32 <admin-login.php> [info] Page Loaded!
Apr 11 23:56:53 <admin-website.php> [info] Loading Page...
Apr 11 23:56:53 <admin-website.php> [info] Page Loaded!
Apr 11 23:57:13 <admin-website.php> [error] Session ended!
Apr 11 23:57:13 <admin-website.php> [info] Loading Page...
Apr 11 23:57:13 <admin-boards.php> [info] Process Submit - logout
Apr 11 23:57:13 <admin-website.php> [info] Page Loaded!
Apr 11 23:57:13 <admin-login.php> [info] Loading Page...
Apr 11 23:57:13 <admin-login.php> [info] Page Loaded!
Apr 11 23:57:18 <admin-website.php> [info] Loading Page...
Apr 11 23:57:18 <admin-website.php> [info] Page Loaded!
Apr 11 23:57:20 <admin-website.php> [info] Loading Page...
Apr 11 23:57:20 <admin-website.php> [info] Page Loaded!
Apr 11 23:57:21 <admin-website.php> [info] Loading Page...
Apr 11 23:57:21 <admin-website.php> [info] Page Loaded!
Apr 11 23:57:24 <admin-website.php> [error] Session ended!
Apr 11 23:57:24 <admin-website.php> [info] Loading Page...
Apr 11 23:57:24 <admin-boards.php> [info] Process Submit - logout
Apr 11 23:57:24 <admin-website.php> [info] Page Loaded!
Apr 11 23:57:24 <admin-login.php> [info] Loading Page...
Apr 11 23:57:24 <admin-login.php> [info] Page Loaded!
