May 11 16:36:43 <admin-website.php> [error] Session ended!
May 11 16:36:43 <admin-website.php> [info] Loading Page...
May 11 16:36:43 <admin-website.php> [info] Page Loaded!
May 11 16:36:44 <admin-login.php> [info] Loading Page...
May 11 16:36:44 <admin-login.php> [info] Page Loaded!
May 11 16:36:45 <admin-login.php> [info] Loading Page...
May 11 16:36:45 <admin-login.php> [info] Process Submit - admin-login
May 11 16:36:45 <admin-login.php> [info] Page Loaded!
May 11 16:36:45 <admin-website.php> [info] Loading Page...
May 11 16:36:45 <admin-website.php> [info] Page Loaded!
May 11 16:36:49 <admin-website.php> [info] Loading Page...
May 11 16:36:49 <admin-website.php> [info] Page Loaded!
May 11 16:37:04 <admin-website.php> [info] Loading Page...
May 11 16:37:04 <admin-users.php> [info] Process Submit - register-user
May 11 16:37:04 <admin-users.php> [info] User successfully registered.
May 11 16:37:04 <admin-website.php> [info] Page Loaded!
May 11 16:37:16 <admin-website.php> [info] Loading Page...
May 11 16:37:16 <admin-users.php> [info] Process Submit - register-user
May 11 16:37:16 <admin-users.php> [info] User successfully registered.
May 11 16:37:16 <admin-website.php> [info] Page Loaded!
May 11 16:37:17 <admin-website.php> [info] Loading Page...
May 11 16:37:17 <admin-website.php> [info] Page Loaded!
May 11 16:37:18 <admin-website.php> [info] Loading Page...
May 11 16:37:18 <admin-website.php> [info] Page Loaded!
May 11 16:37:36 <admin-website.php> [info] Loading Page...
May 11 16:37:36 <admin-patients.php> [info] Process Submit - register-patient
May 11 16:37:36 <admin-patients.php> [info] Patient successfully registered.
May 11 16:37:36 <admin-website.php> [info] Page Loaded!
May 11 16:37:48 <admin-website.php> [info] Loading Page...
May 11 16:37:48 <admin-patients.php> [info] Process Submit - register-patient
May 11 16:37:48 <admin-patients.php> [info] Patient successfully registered.
May 11 16:37:48 <admin-website.php> [info] Page Loaded!
May 11 16:37:51 <admin-website.php> [info] Loading Page...
May 11 16:37:51 <admin-website.php> [info] Page Loaded!
May 11 16:38:11 <admin-website.php> [info] Loading Page...
May 11 16:38:11 <admin-tests.php> [info] Process Submit - save-health
May 11 16:38:11 <admin-tests.php> [info] Health values successfully saved.
May 11 16:38:11 <admin-website.php> [info] Page Loaded!
May 11 16:38:36 <admin-website.php> [info] Loading Page...
May 11 16:38:36 <admin-tests.php> [info] Process Submit - save-health
May 11 16:38:36 <admin-tests.php> [info] Health values successfully saved.
May 11 16:38:36 <admin-website.php> [info] Page Loaded!
May 11 16:38:41 <admin-website.php> [info] Loading Page...
May 11 16:38:41 <admin-website.php> [info] Page Loaded!
May 11 16:38:55 <admin-website.php> [info] Loading Page...
May 11 16:38:55 <admin-tests.php> [info] Process Submit - save-health
May 11 16:38:55 <admin-tests.php> [error] Missing BPM value.
May 11 16:38:55 <admin-website.php> [info] Page Loaded!
May 11 16:39:06 <admin-website.php> [info] Loading Page...
May 11 16:39:06 <admin-tests.php> [info] Process Submit - save-health
May 11 16:39:06 <admin-tests.php> [info] Health values successfully saved.
May 11 16:39:06 <admin-website.php> [info] Page Loaded!
May 11 16:39:10 <admin-website.php> [info] Loading Page...
May 11 16:39:10 <admin-website.php> [info] Page Loaded!
May 11 16:39:11 <admin-website.php> [info] Loading Page...
May 11 16:39:11 <admin-website.php> [info] Page Loaded!
