Apr 12 00:00:32 <admin-website.php> [info] Loading Page...
Apr 12 00:00:32 <admin-website.php> [info] Page Loaded!
Apr 12 00:00:34 <admin-website.php> [info] Loading Page...
Apr 12 00:00:34 <admin-website.php> [info] Page Loaded!
Apr 12 00:00:35 <admin-website.php> [info] Loading Page...
Apr 12 00:00:35 <admin-website.php> [info] Page Loaded!
Apr 12 00:00:36 <admin-website.php> [error] Session ended!
Apr 12 00:02:28 <admin-website.php> [info] Loading Page...
Apr 12 00:02:28 <admin-website.php> [info] Page Loaded!
Apr 12 00:02:29 <admin-website.php> [info] Loading Page...
Apr 12 00:02:29 <admin-website.php> [info] Page Loaded!
Apr 12 00:02:29 <admin-website.php> [info] Loading Page...
Apr 12 00:02:29 <admin-website.php> [info] Page Loaded!
Apr 12 00:02:31 <admin-website.php> [error] Session ended!
Apr 12 00:02:31 <admin-website.php> [info] Loading Page...
Apr 12 00:02:31 <admin-boards.php> [info] Process Submit - logout
Apr 12 00:02:31 <admin-website.php> [info] Page Loaded!
Apr 12 00:02:31 <admin-login.php> [info] Loading Page...
Apr 12 00:02:31 <admin-login.php> [info] Page Loaded!
Apr 12 00:02:33 <admin-website.php> [error] Session ended!
Apr 12 00:02:33 <admin-website.php> [info] Loading Page...
Apr 12 00:02:33 <admin-website.php> [info] Page Loaded!
Apr 12 00:02:33 <admin-login.php> [info] Loading Page...
Apr 12 00:02:33 <admin-login.php> [info] Page Loaded!
Apr 12 00:02:35 <admin-website.php> [error] Session ended!
Apr 12 00:02:35 <admin-website.php> [info] Loading Page...
Apr 12 00:02:35 <admin-website.php> [info] Page Loaded!
Apr 12 00:02:35 <admin-login.php> [info] Loading Page...
Apr 12 00:02:35 <admin-login.php> [info] Page Loaded!
Apr 12 00:02:36 <admin-website.php> [error] Session ended!
Apr 12 00:02:36 <admin-website.php> [info] Loading Page...
Apr 12 00:02:36 <admin-website.php> [info] Page Loaded!
Apr 12 00:02:36 <admin-login.php> [info] Loading Page...
Apr 12 00:02:36 <admin-login.php> [info] Page Loaded!
Apr 12 00:02:36 <admin-website.php> [error] Session ended!
Apr 12 00:02:36 <admin-website.php> [info] Loading Page...
Apr 12 00:02:36 <admin-website.php> [info] Page Loaded!
Apr 12 00:02:36 <admin-login.php> [info] Loading Page...
Apr 12 00:02:36 <admin-login.php> [info] Page Loaded!
Apr 12 00:02:37 <admin-website.php> [error] Session ended!
Apr 12 00:02:37 <admin-website.php> [info] Loading Page...
Apr 12 00:02:37 <admin-website.php> [info] Page Loaded!
Apr 12 00:02:37 <admin-login.php> [info] Loading Page...
Apr 12 00:02:37 <admin-login.php> [info] Page Loaded!
Apr 12 00:02:42 <admin-website.php> [error] Session ended!
Apr 12 00:02:42 <admin-website.php> [info] Loading Page...
Apr 12 00:02:42 <admin-website.php> [info] Page Loaded!
Apr 12 00:02:42 <admin-login.php> [info] Loading Page...
Apr 12 00:02:42 <admin-login.php> [info] Page Loaded!
Apr 12 00:09:42 <admin-login.php> [info] Loading Page...
Apr 12 00:09:42 <admin-login.php> [info] Page Loaded!
Apr 12 00:09:52 <admin-login.php> [info] Loading Page...
Apr 12 00:09:52 <admin-login.php> [info] Page Loaded!
Apr 12 00:09:53 <admin-login.php> [info] Loading Page...
Apr 12 00:09:53 <admin-login.php> [info] Page Loaded!
Apr 12 00:09:53 <admin-website.php> [error] Session ended!
Apr 12 00:09:53 <admin-website.php> [info] Loading Page...
Apr 12 00:09:53 <admin-website.php> [info] Page Loaded!
Apr 12 00:09:53 <admin-login.php> [info] Loading Page...
Apr 12 00:09:53 <admin-login.php> [info] Page Loaded!
Apr 12 00:39:53 <admin-login.php> [info] Loading Page...
Apr 12 00:39:53 <admin-login.php> [info] Page Loaded!
Apr 12 00:39:55 <admin-login.php> [info] Loading Page...
Apr 12 00:39:55 <admin-login.php> [info] Page Loaded!
Apr 12 00:39:55 <admin-login.php> [info] Loading Page...
Apr 12 00:39:55 <admin-login.php> [info] Page Loaded!
Apr 12 00:58:44 <admin-login.php> [info] Loading Page...
Apr 12 00:58:44 <admin-login.php> [info] Page Loaded!
Apr 12 00:58:45 <admin-login.php> [info] Loading Page...
Apr 12 00:58:45 <admin-login.php> [info] Process Submit - admin-login
Apr 12 00:58:45 <admin-login.php> [info] Page Loaded!
Apr 12 00:58:45 <admin-website.php> [info] Loading Page...
Apr 12 00:58:45 <admin-website.php> [info] Page Loaded!
Apr 12 00:58:50 <admin-website.php> [info] Loading Page...
Apr 12 00:58:51 <admin-website.php> [info] Page Loaded!
Apr 12 00:58:52 <admin-website.php> [info] Loading Page...
Apr 12 00:58:52 <admin-website.php> [info] Page Loaded!
Apr 12 00:58:54 <admin-website.php> [info] Loading Page...
Apr 12 00:58:54 <admin-website.php> [info] Page Loaded!
Apr 12 00:59:07 <admin-website.php> [error] Session ended!
Apr 12 00:59:07 <admin-website.php> [info] Loading Page...
Apr 12 00:59:07 <admin-tests.php> [info] Process Submit - save-health
Apr 12 00:59:07 <admin-tests.php> [info] Health values successfully saved.
Apr 12 00:59:07 <admin-website.php> [info] Page Loaded!
Apr 12 00:59:07 <admin-login.php> [info] Loading Page...
Apr 12 00:59:07 <admin-login.php> [info] Page Loaded!
Apr 12 00:59:11 <admin-login.php> [info] Loading Page...
Apr 12 00:59:11 <admin-login.php> [info] Process Submit - admin-login
Apr 12 00:59:11 <admin-login.php> [info] Page Loaded!
Apr 12 00:59:11 <admin-website.php> [info] Loading Page...
Apr 12 00:59:11 <admin-website.php> [info] Page Loaded!
Apr 12 00:59:12 <admin-website.php> [info] Loading Page...
Apr 12 00:59:12 <admin-website.php> [info] Page Loaded!
Apr 12 00:59:14 <admin-website.php> [error] Session ended!
Apr 12 00:59:14 <admin-website.php> [info] Loading Page...
Apr 12 00:59:14 <admin-tests.php> [info] Process Submit - save-health
Apr 12 00:59:14 <admin-tests.php> [error] Missing BPM value.
Apr 12 00:59:14 <admin-website.php> [info] Page Loaded!
Apr 12 00:59:14 <admin-login.php> [info] Loading Page...
Apr 12 00:59:14 <admin-login.php> [info] Page Loaded!
Apr 12 00:59:17 <admin-login.php> [info] Loading Page...
Apr 12 00:59:17 <admin-login.php> [info] Process Submit - admin-login
Apr 12 00:59:17 <admin-login.php> [info] Page Loaded!
Apr 12 00:59:17 <admin-website.php> [info] Loading Page...
Apr 12 00:59:17 <admin-website.php> [info] Page Loaded!
Apr 12 00:59:18 <admin-website.php> [info] Loading Page...
Apr 12 00:59:18 <admin-website.php> [info] Page Loaded!
Apr 12 00:59:23 <admin-website.php> [error] Session ended!
Apr 12 00:59:23 <admin-website.php> [info] Loading Page...
Apr 12 00:59:23 <admin-boards.php> [info] Process Submit - register-board
Apr 12 00:59:23 <admin-boards.php> [info] Board successfully registered.
Apr 12 00:59:23 <admin-website.php> [info] Page Loaded!
Apr 12 00:59:23 <admin-login.php> [info] Loading Page...
Apr 12 00:59:23 <admin-login.php> [info] Page Loaded!
Apr 12 00:59:26 <admin-website.php> [error] Session ended!
Apr 12 00:59:26 <admin-website.php> [info] Loading Page...
Apr 12 00:59:26 <admin-website.php> [info] Page Loaded!
Apr 12 00:59:26 <admin-login.php> [info] Loading Page...
Apr 12 00:59:26 <admin-login.php> [info] Page Loaded!
Apr 12 00:59:27 <admin-website.php> [error] Session ended!
Apr 12 00:59:27 <admin-website.php> [info] Loading Page...
Apr 12 00:59:27 <admin-website.php> [info] Page Loaded!
Apr 12 00:59:28 <admin-login.php> [info] Loading Page...
Apr 12 00:59:28 <admin-login.php> [info] Page Loaded!
Apr 12 00:59:28 <admin-login.php> [info] Loading Page...
Apr 12 00:59:28 <admin-login.php> [info] Page Loaded!
Apr 12 00:59:29 <admin-login.php> [info] Loading Page...
Apr 12 00:59:29 <admin-login.php> [info] Process Submit - admin-login
Apr 12 00:59:29 <admin-login.php> [info] Page Loaded!
Apr 12 00:59:30 <admin-website.php> [info] Loading Page...
Apr 12 00:59:30 <admin-website.php> [info] Page Loaded!
Apr 12 00:59:31 <admin-website.php> [info] Loading Page...
Apr 12 00:59:31 <admin-website.php> [info] Page Loaded!
Apr 12 00:59:32 <admin-website.php> [info] Loading Page...
Apr 12 00:59:32 <admin-website.php> [info] Page Loaded!
Apr 12 00:59:32 <admin-website.php> [info] Loading Page...
Apr 12 00:59:32 <admin-website.php> [info] Page Loaded!
Apr 12 00:59:33 <admin-website.php> [info] Loading Page...
Apr 12 00:59:33 <admin-website.php> [info] Page Loaded!
Apr 12 00:59:34 <admin-website.php> [info] Loading Page...
Apr 12 00:59:34 <admin-website.php> [info] Page Loaded!
Apr 12 00:59:36 <admin-website.php> [info] Loading Page...
Apr 12 00:59:36 <admin-website.php> [info] Page Loaded!
Apr 12 00:59:45 <admin-website.php> [error] Session ended!
Apr 12 00:59:45 <admin-website.php> [info] Loading Page...
Apr 12 00:59:45 <admin-boards.php> [info] Process Submit - register-board
Apr 12 00:59:45 <admin-boards.php> [error] Error registering board.
Apr 12 00:59:45 <admin-website.php> [info] Page Loaded!
Apr 12 00:59:45 <admin-login.php> [info] Loading Page...
Apr 12 00:59:45 <admin-login.php> [info] Page Loaded!
Apr 12 00:59:53 <admin-login.php> [info] Loading Page...
Apr 12 00:59:53 <admin-login.php> [info] Process Submit - admin-login
Apr 12 00:59:53 <admin-login.php> [info] Page Loaded!
Apr 12 00:59:53 <admin-website.php> [info] Loading Page...
Apr 12 00:59:53 <admin-website.php> [info] Page Loaded!
Apr 12 00:59:54 <admin-website.php> [info] Loading Page...
Apr 12 00:59:54 <admin-website.php> [info] Page Loaded!
Apr 12 01:00:47 <admin-website.php> [info] Loading Page...
Apr 12 01:00:47 <admin-website.php> [info] Page Loaded!
Apr 12 01:01:32 <admin-website.php> [error] Session ended!
Apr 12 01:01:32 <admin-website.php> [info] Loading Page...
Apr 12 01:01:32 <admin-boards.php> [info] Process Submit - register-board
Apr 12 01:01:32 <admin-boards.php> [info] Board successfully registered.
Apr 12 01:01:32 <admin-website.php> [info] Page Loaded!
Apr 12 01:01:53 <admin-website.php> [error] Session ended!
Apr 12 01:01:53 <admin-website.php> [info] Loading Page...
Apr 12 01:01:53 <admin-boards.php> [info] Process Submit - register-board
Apr 12 01:01:53 <admin-boards.php> [info] Board successfully registered.
Apr 12 01:01:53 <admin-website.php> [info] Page Loaded!
Apr 12 01:02:24 <admin-website.php> [info] Loading Page...
Apr 12 01:02:24 <admin-website.php> [info] Page Loaded!
Apr 12 01:02:25 <admin-website.php> [info] Loading Page...
Apr 12 01:02:25 <admin-website.php> [info] Page Loaded!
Apr 12 01:02:50 <admin-website.php> [info] Loading Page...
Apr 12 01:02:50 <admin-website.php> [info] Page Loaded!
Apr 12 01:03:12 <admin-website.php> [info] Loading Page...
Apr 12 01:03:12 <admin-website.php> [info] Page Loaded!
Apr 12 01:03:13 <admin-website.php> [info] Loading Page...
Apr 12 01:03:13 <admin-website.php> [info] Page Loaded!
Apr 12 01:03:50 <admin-website.php> [info] Loading Page...
Apr 12 01:03:50 <admin-website.php> [info] Page Loaded!
Apr 12 01:04:51 <admin-website.php> [info] Loading Page...
Apr 12 01:04:51 <admin-website.php> [info] Page Loaded!
Apr 12 01:04:55 <admin-website.php> [info] Loading Page...
Apr 12 01:04:55 <admin-boards.php> [info] Process Submit - delete
Apr 12 01:04:55 <admin-boards.php> [info] Board successfully deleted.
Apr 12 01:04:55 <admin-website.php> [info] Page Loaded!
Apr 12 01:04:57 <admin-website.php> [info] Loading Page...
Apr 12 01:04:57 <admin-boards.php> [info] Process Submit - delete
Apr 12 01:04:57 <admin-boards.php> [info] Board successfully deleted.
Apr 12 01:04:57 <admin-website.php> [info] Page Loaded!
Apr 12 01:04:59 <admin-website.php> [info] Loading Page...
Apr 12 01:04:59 <admin-website.php> [info] Page Loaded!
Apr 12 01:05:40 <admin-website.php> [info] Loading Page...
Apr 12 01:05:40 <admin-website.php> [info] Page Loaded!
Apr 12 01:06:22 <admin-website.php> [info] Loading Page...
Apr 12 01:06:22 <admin-website.php> [info] Page Loaded!
Apr 12 01:06:23 <admin-website.php> [info] Loading Page...
Apr 12 01:06:23 <admin-website.php> [info] Page Loaded!
Apr 12 01:06:44 <admin-website.php> [info] Loading Page...
Apr 12 01:06:44 <admin-website.php> [info] Page Loaded!
Apr 12 01:06:47 <admin-website.php> [info] Loading Page...
Apr 12 01:06:47 <admin-website.php> [info] Page Loaded!
Apr 12 01:06:48 <admin-website.php> [info] Loading Page...
Apr 12 01:06:48 <admin-website.php> [info] Page Loaded!
Apr 12 01:06:53 <admin-website.php> [info] Loading Page...
Apr 12 01:06:53 <admin-website.php> [info] Page Loaded!
Apr 12 01:07:06 <admin-website.php> [info] Loading Page...
Apr 12 01:07:06 <admin-patients.php> [info] Process Submit - register-patient
Apr 12 01:07:06 <admin-patients.php> [info] Patient successfully registered.
Apr 12 01:07:06 <admin-website.php> [info] Page Loaded!
Apr 12 01:07:08 <admin-website.php> [info] Loading Page...
Apr 12 01:07:08 <admin-website.php> [info] Page Loaded!
Apr 12 01:08:56 <admin-website.php> [info] Loading Page...
Apr 12 01:08:56 <admin-website.php> [info] Page Loaded!
Apr 12 01:08:57 <admin-website.php> [info] Loading Page...
Apr 12 01:08:57 <admin-website.php> [info] Page Loaded!
Apr 12 01:09:09 <admin-website.php> [info] Loading Page...
Apr 12 01:09:09 <admin-website.php> [info] Page Loaded!
Apr 12 01:11:13 <admin-website.php> [info] Loading Page...
Apr 12 01:11:13 <admin-website.php> [info] Page Loaded!
Apr 12 01:11:20 <admin-website.php> [info] Loading Page...
Apr 12 01:11:20 <admin-website.php> [info] Page Loaded!
Apr 12 01:11:21 <admin-website.php> [info] Loading Page...
Apr 12 01:11:21 <admin-website.php> [info] Page Loaded!
Apr 12 01:11:22 <admin-website.php> [info] Loading Page...
Apr 12 01:11:22 <admin-website.php> [info] Page Loaded!
Apr 12 01:11:22 <admin-website.php> [info] Loading Page...
Apr 12 01:11:22 <admin-website.php> [info] Page Loaded!
Apr 12 01:11:24 <admin-website.php> [info] Loading Page...
Apr 12 01:11:24 <admin-website.php> [info] Page Loaded!
Apr 12 01:11:25 <admin-website.php> [info] Loading Page...
Apr 12 01:11:25 <admin-website.php> [info] Page Loaded!
Apr 12 01:11:25 <admin-website.php> [info] Loading Page...
Apr 12 01:11:25 <admin-website.php> [info] Page Loaded!
Apr 12 01:14:08 <admin-website.php> [info] Loading Page...
Apr 12 01:14:08 <admin-website.php> [info] Page Loaded!
Apr 12 01:14:16 <admin-website.php> [info] Loading Page...
Apr 12 01:14:16 <admin-website.php> [info] Page Loaded!
Apr 12 01:14:17 <admin-website.php> [info] Loading Page...
Apr 12 01:14:17 <admin-website.php> [info] Page Loaded!
Apr 12 01:14:17 <admin-website.php> [info] Loading Page...
Apr 12 01:14:17 <admin-website.php> [info] Page Loaded!
Apr 12 01:14:18 <admin-website.php> [info] Loading Page...
Apr 12 01:14:18 <admin-website.php> [info] Page Loaded!
Apr 12 01:17:26 <admin-website.php> [info] Loading Page...
Apr 12 01:17:26 <admin-website.php> [info] Page Loaded!
Apr 12 01:21:35 <admin-website.php> [info] Loading Page...
Apr 12 01:21:35 <admin-website.php> [info] Page Loaded!
Apr 12 01:21:37 <admin-website.php> [info] Loading Page...
Apr 12 01:21:37 <admin-website.php> [info] Page Loaded!
Apr 12 01:23:25 <admin-website.php> [info] Loading Page...
Apr 12 01:23:25 <admin-users.php> [info] Process Submit - delete
Apr 12 01:23:25 <admin-users.php> [info] User successfully deleted.
Apr 12 01:23:25 <admin-website.php> [info] Page Loaded!
Apr 12 01:23:32 <admin-website.php> [info] Loading Page...
Apr 12 01:23:32 <admin-users.php> [info] Process Submit - register-user
Apr 12 01:23:32 <admin-users.php> [info] User successfully registered.
Apr 12 01:23:32 <admin-website.php> [info] Page Loaded!
Apr 12 01:23:33 <admin-website.php> [info] Loading Page...
Apr 12 01:23:33 <admin-website.php> [info] Page Loaded!
Apr 12 01:23:34 <admin-website.php> [info] Loading Page...
Apr 12 01:23:34 <admin-website.php> [info] Page Loaded!
Apr 12 01:30:15 <admin-website.php> [info] Loading Page...
Apr 12 01:30:15 <admin-website.php> [info] Page Loaded!
Apr 12 01:30:16 <admin-website.php> [info] Loading Page...
Apr 12 01:30:16 <admin-website.php> [info] Page Loaded!
Apr 12 01:30:17 <admin-website.php> [info] Loading Page...
Apr 12 01:30:17 <admin-website.php> [info] Page Loaded!
Apr 12 01:34:30 <admin-website.php> [info] Loading Page...
Apr 12 01:34:30 <admin-website.php> [info] Page Loaded!
Apr 12 01:35:13 <admin-website.php> [info] Loading Page...
Apr 12 01:35:13 <admin-website.php> [info] Page Loaded!
Apr 12 01:35:14 <admin-website.php> [info] Loading Page...
Apr 12 01:35:14 <admin-website.php> [info] Page Loaded!
Apr 12 01:35:14 <admin-website.php> [info] Loading Page...
Apr 12 01:35:14 <admin-website.php> [info] Page Loaded!
Apr 12 01:35:15 <admin-website.php> [info] Loading Page...
Apr 12 01:35:15 <admin-website.php> [info] Page Loaded!
Apr 12 01:35:16 <admin-website.php> [info] Loading Page...
Apr 12 01:35:16 <admin-website.php> [info] Page Loaded!
Apr 12 01:35:17 <admin-website.php> [info] Loading Page...
Apr 12 01:35:17 <admin-website.php> [info] Page Loaded!
Apr 12 01:35:19 <admin-website.php> [error] Session ended!
Apr 12 01:35:19 <admin-website.php> [info] Loading Page...
Apr 12 01:35:19 <admin-boards.php> [info] Process Submit - logout
Apr 12 01:35:19 <admin-website.php> [info] Page Loaded!
Apr 12 01:35:19 <admin-login.php> [info] Loading Page...
Apr 12 01:35:19 <admin-login.php> [info] Page Loaded!
Apr 12 01:35:20 <admin-login.php> [info] Loading Page...
Apr 12 01:35:20 <admin-login.php> [info] Process Submit - admin-login
Apr 12 01:35:20 <admin-login.php> [info] Page Loaded!
Apr 12 01:35:20 <admin-website.php> [info] Loading Page...
Apr 12 01:35:20 <admin-website.php> [info] Page Loaded!
Apr 12 01:35:21 <admin-website.php> [info] Loading Page...
Apr 12 01:35:21 <admin-website.php> [info] Page Loaded!
Apr 12 01:35:22 <admin-website.php> [info] Loading Page...
Apr 12 01:35:22 <admin-website.php> [info] Page Loaded!
Apr 12 01:35:22 <admin-website.php> [info] Loading Page...
Apr 12 01:35:22 <admin-website.php> [info] Page Loaded!
Apr 12 01:40:54 <admin-website.php> [info] Loading Page...
Apr 12 01:40:54 <admin-website.php> [info] Page Loaded!
Apr 12 01:40:56 <admin-website.php> [error] Session ended!
Apr 12 01:40:56 <admin-website.php> [info] Loading Page...
Apr 12 01:40:56 <admin-boards.php> [info] Process Submit - logout
Apr 12 01:40:56 <admin-website.php> [info] Page Loaded!
Apr 12 01:40:56 <admin-login.php> [info] Loading Page...
Apr 12 01:40:56 <admin-login.php> [info] Page Loaded!
Apr 12 01:41:01 <admin-website.php> [error] Session ended!
Apr 12 01:41:01 <admin-website.php> [info] Loading Page...
Apr 12 01:41:01 <admin-website.php> [info] Page Loaded!
Apr 12 01:41:01 <admin-login.php> [info] Loading Page...
Apr 12 01:41:01 <admin-login.php> [info] Page Loaded!
Apr 12 01:43:13 <admin-login.php> [info] Loading Page...
Apr 12 01:43:13 <admin-login.php> [info] Process Submit - admin-login
Apr 12 01:43:13 <admin-login.php> [info] Page Loaded!
Apr 12 01:43:13 <admin-website.php> [info] Loading Page...
Apr 12 01:43:13 <admin-website.php> [info] Page Loaded!
Apr 12 01:43:15 <admin-website.php> [info] Loading Page...
Apr 12 01:43:15 <admin-website.php> [info] Page Loaded!
Apr 12 01:43:15 <admin-website.php> [info] Loading Page...
Apr 12 01:43:15 <admin-website.php> [info] Page Loaded!
Apr 12 01:43:16 <admin-website.php> [info] Loading Page...
Apr 12 01:43:16 <admin-website.php> [info] Page Loaded!
Apr 12 01:57:18 <save-health.php> [info] Save health values...
Apr 12 01:57:18 <save-health.php> [info] 1
Apr 12 01:57:20 <save-health.php> [info] Save health values...
Apr 12 01:57:20 <save-health.php> [info] 1
Apr 12 01:57:26 <save-health.php> [info] Save health values...
Apr 12 01:57:26 <save-health.php> [info] 1
Apr 12 01:57:33 <admin-website.php> [info] Loading Page...
Apr 12 01:57:33 <admin-website.php> [info] Page Loaded!
Apr 12 01:57:34 <admin-website.php> [info] Loading Page...
Apr 12 01:57:34 <admin-website.php> [info] Page Loaded!
Apr 12 01:57:46 <save-health.php> [info] Save health values...
Apr 12 01:57:46 <save-health.php> [info] 1
Apr 12 02:22:12 <admin-website.php> [info] Loading Page...
Apr 12 02:22:12 <admin-website.php> [info] Page Loaded!
Apr 12 02:22:13 <admin-website.php> [info] Loading Page...
Apr 12 02:22:13 <admin-website.php> [info] Page Loaded!
Apr 12 02:22:14 <admin-website.php> [info] Loading Page...
Apr 12 02:22:14 <admin-website.php> [info] Page Loaded!
Apr 12 02:28:52 <admin-website.php> [info] Loading Page...
Apr 12 02:28:52 <admin-website.php> [info] Page Loaded!
Apr 12 02:28:57 <admin-website.php> [info] Loading Page...
Apr 12 02:28:57 <admin-website.php> [info] Page Loaded!
Apr 12 02:29:02 <admin-website.php> [info] Loading Page...
Apr 12 02:29:02 <admin-website.php> [info] Page Loaded!
Apr 12 02:29:07 <admin-website.php> [info] Loading Page...
Apr 12 02:29:07 <admin-website.php> [info] Page Loaded!
