May 18 21:55:05 <admin-website.php> [error] Session ended!
May 18 21:55:05 <admin-website.php> [info] Loading Page...
May 18 21:55:05 <admin-website.php> [info] Page Loaded!
May 18 21:55:05 <admin-login.php> [info] Loading Page...
May 18 21:55:05 <admin-login.php> [info] Page Loaded!
May 18 21:55:07 <admin-login.php> [info] Loading Page...
May 18 21:55:07 <admin-login.php> [info] Process Submit - admin-login
May 18 21:55:07 <admin-login.php> [info] Page Loaded!
May 18 21:55:07 <admin-website.php> [info] Loading Page...
May 18 21:55:07 <admin-website.php> [info] Page Loaded!
May 18 21:55:09 <admin-website.php> [info] Loading Page...
May 18 21:55:09 <admin-website.php> [info] Page Loaded!
May 18 21:55:10 <admin-website.php> [info] Loading Page...
May 18 21:55:11 <admin-website.php> [info] Page Loaded!
May 18 21:55:12 <admin-website.php> [info] Loading Page...
May 18 21:55:12 <admin-website.php> [info] Page Loaded!
May 18 21:55:18 <admin-website.php> [info] Loading Page...
May 18 21:55:18 <admin-boards.php> [info] Process Submit - register-board
May 18 21:55:18 <admin-boards.php> [info] Board successfully registered.
May 18 21:55:18 <admin-website.php> [info] Page Loaded!
May 18 21:55:24 <admin-website.php> [info] Loading Page...
May 18 21:55:24 <admin-boards.php> [info] Process Submit - register-board
May 18 21:55:24 <admin-boards.php> [info] Board successfully registered.
May 18 21:55:24 <admin-website.php> [info] Page Loaded!
May 18 21:55:25 <admin-website.php> [info] Loading Page...
May 18 21:55:25 <admin-website.php> [info] Page Loaded!
May 18 21:55:37 <admin-website.php> [info] Loading Page...
May 18 21:55:37 <admin-users.php> [info] Process Submit - register-user
May 18 21:55:37 <admin-users.php> [info] User successfully registered.
May 18 21:55:37 <admin-website.php> [info] Page Loaded!
May 18 21:55:56 <admin-website.php> [info] Loading Page...
May 18 21:55:56 <admin-users.php> [info] Process Submit - register-user
May 18 21:55:56 <admin-users.php> [info] User successfully registered.
May 18 21:55:56 <admin-website.php> [info] Page Loaded!
May 18 21:55:57 <admin-website.php> [info] Loading Page...
May 18 21:55:57 <admin-website.php> [info] Page Loaded!
May 18 21:56:11 <admin-website.php> [info] Loading Page...
May 18 21:56:11 <admin-patients.php> [info] Process Submit - register-patient
May 18 21:56:11 <admin-patients.php> [info] Patient successfully registered.
May 18 21:56:11 <admin-website.php> [info] Page Loaded!
May 18 21:56:27 <admin-website.php> [info] Loading Page...
May 18 21:56:27 <admin-patients.php> [info] Process Submit - register-patient
May 18 21:56:27 <admin-patients.php> [info] Patient successfully registered.
May 18 21:56:27 <admin-website.php> [info] Page Loaded!
May 18 21:56:29 <admin-website.php> [info] Loading Page...
May 18 21:56:29 <admin-website.php> [info] Page Loaded!
May 18 21:56:47 <admin-website.php> [info] Loading Page...
May 18 21:56:47 <admin-tests.php> [info] Process Submit - save-health
May 18 21:56:47 <admin-tests.php> [info] Health values successfully saved.
May 18 21:56:47 <admin-website.php> [info] Page Loaded!
May 18 21:56:58 <admin-website.php> [info] Loading Page...
May 18 21:56:58 <admin-tests.php> [info] Process Submit - save-health
May 18 21:56:58 <admin-tests.php> [info] Health values successfully saved.
May 18 21:56:58 <admin-website.php> [info] Page Loaded!
