Apr 22 19:40:16 <admin-website.php> [error] Session ended!
Apr 22 19:40:16 <admin-website.php> [info] Loading Page...
Apr 22 19:40:16 <admin-website.php> [info] Page Loaded!
Apr 22 19:40:16 <admin-login.php> [info] Loading Page...
Apr 22 19:40:16 <admin-login.php> [info] Page Loaded!
Apr 22 19:40:18 <admin-login.php> [info] Loading Page...
Apr 22 19:40:18 <admin-login.php> [info] Process Submit - admin-login
Apr 22 19:40:18 <admin-login.php> [info] Page Loaded!
Apr 22 19:40:18 <admin-website.php> [info] Loading Page...
Apr 22 19:40:18 <admin-website.php> [info] Page Loaded!
Apr 22 19:40:20 <admin-website.php> [info] Loading Page...
Apr 22 19:40:20 <admin-website.php> [info] Page Loaded!
Apr 22 19:40:25 <admin-website.php> [info] Loading Page...
Apr 22 19:40:25 <admin-website.php> [info] Page Loaded!
Apr 22 19:40:29 <admin-website.php> [info] Loading Page...
Apr 22 19:40:29 <admin-website.php> [info] Page Loaded!
Apr 22 19:41:28 <admin-website.php> [info] Loading Page...
Apr 22 19:41:28 <admin-website.php> [info] Page Loaded!
Apr 22 19:50:30 <admin-website.php> [info] Loading Page...
Apr 22 19:50:30 <admin-tests.php> [info] Process Submit - save-health
Apr 22 19:50:30 <admin-tests.php> [info] Health values successfully saved.
Apr 22 19:50:30 <admin-website.php> [info] Page Loaded!
Apr 22 19:58:12 <admin-website.php> [info] Loading Page...
Apr 22 19:58:12 <admin-tests.php> [info] Process Submit - save-health
Apr 22 19:58:12 <admin-tests.php> [info] Health values successfully saved.
Apr 22 19:58:12 <admin-website.php> [info] Page Loaded!
Apr 22 20:02:50 <admin-website.php> [info] Loading Page...
Apr 22 20:02:50 <admin-website.php> [info] Page Loaded!
Apr 22 20:02:52 <admin-website.php> [info] Loading Page...
Apr 22 20:02:52 <admin-website.php> [info] Page Loaded!
Apr 22 20:02:53 <admin-website.php> [info] Loading Page...
Apr 22 20:02:53 <admin-website.php> [info] Page Loaded!
Apr 22 20:03:07 <admin-website.php> [info] Loading Page...
Apr 22 20:03:07 <admin-website.php> [info] Page Loaded!
Apr 22 20:03:09 <admin-website.php> [info] Loading Page...
Apr 22 20:03:09 <admin-website.php> [info] Page Loaded!
Apr 22 20:03:32 <admin-website.php> [info] Loading Page...
Apr 22 20:03:32 <admin-website.php> [info] Page Loaded!
Apr 22 20:03:35 <admin-website.php> [info] Loading Page...
Apr 22 20:03:35 <admin-website.php> [info] Page Loaded!
Apr 22 20:03:36 <admin-website.php> [info] Loading Page...
Apr 22 20:03:36 <admin-website.php> [info] Page Loaded!
Apr 22 20:03:42 <admin-website.php> [info] Loading Page...
Apr 22 20:03:42 <admin-website.php> [info] Page Loaded!
Apr 22 20:04:08 <admin-website.php> [info] Loading Page...
Apr 22 20:04:08 <admin-website.php> [info] Page Loaded!
Apr 22 20:04:22 <admin-website.php> [info] Loading Page...
Apr 22 20:04:22 <admin-website.php> [info] Page Loaded!
Apr 22 20:04:23 <admin-website.php> [info] Loading Page...
Apr 22 20:04:23 <admin-website.php> [info] Page Loaded!
Apr 22 20:04:25 <admin-website.php> [info] Loading Page...
Apr 22 20:04:25 <admin-website.php> [info] Page Loaded!
Apr 22 20:04:26 <admin-website.php> [info] Loading Page...
Apr 22 20:04:26 <admin-website.php> [info] Page Loaded!
Apr 22 20:04:38 <admin-website.php> [info] Loading Page...
Apr 22 20:04:38 <admin-website.php> [info] Page Loaded!
Apr 22 20:04:40 <admin-website.php> [info] Loading Page...
Apr 22 20:04:40 <admin-website.php> [info] Page Loaded!
Apr 22 20:04:44 <admin-website.php> [error] Session ended!
Apr 22 20:04:44 <admin-website.php> [info] Loading Page...
Apr 22 20:04:44 <admin-boards.php> [info] Process Submit - logout
Apr 22 20:04:44 <admin-website.php> [info] Page Loaded!
Apr 22 20:04:44 <admin-login.php> [info] Loading Page...
Apr 22 20:04:44 <admin-login.php> [info] Page Loaded!
Apr 22 20:10:27 <admin-login.php> [info] Loading Page...
Apr 22 20:10:27 <admin-login.php> [info] Process Submit - admin-login
Apr 22 20:10:27 <admin-login.php> [info] Page Loaded!
Apr 22 20:10:27 <admin-website.php> [info] Loading Page...
Apr 22 20:10:27 <admin-website.php> [info] Page Loaded!
Apr 22 20:10:29 <admin-website.php> [info] Loading Page...
Apr 22 20:10:29 <admin-website.php> [info] Page Loaded!
Apr 22 20:10:31 <admin-website.php> [info] Loading Page...
Apr 22 20:10:31 <admin-website.php> [info] Page Loaded!
Apr 22 20:10:33 <admin-website.php> [info] Loading Page...
Apr 22 20:10:33 <admin-website.php> [info] Page Loaded!
Apr 22 20:10:33 <admin-website.php> [info] Loading Page...
Apr 22 20:10:33 <admin-website.php> [info] Page Loaded!
Apr 22 20:10:36 <admin-website.php> [info] Loading Page...
Apr 22 20:10:36 <admin-website.php> [info] Page Loaded!
Apr 22 20:10:38 <admin-website.php> [info] Loading Page...
Apr 22 20:10:38 <admin-website.php> [info] Page Loaded!
Apr 22 20:10:40 <admin-website.php> [info] Loading Page...
Apr 22 20:10:40 <admin-website.php> [info] Page Loaded!
